* EvoSuite 1.0.6
* Going to generate test cases for class: com.google.javascript.jscomp.type.ChainableReverseAbstractInterpreter
* Starting client
* Connecting to master process on port 18539
* Analyzing classpath: 
  - /tmp/run_evosuite.pl_27708_1545808770/build/classes
  - /tmp/run_evosuite.pl_27708_1545808770/lib/args4j.jar
  - /tmp/run_evosuite.pl_27708_1545808770/lib/guava.jar
  - /tmp/run_evosuite.pl_27708_1545808770/lib/json.jar
  - /tmp/run_evosuite.pl_27708_1545808770/lib/jsr305.jar
  - /tmp/run_evosuite.pl_27708_1545808770/lib/protobuf-java.jar
  - /tmp/run_evosuite.pl_27708_1545808770/build/lib/rhino.jar
  - /tmp/run_evosuite.pl_27708_1545808770/lib/ant.jar
* Finished analyzing classpath
* Generating tests for class com.google.javascript.jscomp.type.ChainableReverseAbstractInterpreter
* Test criterion:
  - Branch Coverage
* Setting up search algorithm for whole suite generation
* Total number of test goals: 162
* Using seed 2000
* Starting evolution
[MASTER] 23:20:10.438 [logback-1] WARN  TestChromosome - Functional mock problem: org.evosuite.ga.ConstructionFailedException: Have no generator for class com.google.javascript.rhino.jstype.UnionType canUseFunctionalMocks=false, canBeMocked: true
[MASTER] 23:20:12.489 [logback-1] WARN  TestChromosome - Functional mock problem: org.evosuite.ga.ConstructionFailedException: Failed to add constructor for java.util.LinkedList due to org.evosuite.ga.ConstructionFailedException: Max recursion depth reached
[MASTER] 23:20:24.126 [logback-1] WARN  TestChromosome - Functional mock problem: org.evosuite.ga.ConstructionFailedException: Failed to add constructor for java.util.LinkedHashSet due to org.evosuite.ga.ConstructionFailedException: Max recursion depth reached
[MASTER] 23:21:20.875 [logback-2] ERROR FunctionalMockStatement - Cannot use Mockito on class com.google.javascript.rhino.jstype.TemplateType due to IAE: tried to access class com.google.javascript.rhino.jstype.ProxyObjectType from class com.google.javascript.rhino.jstype.TemplateType$MockitoMock$1427916523
* Search finished after 101s and 983 generations, 456277 statements, best individual has fitness: 48.49999996354662
* Minimizing test suite
* Going to analyze the coverage criteria
* Coverage analysis for criterion BRANCH
* Coverage of criterion BRANCH: 66%
* Total number of goals: 162
* Number of covered goals: 107
* Generated 48 tests with total length 360
* Resulting test suite's coverage: 66%
* Generating assertions
* Resulting test suite's mutation score: 17%
* Writing JUnit test case 'ChainableReverseAbstractInterpreter_ESTest' to evosuite-branch
* Done!

* Computation finished
