* EvoSuite 1.0.6
* Going to generate test cases for class: com.google.javascript.jscomp.TypeCheck
* Starting client
* Connecting to master process on port 18557
* Analyzing classpath: 
  - /tmp/run_evosuite.pl_46986_1546751844/build/classes
  - /tmp/run_evosuite.pl_46986_1546751844/lib/args4j.jar
  - /tmp/run_evosuite.pl_46986_1546751844/lib/guava.jar
  - /tmp/run_evosuite.pl_46986_1546751844/lib/json.jar
  - /tmp/run_evosuite.pl_46986_1546751844/lib/jsr305.jar
  - /tmp/run_evosuite.pl_46986_1546751844/lib/protobuf-java.jar
  - /tmp/run_evosuite.pl_46986_1546751844/build/lib/rhino.jar
  - /tmp/run_evosuite.pl_46986_1546751844/lib/ant.jar
* Finished analyzing classpath
* Generating tests for class com.google.javascript.jscomp.TypeCheck
* Test criterion:
  - Branch Coverage
* Setting up search algorithm for whole suite generation
* Total number of test goals: 1022
* Using seed 5000
* Starting evolution
[MASTER] 21:18:23.133 [logback-1] WARN  TestChromosome - Functional mock problem: org.evosuite.ga.ConstructionFailedException: Max recursion depth reached
[MASTER] 21:18:23.153 [logback-1] WARN  TestChromosome - Functional mock problem: org.evosuite.ga.ConstructionFailedException: Have no generator for class com.google.javascript.rhino.jstype.UnionType canUseFunctionalMocks=false, canBeMocked: true
* Search finished after 101s and 254 generations, 123994 statements, best individual has fitness: 592.957830871575
* Minimizing test suite
* Going to analyze the coverage criteria
* Coverage analysis for criterion BRANCH
* Coverage of criterion BRANCH: 37%
* Total number of goals: 1022
* Number of covered goals: 383
* Generated 56 tests with total length 509
* Resulting test suite's coverage: 37%
* Generating assertions
* Resulting test suite's mutation score: 8%
* Permissions denied during test execution: 
  - java.lang.RuntimePermission: 
         writeFileDescriptor: 10
* Writing JUnit test case 'TypeCheck_ESTest' to evosuite-branch
* Done!

* Computation finished
