* EvoSuite 1.0.6
* Going to generate test cases for class: com.google.javascript.rhino.jstype.JSType
* Starting client
* Connecting to master process on port 18557
* Analyzing classpath: 
  - /tmp/run_evosuite.pl_223400_1546768561/build/classes
  - /tmp/run_evosuite.pl_223400_1546768561/lib/args4j.jar
  - /tmp/run_evosuite.pl_223400_1546768561/lib/guava.jar
  - /tmp/run_evosuite.pl_223400_1546768561/lib/jsr305.jar
  - /tmp/run_evosuite.pl_223400_1546768561/lib/libtrunk_rhino_parser_jarjared.jar
  - /tmp/run_evosuite.pl_223400_1546768561/lib/protobuf-java.jar
  - /tmp/run_evosuite.pl_223400_1546768561/lib/ant.jar
* Finished analyzing classpath
* Generating tests for class com.google.javascript.rhino.jstype.JSType
* Test criterion:
  - Branch Coverage
* Setting up search algorithm for whole suite generation
* Total number of test goals: 230
* Using seed 5000
* Starting evolution
[MASTER] 01:56:14.227 [logback-1] WARN  TestChromosome - Functional mock problem: org.evosuite.ga.ConstructionFailedException: Failed to add constructor for com.google.javascript.rhino.jstype.FunctionPrototypeType due to org.evosuite.ga.ConstructionFailedException: Max recursion depth reached
[MASTER] 01:56:14.239 [logback-1] WARN  TestChromosome - Functional mock problem: org.evosuite.ga.ConstructionFailedException: Have no generator for class com.google.javascript.rhino.jstype.NamedType canUseFunctionalMocks=true, canBeMocked: false
* Search finished after 101s and 1032 generations, 440477 statements, best individual has fitness: 4.5
* Minimizing test suite
* Going to analyze the coverage criteria
* Coverage analysis for criterion BRANCH
* Coverage of criterion BRANCH: 97%
* Total number of goals: 230
* Number of covered goals: 222
* Generated 90 tests with total length 467
* Resulting test suite's coverage: 97%
* Generating assertions
* Resulting test suite's mutation score: 61%
* Writing JUnit test case 'JSType_ESTest' to evosuite-branch
* Done!

* Computation finished
