* EvoSuite 1.0.6
* Going to generate test cases for class: com.google.javascript.rhino.jstype.NamedType
* Starting client
* Connecting to master process on port 18557
* Analyzing classpath: 
  - /tmp/run_evosuite.pl_229910_1546750968/build/classes
  - /tmp/run_evosuite.pl_229910_1546750968/lib/args4j.jar
  - /tmp/run_evosuite.pl_229910_1546750968/lib/guava.jar
  - /tmp/run_evosuite.pl_229910_1546750968/lib/json.jar
  - /tmp/run_evosuite.pl_229910_1546750968/lib/jsr305.jar
  - /tmp/run_evosuite.pl_229910_1546750968/lib/protobuf-java.jar
  - /tmp/run_evosuite.pl_229910_1546750968/build/lib/rhino.jar
  - /tmp/run_evosuite.pl_229910_1546750968/lib/ant.jar
* Finished analyzing classpath
* Generating tests for class com.google.javascript.rhino.jstype.NamedType
* Test criterion:
  - Branch Coverage
* Setting up search algorithm for whole suite generation
* Total number of test goals: 96
* Using seed 5000
* Starting evolution
[MASTER] 21:03:04.339 [logback-2] ERROR TestCluster - Failed to check cache for java.util.function.Function<T, R> : Type points to itself
[MASTER] 21:03:30.841 [logback-1] WARN  TestChromosome - Functional mock problem: org.evosuite.ga.ConstructionFailedException: Failed to add constructor for com.google.javascript.rhino.jstype.RecordTypeBuilder$RecordProperty due to org.evosuite.ga.ConstructionFailedException: Have no generator for class com.google.javascript.rhino.jstype.RecordTypeBuilder$RecordProperty canUseFunctionalMocks=false, canBeMocked: false
[MASTER] 21:03:31.076 [logback-1] WARN  TestChromosome - Functional mock problem: org.evosuite.ga.ConstructionFailedException: Failed to add constructor for com.google.javascript.rhino.jstype.RecordTypeBuilder$RecordProperty due to org.evosuite.ga.ConstructionFailedException: Failed to add constructor for com.google.javascript.rhino.jstype.UnionType due to org.evosuite.ga.ConstructionFailedException: Failed to add constructor for com.google.javascript.rhino.jstype.JSTypeRegistry due to org.evosuite.ga.ConstructionFailedException: Max recursion depth reached
[MASTER] 21:04:34.982 [logback-1] WARN  TestChromosome - Functional mock problem: org.evosuite.ga.ConstructionFailedException: Failed to add constructor for com.google.javascript.rhino.jstype.RecordTypeBuilder$RecordProperty due to org.evosuite.ga.ConstructionFailedException: Failed to add constructor for com.google.javascript.rhino.jstype.FunctionType due to org.evosuite.ga.ConstructionFailedException: Failed to add constructor for com.google.javascript.rhino.jstype.InstanceObjectType due to org.evosuite.ga.ConstructionFailedException: Max recursion depth reached
* Search finished after 101s and 969 generations, 475993 statements, best individual has fitness: 18.0
* Minimizing test suite
* Going to analyze the coverage criteria
* Coverage analysis for criterion BRANCH
* Coverage of criterion BRANCH: 74%
* Total number of goals: 96
* Number of covered goals: 71
* Generated 18 tests with total length 109
* Resulting test suite's coverage: 74%
* Generating assertions
* Resulting test suite's mutation score: 33%
* Writing JUnit test case 'NamedType_ESTest' to evosuite-branch
* Done!

* Computation finished
