* EvoSuite 1.0.6
* Going to generate test cases for class: com.google.javascript.jscomp.Compiler
* Starting client
* Connecting to master process on port 18539
* Analyzing classpath: 
  - /tmp/run_evosuite.pl_162824_1545814097/build/classes
  - /tmp/run_evosuite.pl_162824_1545814097/lib/args4j.jar
  - /tmp/run_evosuite.pl_162824_1545814097/lib/guava.jar
  - /tmp/run_evosuite.pl_162824_1545814097/lib/json.jar
  - /tmp/run_evosuite.pl_162824_1545814097/lib/jsr305.jar
  - /tmp/run_evosuite.pl_162824_1545814097/lib/protobuf-java.jar
  - /tmp/run_evosuite.pl_162824_1545814097/build/lib/rhino.jar
  - /tmp/run_evosuite.pl_162824_1545814097/lib/ant.jar
* Finished analyzing classpath
* Generating tests for class com.google.javascript.jscomp.Compiler
* Test criterion:
  - Branch Coverage
* Setting up search algorithm for whole suite generation
* Total number of test goals: 467
* Using seed 2000
* Starting evolution
[MASTER] 00:48:31.005 [logback-2] ERROR TestCluster - Failed to check cache for com.google.javascript.jscomp.DisambiguateProperties<T> : Type points to itself
[MASTER] 00:48:36.435 [logback-2] ERROR TestCluster - Failed to check cache for java.util.Enumeration<E> : Type points to itself
[MASTER] 00:48:36.674 [logback-1] WARN  TestChromosome - Functional mock problem: org.evosuite.ga.ConstructionFailedException: Failed to add constructor for com.google.javascript.jscomp.CreateSyntheticBlocks due to org.evosuite.ga.ConstructionFailedException: Failed to add constructor for com.google.javascript.jscomp.NodeTraversal due to org.evosuite.ga.ConstructionFailedException: Failed to add constructor for com.google.javascript.jscomp.Compiler due to org.evosuite.ga.ConstructionFailedException: Failed to add constructor for com.google.javascript.jscomp.PrintStreamErrorManager due to org.evosuite.ga.ConstructionFailedException: Failed to add constructor for com.google.javascript.jscomp.VerboseMessageFormatter due to org.evosuite.ga.ConstructionFailedException: Max recursion depth reached
[MASTER] 00:49:25.942 [logback-1] WARN  TestChromosome - Functional mock problem: org.evosuite.ga.ConstructionFailedException: Have no generator for class com.google.javascript.jscomp.Denormalize canUseFunctionalMocks=true, canBeMocked: false
[MASTER] 00:49:39.692 [logback-1] WARN  TestChromosome - Functional mock problem: org.evosuite.ga.ConstructionFailedException: Failed to add constructor for com.google.javascript.jscomp.Denormalize due to org.evosuite.ga.ConstructionFailedException: Failed to add constructor for com.google.javascript.jscomp.Compiler due to org.evosuite.ga.ConstructionFailedException: Failed to add constructor for org.evosuite.runtime.mock.java.io.MockPrintStream due to org.evosuite.ga.ConstructionFailedException: Failed to add constructor for org.evosuite.runtime.mock.java.io.MockPrintStream due to org.evosuite.ga.ConstructionFailedException: Failed to add constructor for org.evosuite.runtime.mock.java.io.MockFileOutputStream due to org.evosuite.ga.ConstructionFailedException: Max recursion depth reached
[MASTER] 00:49:43.204 [logback-1] WARN  TestChromosome - Functional mock problem: org.evosuite.ga.ConstructionFailedException: Failed to add constructor for com.google.javascript.jscomp.Denormalize due to org.evosuite.ga.ConstructionFailedException: Failed to add constructor for com.google.javascript.jscomp.NodeTraversal due to org.evosuite.ga.ConstructionFailedException: Failed to add constructor for com.google.javascript.jscomp.TypeCheck due to org.evosuite.ga.ConstructionFailedException: Failed to add constructor for com.google.javascript.jscomp.ClosureReverseAbstractInterpreter due to org.evosuite.ga.ConstructionFailedException: Failed to add constructor for com.google.javascript.rhino.jstype.JSTypeRegistry due to org.evosuite.ga.ConstructionFailedException: Max recursion depth reached
* Search finished after 102s and 161 generations, 69995 statements, best individual has fitness: 169.499999999492
* Minimizing test suite
* Going to analyze the coverage criteria
* Coverage analysis for criterion BRANCH
* Coverage of criterion BRANCH: 59%
* Total number of goals: 467
* Number of covered goals: 274
* Generated 90 tests with total length 319
* Resulting test suite's coverage: 59%
* Generating assertions
* Resulting test suite's mutation score: 20%
* Permissions denied during test execution: 
  - java.lang.RuntimePermission: 
         writeFileDescriptor: 14
* Writing JUnit test case 'Compiler_ESTest' to evosuite-branch
* Done!

* Computation finished
