* EvoSuite 1.0.6
* Going to generate test cases for class: com.google.javascript.jscomp.type.ChainableReverseAbstractInterpreter
* Starting client
* Connecting to master process on port 2830
* Analyzing classpath: 
  - /tmp/run_evosuite.pl_18397_1546603089/build/classes
  - /tmp/run_evosuite.pl_18397_1546603089/lib/args4j.jar
  - /tmp/run_evosuite.pl_18397_1546603089/lib/guava.jar
  - /tmp/run_evosuite.pl_18397_1546603089/lib/json.jar
  - /tmp/run_evosuite.pl_18397_1546603089/lib/jsr305.jar
  - /tmp/run_evosuite.pl_18397_1546603089/lib/protobuf-java.jar
  - /tmp/run_evosuite.pl_18397_1546603089/build/lib/rhino.jar
  - /tmp/run_evosuite.pl_18397_1546603089/lib/ant.jar
* Finished analyzing classpath
* Generating tests for class com.google.javascript.jscomp.type.ChainableReverseAbstractInterpreter
* Test criterion:
  - Branch Coverage
* Setting up search algorithm for whole suite generation
* Total number of test goals: 162
* Using seed 3000
* Starting evolution
[MASTER] 03:58:25.651 [logback-1] WARN  TestChromosome - Functional mock problem: org.evosuite.ga.ConstructionFailedException: Have no generator for class com.google.javascript.rhino.jstype.UnionType canUseFunctionalMocks=false, canBeMocked: true
[MASTER] 03:58:25.657 [logback-1] WARN  TestChromosome - Functional mock problem: org.evosuite.ga.ConstructionFailedException: Failed to add constructor for com.google.javascript.rhino.Node due to org.evosuite.ga.ConstructionFailedException: Max recursion depth reached
[MASTER] 03:58:25.938 [logback-2] ERROR FunctionalMockStatement - Cannot use Mockito on class com.google.javascript.rhino.jstype.NoObjectType due to IAE: tried to access class com.google.javascript.rhino.jstype.PrototypeObjectType from class com.google.javascript.rhino.jstype.NoObjectType$MockitoMock$20299936
[MASTER] 03:58:25.963 [logback-1] WARN  TestChromosome - Functional mock problem: org.evosuite.ga.ConstructionFailedException: Max recursion depth reached
[MASTER] 03:58:26.228 [logback-1] WARN  TestChromosome - Functional mock problem: org.evosuite.ga.ConstructionFailedException: Failed to add constructor for com.google.javascript.rhino.Node due to org.evosuite.ga.ConstructionFailedException: Failed to add constructor for com.google.javascript.rhino.Node due to org.evosuite.ga.ConstructionFailedException: Max recursion depth reached
[MASTER] 03:58:26.486 [logback-2] ERROR FunctionalMockStatement - Cannot use Mockito on class com.google.javascript.rhino.jstype.NumberType due to IAE: tried to access class com.google.javascript.rhino.jstype.ValueType from class com.google.javascript.rhino.jstype.NumberType$MockitoMock$1793306788
[MASTER] 03:58:26.879 [logback-2] ERROR FunctionalMockStatement - Cannot use Mockito on class com.google.javascript.rhino.jstype.ParameterizedType due to IAE: tried to access class com.google.javascript.rhino.jstype.ProxyObjectType from class com.google.javascript.rhino.jstype.ParameterizedType$MockitoMock$1043826331
[MASTER] 03:58:27.070 [logback-2] ERROR FunctionalMockStatement - Cannot use Mockito on class com.google.javascript.rhino.jstype.ParameterizedType due to failed class initialization: Could not initialize class com.google.javascript.rhino.jstype.ParameterizedType$MockitoMock$1043826331
[MASTER] 03:58:27.086 [logback-1] WARN  TestChromosome - Functional mock problem: org.evosuite.ga.ConstructionFailedException: Have no generator for class com.google.javascript.rhino.jstype.EnumElementType canUseFunctionalMocks=false, canBeMocked: true
[MASTER] 03:59:17.631 [logback-2] ERROR FunctionalMockStatement - Cannot use Mockito on class com.google.javascript.rhino.jstype.NullType due to IAE: tried to access class com.google.javascript.rhino.jstype.ValueType from class com.google.javascript.rhino.jstype.NullType$MockitoMock$1363435222
[MASTER] 03:59:49.926 [logback-2] ERROR FunctionalMockStatement - Cannot use Mockito on class com.google.javascript.rhino.jstype.BooleanType due to IAE: tried to access class com.google.javascript.rhino.jstype.ValueType from class com.google.javascript.rhino.jstype.BooleanType$MockitoMock$401869696
[MASTER] 03:59:53.432 [logback-2] ERROR FunctionalMockStatement - Cannot use Mockito on class com.google.javascript.rhino.jstype.TemplateType due to IAE: tried to access class com.google.javascript.rhino.jstype.ProxyObjectType from class com.google.javascript.rhino.jstype.TemplateType$MockitoMock$1721571207
[MASTER] 03:59:54.345 [logback-2] ERROR FunctionalMockStatement - Cannot use Mockito on class com.google.javascript.rhino.jstype.StringType due to IAE: tried to access class com.google.javascript.rhino.jstype.ValueType from class com.google.javascript.rhino.jstype.StringType$MockitoMock$1722599252
[MASTER] 04:00:02.262 [logback-2] ERROR FunctionalMockStatement - Cannot use Mockito on class com.google.javascript.rhino.jstype.NoType due to IAE: tried to access class com.google.javascript.rhino.jstype.PrototypeObjectType from class com.google.javascript.rhino.jstype.NoType$MockitoMock$1865111327
* Search finished after 101s and 981 generations, 424746 statements, best individual has fitness: 61.999999961530264
* Minimizing test suite
* Going to analyze the coverage criteria
* Coverage analysis for criterion BRANCH
* Coverage of criterion BRANCH: 58%
* Total number of goals: 162
* Number of covered goals: 94
* Generated 55 tests with total length 394
* Resulting test suite's coverage: 60%
* Generating assertions
* Resulting test suite's mutation score: 8%
* Writing JUnit test case 'ChainableReverseAbstractInterpreter_ESTest' to evosuite-branch
* Done!

* Computation finished
