* EvoSuite 1.0.6
* Going to generate test cases for class: com.google.javascript.jscomp.Compiler
* Starting client
* Connecting to master process on port 2830
* Analyzing classpath: 
  - /tmp/run_evosuite.pl_22009_1546604519/build/classes
  - /tmp/run_evosuite.pl_22009_1546604519/lib/args4j.jar
  - /tmp/run_evosuite.pl_22009_1546604519/lib/guava.jar
  - /tmp/run_evosuite.pl_22009_1546604519/lib/json.jar
  - /tmp/run_evosuite.pl_22009_1546604519/lib/jsr305.jar
  - /tmp/run_evosuite.pl_22009_1546604519/lib/protobuf-java.jar
  - /tmp/run_evosuite.pl_22009_1546604519/build/lib/rhino.jar
  - /tmp/run_evosuite.pl_22009_1546604519/lib/ant.jar
* Finished analyzing classpath
* Generating tests for class com.google.javascript.jscomp.Compiler
* Test criterion:
  - Branch Coverage
* Setting up search algorithm for whole suite generation
* Total number of test goals: 565
* Using seed 3000
* Starting evolution
[MASTER] 04:22:12.945 [logback-2] ERROR TestCluster - Failed to check cache for com.google.javascript.jscomp.DisambiguateProperties<T> : Type points to itself
[MASTER] 04:22:16.694 [logback-2] ERROR TestCluster - Failed to check cache for java.util.Enumeration<E> : Type points to itself
[MASTER] 04:22:17.854 [logback-1] WARN  TestChromosome - Functional mock problem: org.evosuite.ga.ConstructionFailedException: Failed to add constructor for com.google.javascript.jscomp.IgnoreCajaProperties due to org.evosuite.ga.ConstructionFailedException: Failed to add constructor for com.google.javascript.jscomp.Compiler due to org.evosuite.ga.ConstructionFailedException: Failed to add constructor for com.google.javascript.jscomp.PrintStreamErrorManager due to org.evosuite.ga.ConstructionFailedException: Failed to add constructor for com.google.javascript.jscomp.VerboseMessageFormatter due to org.evosuite.ga.ConstructionFailedException: Failed to add constructor for com.google.javascript.jscomp.Compiler due to org.evosuite.ga.ConstructionFailedException: Max recursion depth reached
[MASTER] 04:22:17.862 [logback-1] WARN  TestChromosome - Functional mock problem: org.evosuite.ga.ConstructionFailedException: Have no generator for class com.google.javascript.jscomp.IgnoreCajaProperties canUseFunctionalMocks=true, canBeMocked: false
[MASTER] 04:22:18.186 [logback-1] WARN  TestChromosome - Functional mock problem: org.evosuite.ga.ConstructionFailedException: Failed to add constructor for com.google.javascript.jscomp.IgnoreCajaProperties due to org.evosuite.ga.ConstructionFailedException: Failed to add constructor for com.google.javascript.jscomp.NodeTraversal due to org.evosuite.ga.ConstructionFailedException: Failed to add constructor for com.google.javascript.jscomp.ProcessClosurePrimitives due to org.evosuite.ga.ConstructionFailedException: Failed to add constructor for com.google.javascript.jscomp.PreprocessorSymbolTable due to org.evosuite.ga.ConstructionFailedException: Failed to add constructor for com.google.javascript.rhino.Node due to org.evosuite.ga.ConstructionFailedException: Max recursion depth reached
[MASTER] 04:22:18.302 [logback-1] WARN  TestChromosome - Functional mock problem: org.evosuite.ga.ConstructionFailedException: Failed to add constructor for com.google.javascript.jscomp.ControlStructureCheck due to org.evosuite.ga.ConstructionFailedException: Failed to add constructor for com.google.javascript.jscomp.NodeTraversal due to org.evosuite.ga.ConstructionFailedException: Failed to add constructor for com.google.javascript.jscomp.TypeCheck due to org.evosuite.ga.ConstructionFailedException: Failed to add constructor for com.google.javascript.jscomp.type.ClosureReverseAbstractInterpreter due to org.evosuite.ga.ConstructionFailedException: Failed to add constructor for com.google.javascript.rhino.jstype.JSTypeRegistry due to org.evosuite.ga.ConstructionFailedException: Max recursion depth reached
[MASTER] 04:22:18.388 [logback-1] WARN  TestChromosome - Functional mock problem: org.evosuite.ga.ConstructionFailedException: Failed to add constructor for com.google.javascript.jscomp.IgnoreCajaProperties due to org.evosuite.ga.ConstructionFailedException: Failed to add constructor for com.google.javascript.jscomp.NodeTraversal due to org.evosuite.ga.ConstructionFailedException: Failed to add constructor for com.google.javascript.jscomp.CombinedCompilerPass due to org.evosuite.ga.ConstructionFailedException: Failed to add constructor for com.google.javascript.jscomp.Compiler due to org.evosuite.ga.ConstructionFailedException: Failed to add constructor for com.google.javascript.jscomp.LoggerErrorManager due to org.evosuite.ga.ConstructionFailedException: Max recursion depth reached
[MASTER] 04:22:19.688 [logback-1] WARN  TestChromosome - Functional mock problem: org.evosuite.ga.ConstructionFailedException: Failed to add constructor for com.google.javascript.jscomp.IgnoreCajaProperties due to org.evosuite.ga.ConstructionFailedException: Failed to add constructor for com.google.javascript.jscomp.Compiler due to org.evosuite.ga.ConstructionFailedException: Failed to add constructor for com.google.javascript.jscomp.LoggerErrorManager due to org.evosuite.ga.ConstructionFailedException: Failed to add constructor for com.google.javascript.jscomp.VerboseMessageFormatter due to org.evosuite.ga.ConstructionFailedException: Failed to add constructor for com.google.javascript.jscomp.Compiler due to org.evosuite.ga.ConstructionFailedException: Max recursion depth reached
[MASTER] 04:22:19.841 [logback-1] WARN  TestChromosome - Functional mock problem: org.evosuite.ga.ConstructionFailedException: Failed to add constructor for com.google.javascript.jscomp.IgnoreCajaProperties due to org.evosuite.ga.ConstructionFailedException: Failed to add constructor for com.google.javascript.jscomp.NodeTraversal due to org.evosuite.ga.ConstructionFailedException: Failed to add constructor for com.google.javascript.jscomp.TypeCheck due to org.evosuite.ga.ConstructionFailedException: Failed to add constructor for com.google.javascript.jscomp.type.ClosureReverseAbstractInterpreter due to org.evosuite.ga.ConstructionFailedException: Failed to add constructor for com.google.javascript.rhino.jstype.JSTypeRegistry due to org.evosuite.ga.ConstructionFailedException: Max recursion depth reached
[MASTER] 04:22:26.497 [logback-1] WARN  TestChromosome - Functional mock problem: org.evosuite.ga.ConstructionFailedException: Failed to add constructor for com.google.javascript.jscomp.CheckGlobalNames due to org.evosuite.ga.ConstructionFailedException: Failed to add constructor for com.google.javascript.jscomp.Compiler due to org.evosuite.ga.ConstructionFailedException: Failed to add constructor for com.google.javascript.jscomp.LoggerErrorManager due to org.evosuite.ga.ConstructionFailedException: Failed to add constructor for com.google.javascript.jscomp.LightweightMessageFormatter due to org.evosuite.ga.ConstructionFailedException: Failed to add constructor for com.google.javascript.jscomp.Compiler due to org.evosuite.ga.ConstructionFailedException: Max recursion depth reached
[MASTER] 04:22:26.941 [logback-1] WARN  TestChromosome - Functional mock problem: org.evosuite.ga.ConstructionFailedException: Failed to add constructor for com.google.javascript.jscomp.CheckGlobalNames due to org.evosuite.ga.ConstructionFailedException: Failed to add constructor for com.google.javascript.jscomp.NodeTraversal due to org.evosuite.ga.ConstructionFailedException: Failed to add constructor for com.google.javascript.jscomp.Compiler due to org.evosuite.ga.ConstructionFailedException: Failed to add constructor for com.google.javascript.jscomp.PrintStreamErrorManager due to org.evosuite.ga.ConstructionFailedException: Max recursion depth reached
[MASTER] 04:22:27.258 [logback-1] WARN  TestChromosome - Functional mock problem: org.evosuite.ga.ConstructionFailedException: Failed to add constructor for com.google.javascript.jscomp.CheckGlobalNames due to org.evosuite.ga.ConstructionFailedException: Failed to add constructor for com.google.javascript.jscomp.NodeTraversal due to org.evosuite.ga.ConstructionFailedException: Failed to add constructor for com.google.javascript.jscomp.SyntacticScopeCreator due to org.evosuite.ga.ConstructionFailedException: Have no generator for interface com.google.javascript.jscomp.SyntacticScopeCreator$RedeclarationHandler canUseFunctionalMocks=true, canBeMocked: false
[MASTER] 04:22:29.918 [logback-1] WARN  TestChromosome - Functional mock problem: org.evosuite.ga.ConstructionFailedException: Failed to add constructor for com.google.javascript.jscomp.GlobalNamespace due to org.evosuite.ga.ConstructionFailedException: Have no generator for class com.google.javascript.jscomp.FunctionRewriter$Reducer canUseFunctionalMocks=true, canBeMocked: false
[MASTER] 04:22:46.609 [logback-1] WARN  TestChromosome - Functional mock problem: org.evosuite.ga.ConstructionFailedException: Failed to add constructor for com.google.javascript.jscomp.CheckGlobalNames due to org.evosuite.ga.ConstructionFailedException: Failed to add constructor for com.google.javascript.jscomp.NodeTraversal due to org.evosuite.ga.ConstructionFailedException: Failed to add constructor for com.google.javascript.jscomp.Compiler due to org.evosuite.ga.ConstructionFailedException: Failed to add constructor for org.evosuite.runtime.mock.java.io.MockPrintStream due to org.evosuite.ga.ConstructionFailedException: Failed to add constructor for java.io.ObjectOutputStream due to org.evosuite.ga.ConstructionFailedException: Max recursion depth reached
[MASTER] 04:22:49.198 [logback-1] WARN  TestChromosome - Functional mock problem: org.evosuite.ga.ConstructionFailedException: Failed to add constructor for com.google.javascript.jscomp.CheckGlobalNames due to org.evosuite.ga.ConstructionFailedException: Failed to add constructor for com.google.javascript.jscomp.NodeTraversal due to org.evosuite.ga.ConstructionFailedException: Failed to add constructor for com.google.javascript.jscomp.Compiler due to org.evosuite.ga.ConstructionFailedException: Failed to add constructor for org.evosuite.runtime.mock.java.io.MockPrintStream due to org.evosuite.ga.ConstructionFailedException: Max recursion depth reached
[MASTER] 04:22:50.046 [logback-1] WARN  TestChromosome - Functional mock problem: org.evosuite.ga.ConstructionFailedException: Failed to add constructor for com.google.javascript.jscomp.CheckGlobalNames due to org.evosuite.ga.ConstructionFailedException: Failed to add constructor for com.google.javascript.jscomp.Compiler due to org.evosuite.ga.ConstructionFailedException: Failed to add constructor for com.google.javascript.jscomp.PrintStreamErrorManager due to org.evosuite.ga.ConstructionFailedException: Failed to add constructor for org.evosuite.runtime.mock.java.io.MockPrintStream due to org.evosuite.ga.ConstructionFailedException: Failed to add constructor for org.evosuite.runtime.mock.java.io.MockPrintStream due to org.evosuite.ga.ConstructionFailedException: Max recursion depth reached
[MASTER] 04:22:50.230 [logback-1] WARN  TestChromosome - Functional mock problem: org.evosuite.ga.ConstructionFailedException: Failed to add constructor for com.google.javascript.jscomp.CheckGlobalNames due to org.evosuite.ga.ConstructionFailedException: Failed to add constructor for com.google.javascript.jscomp.NodeTraversal due to org.evosuite.ga.ConstructionFailedException: Failed to add constructor for com.google.javascript.jscomp.AnonymousFunctionNamingCallback due to org.evosuite.ga.ConstructionFailedException: Have no generator for interface com.google.javascript.jscomp.AnonymousFunctionNamingCallback$FunctionNamer canUseFunctionalMocks=true, canBeMocked: false
[MASTER] 04:23:26.344 [logback-1] WARN  TestChromosome - Functional mock problem: org.evosuite.ga.ConstructionFailedException: Failed to add constructor for com.google.javascript.jscomp.IgnoreCajaProperties due to org.evosuite.ga.ConstructionFailedException: Failed to add constructor for com.google.javascript.jscomp.NodeTraversal due to org.evosuite.ga.ConstructionFailedException: Failed to add constructor for com.google.javascript.jscomp.MemoizedScopeCreator due to org.evosuite.ga.ConstructionFailedException: Failed to add constructor for com.google.javascript.jscomp.TypedScopeCreator due to org.evosuite.ga.ConstructionFailedException: Failed to add constructor for com.google.javascript.jscomp.Compiler due to org.evosuite.ga.ConstructionFailedException: Max recursion depth reached
[MASTER] 04:23:49.480 [logback-1] WARN  TestChromosome - Functional mock problem: org.evosuite.ga.ConstructionFailedException: Failed to add constructor for com.google.javascript.jscomp.CheckGlobalNames due to org.evosuite.ga.ConstructionFailedException: Failed to add constructor for com.google.javascript.jscomp.Compiler due to org.evosuite.ga.ConstructionFailedException: Failed to add constructor for org.evosuite.runtime.mock.java.io.MockPrintStream due to org.evosuite.ga.ConstructionFailedException: Failed to add constructor for org.evosuite.runtime.mock.java.io.MockFile due to org.evosuite.ga.ConstructionFailedException: Max recursion depth reached
[MASTER] 04:23:50.474 [logback-1] WARN  TestChromosome - Functional mock problem: org.evosuite.ga.ConstructionFailedException: Failed to add constructor for com.google.javascript.jscomp.CheckGlobalNames due to org.evosuite.ga.ConstructionFailedException: Failed to add constructor for com.google.javascript.jscomp.Compiler due to org.evosuite.ga.ConstructionFailedException: Failed to add constructor for com.google.javascript.jscomp.PrintStreamErrorManager due to org.evosuite.ga.ConstructionFailedException: Failed to add constructor for org.evosuite.runtime.mock.java.io.MockPrintStream due to org.evosuite.ga.ConstructionFailedException: Failed to add constructor for org.evosuite.runtime.mock.java.io.MockFile due to org.evosuite.ga.ConstructionFailedException: Max recursion depth reached
* Search finished after 101s and 170 generations, 75140 statements, best individual has fitness: 223.83333333286768
* Minimizing test suite
* Going to analyze the coverage criteria
* Coverage analysis for criterion BRANCH
* Coverage of criterion BRANCH: 55%
* Total number of goals: 565
* Number of covered goals: 310
* Generated 93 tests with total length 412
* Resulting test suite's coverage: 55%
* Generating assertions
* Resulting test suite's mutation score: 18%
* Permissions denied during test execution: 
  - java.lang.RuntimePermission: 
         writeFileDescriptor: 15
  - java.net.SocketPermission: 
         resolve l[|JEiKM: 1
* Writing JUnit test case 'Compiler_ESTest' to evosuite-branch
* Done!

* Computation finished
