* EvoSuite 1.0.6
* Going to generate test cases for class: com.google.javascript.jscomp.type.ClosureReverseAbstractInterpreter
* Starting client
* Connecting to master process on port 18557
* Analyzing classpath: 
  - /tmp/run_evosuite.pl_233382_1546772526/build/classes
  - /tmp/run_evosuite.pl_233382_1546772526/lib/args4j.jar
  - /tmp/run_evosuite.pl_233382_1546772526/lib/guava.jar
  - /tmp/run_evosuite.pl_233382_1546772526/lib/json.jar
  - /tmp/run_evosuite.pl_233382_1546772526/lib/jsr305.jar
  - /tmp/run_evosuite.pl_233382_1546772526/lib/protobuf-java.jar
  - /tmp/run_evosuite.pl_233382_1546772526/build/lib/rhino.jar
  - /tmp/run_evosuite.pl_233382_1546772526/lib/ant.jar
* Finished analyzing classpath
* Generating tests for class com.google.javascript.jscomp.type.ClosureReverseAbstractInterpreter
* Test criterion:
  - Branch Coverage
* Setting up search algorithm for whole suite generation
* Total number of test goals: 72
* Using seed 5000
* Starting evolution
[MASTER] 03:02:22.187 [logback-2] ERROR FunctionalMockStatement - Cannot use Mockito on class com.google.javascript.rhino.jstype.NoType due to IAE: tried to access class com.google.javascript.rhino.jstype.PrototypeObjectType from class com.google.javascript.rhino.jstype.NoType$MockitoMock$1737551498
[MASTER] 03:02:22.283 [logback-2] ERROR FunctionalMockStatement - Cannot use Mockito on class com.google.javascript.rhino.jstype.NumberType due to IAE: tried to access class com.google.javascript.rhino.jstype.ValueType from class com.google.javascript.rhino.jstype.NumberType$MockitoMock$1269377295
[MASTER] 03:02:32.061 [logback-2] ERROR FunctionalMockStatement - Cannot use Mockito on class com.google.javascript.rhino.jstype.BooleanType due to IAE: tried to access class com.google.javascript.rhino.jstype.ValueType from class com.google.javascript.rhino.jstype.BooleanType$MockitoMock$916992163
[MASTER] 03:02:34.137 [logback-2] ERROR FunctionalMockStatement - Cannot use Mockito on class com.google.javascript.rhino.jstype.NullType due to IAE: tried to access class com.google.javascript.rhino.jstype.ValueType from class com.google.javascript.rhino.jstype.NullType$MockitoMock$495171680
[MASTER] 03:02:37.594 [logback-2] ERROR FunctionalMockStatement - Cannot use Mockito on class com.google.javascript.rhino.jstype.VoidType due to IAE: tried to access class com.google.javascript.rhino.jstype.ValueType from class com.google.javascript.rhino.jstype.VoidType$MockitoMock$2079184731
[MASTER] 03:02:47.191 [logback-2] ERROR FunctionalMockStatement - Cannot use Mockito on class com.google.javascript.rhino.jstype.NumberType due to failed class initialization: Could not initialize class com.google.javascript.rhino.jstype.NumberType$MockitoMock$1269377295
[MASTER] 03:02:49.885 [logback-2] ERROR FunctionalMockStatement - Cannot use Mockito on class com.google.javascript.rhino.jstype.NoObjectType due to IAE: tried to access class com.google.javascript.rhino.jstype.PrototypeObjectType from class com.google.javascript.rhino.jstype.NoObjectType$MockitoMock$186841830
[MASTER] 03:02:52.092 [logback-2] ERROR FunctionalMockStatement - Cannot use Mockito on class com.google.javascript.rhino.jstype.BooleanType due to failed class initialization: Could not initialize class com.google.javascript.rhino.jstype.BooleanType$MockitoMock$916992163
[MASTER] 03:03:05.239 [logback-2] ERROR FunctionalMockStatement - Cannot use Mockito on class com.google.javascript.rhino.jstype.NoObjectType due to failed class initialization: Could not initialize class com.google.javascript.rhino.jstype.NoObjectType$MockitoMock$186841830
[MASTER] 03:03:09.042 [logback-2] ERROR FunctionalMockStatement - Cannot use Mockito on class com.google.javascript.rhino.jstype.NullType due to failed class initialization: Could not initialize class com.google.javascript.rhino.jstype.NullType$MockitoMock$495171680
[MASTER] 03:03:16.841 [logback-2] ERROR FunctionalMockStatement - Cannot use Mockito on class com.google.javascript.rhino.jstype.VoidType due to failed class initialization: Could not initialize class com.google.javascript.rhino.jstype.VoidType$MockitoMock$2079184731
[MASTER] 03:03:19.858 [logback-2] ERROR FunctionalMockStatement - Cannot use Mockito on class com.google.javascript.rhino.jstype.NoType due to failed class initialization: Could not initialize class com.google.javascript.rhino.jstype.NoType$MockitoMock$1737551498
[MASTER] 03:03:24.610 [logback-2] ERROR FunctionalMockStatement - Cannot use Mockito on class com.google.javascript.rhino.jstype.StringType due to IAE: tried to access class com.google.javascript.rhino.jstype.ValueType from class com.google.javascript.rhino.jstype.StringType$MockitoMock$1485770508
[MASTER] 03:03:39.097 [logback-1] WARN  TestChromosome - Functional mock problem: org.evosuite.ga.ConstructionFailedException: Max recursion depth reached
[MASTER] 03:03:56.989 [logback-1] WARN  TestChromosome - Functional mock problem: org.evosuite.ga.ConstructionFailedException: Have no generator for class com.google.javascript.rhino.jstype.UnionType canUseFunctionalMocks=false, canBeMocked: true
* Search finished after 101s and 1228 generations, 441643 statements, best individual has fitness: 61.5
* Minimizing test suite
* Going to analyze the coverage criteria
* Coverage analysis for criterion BRANCH
* Coverage of criterion BRANCH: 26%
* Total number of goals: 72
* Number of covered goals: 19
* Generated 3 tests with total length 22
* Resulting test suite's coverage: 26%
* Generating assertions
* Resulting test suite's mutation score: 0%
* Permissions denied during test execution: 
  - java.lang.RuntimePermission: 
         writeFileDescriptor: 3
* Writing JUnit test case 'ClosureReverseAbstractInterpreter_ESTest' to evosuite-branch
* Done!

* Computation finished
