* EvoSuite 1.0.6
* Going to generate test cases for class: com.google.javascript.jscomp.Compiler
* Starting client
* Connecting to master process on port 18539
* Analyzing classpath: 
  - /tmp/run_evosuite.pl_134211_1545810222/build/classes
  - /tmp/run_evosuite.pl_134211_1545810222/lib/args4j.jar
  - /tmp/run_evosuite.pl_134211_1545810222/lib/guava.jar
  - /tmp/run_evosuite.pl_134211_1545810222/lib/json.jar
  - /tmp/run_evosuite.pl_134211_1545810222/lib/jsr305.jar
  - /tmp/run_evosuite.pl_134211_1545810222/lib/protobuf-java.jar
  - /tmp/run_evosuite.pl_134211_1545810222/build/lib/rhino.jar
  - /tmp/run_evosuite.pl_134211_1545810222/lib/ant.jar
* Finished analyzing classpath
* Generating tests for class com.google.javascript.jscomp.Compiler
* Test criterion:
  - Branch Coverage
* Setting up search algorithm for whole suite generation
* Total number of test goals: 542
* Using seed 2000
* Starting evolution
[MASTER] 23:43:56.607 [logback-2] ERROR TestCluster - Failed to check cache for com.google.javascript.jscomp.DisambiguateProperties<T> : Type points to itself
[MASTER] 23:44:06.082 [logback-1] WARN  TestChromosome - Functional mock problem: org.evosuite.ga.ConstructionFailedException: Failed to add constructor for com.google.javascript.jscomp.Compiler due to org.evosuite.ga.ConstructionFailedException: Failed to add constructor for com.google.javascript.jscomp.LoggerErrorManager due to org.evosuite.ga.ConstructionFailedException: Failed to add constructor for com.google.javascript.jscomp.VerboseMessageFormatter due to org.evosuite.ga.ConstructionFailedException: Failed to add constructor for com.google.javascript.jscomp.Compiler due to org.evosuite.ga.ConstructionFailedException: Failed to add constructor for org.evosuite.runtime.mock.java.io.MockPrintStream due to org.evosuite.ga.ConstructionFailedException: Max recursion depth reached
[MASTER] 23:44:06.168 [logback-1] WARN  TestChromosome - Functional mock problem: org.evosuite.ga.ConstructionFailedException: Failed to add constructor for com.google.javascript.jscomp.FunctionRewriter due to org.evosuite.ga.ConstructionFailedException: Failed to add constructor for com.google.javascript.jscomp.NodeTraversal due to org.evosuite.ga.ConstructionFailedException: Failed to add constructor for com.google.javascript.jscomp.Compiler due to org.evosuite.ga.ConstructionFailedException: Failed to add constructor for com.google.javascript.jscomp.PrintStreamErrorManager due to org.evosuite.ga.ConstructionFailedException: Failed to add constructor for com.google.javascript.jscomp.VerboseMessageFormatter due to org.evosuite.ga.ConstructionFailedException: Max recursion depth reached
[MASTER] 23:44:07.138 [logback-1] WARN  TestChromosome - Functional mock problem: org.evosuite.ga.ConstructionFailedException: Failed to add constructor for com.google.javascript.jscomp.PrepareAst due to org.evosuite.ga.ConstructionFailedException: Failed to add constructor for com.google.javascript.jscomp.NodeTraversal due to org.evosuite.ga.ConstructionFailedException: Failed to add constructor for com.google.javascript.jscomp.StrictModeCheck due to org.evosuite.ga.ConstructionFailedException: Failed to add constructor for com.google.javascript.jscomp.Compiler due to org.evosuite.ga.ConstructionFailedException: Failed to add constructor for com.google.javascript.jscomp.LoggerErrorManager due to org.evosuite.ga.ConstructionFailedException: Max recursion depth reached
[MASTER] 23:44:08.552 [logback-1] WARN  TestChromosome - Functional mock problem: org.evosuite.ga.ConstructionFailedException: Failed to add constructor for com.google.javascript.jscomp.RenameLabels due to org.evosuite.ga.ConstructionFailedException: Failed to add constructor for com.google.javascript.jscomp.NodeTraversal due to org.evosuite.ga.ConstructionFailedException: Failed to add constructor for com.google.javascript.jscomp.SyntacticScopeCreator due to org.evosuite.ga.ConstructionFailedException: Have no generator for interface com.google.javascript.jscomp.SyntacticScopeCreator$RedeclarationHandler canUseFunctionalMocks=true, canBeMocked: false
[MASTER] 23:44:09.081 [logback-1] WARN  TestChromosome - Functional mock problem: org.evosuite.ga.ConstructionFailedException: Failed to add constructor for com.google.javascript.jscomp.NameReferenceGraphConstruction due to org.evosuite.ga.ConstructionFailedException: Failed to add constructor for com.google.javascript.jscomp.NodeTraversal due to org.evosuite.ga.ConstructionFailedException: Failed to add constructor for com.google.javascript.jscomp.Compiler due to org.evosuite.ga.ConstructionFailedException: Failed to add constructor for com.google.javascript.jscomp.LoggerErrorManager due to org.evosuite.ga.ConstructionFailedException: Failed to add constructor for com.google.javascript.jscomp.VerboseMessageFormatter due to org.evosuite.ga.ConstructionFailedException: Max recursion depth reached
[MASTER] 23:44:11.137 [logback-1] WARN  TestChromosome - Functional mock problem: org.evosuite.ga.ConstructionFailedException: Failed to add constructor for com.google.javascript.jscomp.PrepareAst due to org.evosuite.ga.ConstructionFailedException: Failed to add constructor for com.google.javascript.jscomp.NodeTraversal due to org.evosuite.ga.ConstructionFailedException: Failed to add constructor for com.google.javascript.jscomp.ReplaceStrings due to org.evosuite.ga.ConstructionFailedException: Max recursion depth reached
[MASTER] 23:44:12.034 [logback-1] WARN  TestChromosome - Functional mock problem: org.evosuite.ga.ConstructionFailedException: Failed to add constructor for com.google.javascript.jscomp.PrepareAst due to org.evosuite.ga.ConstructionFailedException: Failed to add constructor for com.google.javascript.jscomp.NodeTraversal due to org.evosuite.ga.ConstructionFailedException: Failed to add constructor for com.google.javascript.jscomp.Compiler due to org.evosuite.ga.ConstructionFailedException: Failed to add constructor for com.google.javascript.jscomp.PrintStreamErrorManager due to org.evosuite.ga.ConstructionFailedException: Failed to add constructor for com.google.javascript.jscomp.VerboseMessageFormatter due to org.evosuite.ga.ConstructionFailedException: Max recursion depth reached
[MASTER] 23:44:14.032 [logback-1] WARN  TestChromosome - Functional mock problem: org.evosuite.ga.ConstructionFailedException: Failed to add constructor for com.google.javascript.jscomp.PrepareAst due to org.evosuite.ga.ConstructionFailedException: Failed to add constructor for com.google.javascript.jscomp.NodeTraversal due to org.evosuite.ga.ConstructionFailedException: Failed to add constructor for com.google.javascript.jscomp.ControlFlowAnalysis due to org.evosuite.ga.ConstructionFailedException: Failed to add constructor for com.google.javascript.jscomp.Compiler due to org.evosuite.ga.ConstructionFailedException: Failed to add constructor for com.google.javascript.jscomp.LoggerErrorManager due to org.evosuite.ga.ConstructionFailedException: Max recursion depth reached
[MASTER] 23:44:14.850 [logback-1] WARN  TestChromosome - Functional mock problem: org.evosuite.ga.ConstructionFailedException: Failed to add constructor for com.google.javascript.jscomp.SanityCheck due to org.evosuite.ga.ConstructionFailedException: Failed to add constructor for com.google.javascript.jscomp.NodeTraversal due to org.evosuite.ga.ConstructionFailedException: Failed to add constructor for com.google.javascript.jscomp.MemoizedScopeCreator due to org.evosuite.ga.ConstructionFailedException: Failed to add constructor for com.google.javascript.jscomp.SyntacticScopeCreator due to org.evosuite.ga.ConstructionFailedException: Have no generator for interface com.google.javascript.jscomp.SyntacticScopeCreator$RedeclarationHandler canUseFunctionalMocks=true, canBeMocked: false
[MASTER] 23:44:17.549 [logback-1] WARN  TestChromosome - Functional mock problem: org.evosuite.ga.ConstructionFailedException: Failed to add constructor for com.google.javascript.jscomp.PrepareAst due to org.evosuite.ga.ConstructionFailedException: Failed to add constructor for com.google.javascript.jscomp.NodeTraversal due to org.evosuite.ga.ConstructionFailedException: Failed to add constructor for com.google.javascript.jscomp.Compiler due to org.evosuite.ga.ConstructionFailedException: Failed to add constructor for com.google.javascript.jscomp.LoggerErrorManager due to org.evosuite.ga.ConstructionFailedException: Failed to add constructor for com.google.javascript.jscomp.LightweightMessageFormatter due to org.evosuite.ga.ConstructionFailedException: Max recursion depth reached
[MASTER] 23:44:18.253 [logback-1] WARN  TestChromosome - Functional mock problem: org.evosuite.ga.ConstructionFailedException: Failed to add constructor for com.google.javascript.jscomp.PrepareAst due to org.evosuite.ga.ConstructionFailedException: Failed to add constructor for com.google.javascript.jscomp.NodeTraversal due to org.evosuite.ga.ConstructionFailedException: Failed to add constructor for com.google.javascript.jscomp.SyntacticScopeCreator due to org.evosuite.ga.ConstructionFailedException: Have no generator for interface com.google.javascript.jscomp.SyntacticScopeCreator$RedeclarationHandler canUseFunctionalMocks=true, canBeMocked: false
[MASTER] 23:44:20.031 [logback-1] WARN  TestChromosome - Functional mock problem: org.evosuite.ga.ConstructionFailedException: Failed to add constructor for com.google.javascript.jscomp.PrepareAst due to org.evosuite.ga.ConstructionFailedException: Failed to add constructor for com.google.javascript.jscomp.NodeTraversal due to org.evosuite.ga.ConstructionFailedException: Failed to add constructor for com.google.javascript.jscomp.TypeCheck due to org.evosuite.ga.ConstructionFailedException: Failed to add constructor for com.google.javascript.jscomp.type.SemanticReverseAbstractInterpreter due to org.evosuite.ga.ConstructionFailedException: Failed to add constructor for com.google.javascript.jscomp.ClosureCodingConvention due to org.evosuite.ga.ConstructionFailedException: Max recursion depth reached
* Search finished after 101s and 184 generations, 74573 statements, best individual has fitness: 211.71666666666667
* Minimizing test suite
* Going to analyze the coverage criteria
* Coverage analysis for criterion BRANCH
* Coverage of criterion BRANCH: 55%
* Total number of goals: 542
* Number of covered goals: 300
* Generated 99 tests with total length 497
* Resulting test suite's coverage: 55%
* Generating assertions
* Resulting test suite's mutation score: 16%
* Permissions denied during test execution: 
  - java.lang.RuntimePermission: 
         writeFileDescriptor: 7
* Writing JUnit test case 'Compiler_ESTest' to evosuite-branch
* Done!

* Computation finished
