* EvoSuite 1.0.6
* Going to generate test cases for class: com.google.javascript.rhino.Node
* Starting client
* Connecting to master process on port 18539
* Analyzing classpath: 
  - /tmp/run_evosuite.pl_176417_1545821249/build/classes
  - /tmp/run_evosuite.pl_176417_1545821249/lib/args4j.jar
  - /tmp/run_evosuite.pl_176417_1545821249/lib/guava.jar
  - /tmp/run_evosuite.pl_176417_1545821249/lib/json.jar
  - /tmp/run_evosuite.pl_176417_1545821249/lib/jsr305.jar
  - /tmp/run_evosuite.pl_176417_1545821249/lib/protobuf-java.jar
  - /tmp/run_evosuite.pl_176417_1545821249/build/lib/rhino.jar
  - /tmp/run_evosuite.pl_176417_1545821249/lib/ant.jar
* Finished analyzing classpath
* Generating tests for class com.google.javascript.rhino.Node
* Test criterion:
  - Branch Coverage
* Setting up search algorithm for whole suite generation
* Total number of test goals: 716
* Using seed 2000
* Starting evolution
[MASTER] 02:47:43.046 [logback-2] ERROR TestCluster - Failed to check cache for java.util.LinkedHashSet<E> : Type points to itself
[MASTER] 02:47:46.519 [logback-2] ERROR TestCluster - Failed to check cache for java.util.Iterator<E> : Type points to itself
[MASTER] 02:47:47.243 [logback-2] ERROR TestCluster - Failed to check cache for java.util.Comparator<T> : Type points to itself
[MASTER] 02:48:09.164 [logback-1] WARN  TestChromosome - Functional mock problem: org.evosuite.ga.ConstructionFailedException: Max recursion depth reached
[MASTER] 02:49:14.360 [logback-1] WARN  TestChromosome - Functional mock problem: org.evosuite.ga.ConstructionFailedException: Failed to add constructor for com.google.javascript.rhino.Node due to org.evosuite.ga.ConstructionFailedException: Failed to add constructor for com.google.javascript.rhino.Node due to org.evosuite.ga.ConstructionFailedException: Failed to add constructor for com.google.javascript.rhino.Node due to org.evosuite.ga.ConstructionFailedException: Max recursion depth reached
* Search finished after 102s and 370 generations, 238349 statements, best individual has fitness: 129.69281923397264
* Minimizing test suite
* Going to analyze the coverage criteria
* Coverage analysis for criterion BRANCH
* Coverage of criterion BRANCH: 78%
* Total number of goals: 716
* Number of covered goals: 558
* Generated 232 tests with total length 666
* Resulting test suite's coverage: 78%
* Generating assertions
* Resulting test suite's mutation score: 31%
* Writing JUnit test case 'Node_ESTest' to evosuite-branch
* Done!

* Computation finished
* EvoSuite 1.0.6
* Going to generate test cases for class: com.google.javascript.jscomp.ScopedAliases
* Starting client
* Connecting to master process on port 18539
* Analyzing classpath: 
  - /tmp/run_evosuite.pl_176417_1545821249/build/classes
  - /tmp/run_evosuite.pl_176417_1545821249/lib/args4j.jar
  - /tmp/run_evosuite.pl_176417_1545821249/lib/guava.jar
  - /tmp/run_evosuite.pl_176417_1545821249/lib/json.jar
  - /tmp/run_evosuite.pl_176417_1545821249/lib/jsr305.jar
  - /tmp/run_evosuite.pl_176417_1545821249/lib/protobuf-java.jar
  - /tmp/run_evosuite.pl_176417_1545821249/build/lib/rhino.jar
  - /tmp/run_evosuite.pl_176417_1545821249/lib/ant.jar
* Finished analyzing classpath
* Generating tests for class com.google.javascript.jscomp.ScopedAliases
* Test criterion:
  - Branch Coverage
* Setting up search algorithm for whole suite generation
* Total number of test goals: 169
* Using seed 2000
* Starting evolution
* Search finished after 103s and 170 generations, 49729 statements, best individual has fitness: 145.83333333240202
* Minimizing test suite
* Going to analyze the coverage criteria
* Coverage analysis for criterion BRANCH
* Coverage of criterion BRANCH: 15%
* Total number of goals: 169
* Number of covered goals: 25
* Generated 2 tests with total length 12
* Resulting test suite's coverage: 15%
* Generating assertions
* Resulting test suite's mutation score: 1%
* Permissions denied during test execution: 
  - java.lang.RuntimePermission: 
         writeFileDescriptor: 5
* Writing JUnit test case 'ScopedAliases_ESTest' to evosuite-branch
* Done!

* Computation finished
