* EvoSuite 1.0.6
* Going to generate test cases for class: com.google.javascript.rhino.jstype.JSType
* Starting client
* Connecting to master process on port 14953
* Analyzing classpath: 
  - /tmp/run_evosuite.pl_96836_1546839731/build/classes
  - /tmp/run_evosuite.pl_96836_1546839731/lib/args4j.jar
  - /tmp/run_evosuite.pl_96836_1546839731/lib/guava.jar
  - /tmp/run_evosuite.pl_96836_1546839731/lib/jsr305.jar
  - /tmp/run_evosuite.pl_96836_1546839731/lib/libtrunk_rhino_parser_jarjared.jar
  - /tmp/run_evosuite.pl_96836_1546839731/lib/protobuf-java.jar
  - /tmp/run_evosuite.pl_96836_1546839731/lib/ant.jar
* Finished analyzing classpath
* Generating tests for class com.google.javascript.rhino.jstype.JSType
* Test criterion:
  - Branch Coverage
* Setting up search algorithm for whole suite generation
* Total number of test goals: 230
* Using seed 1000
* Starting evolution
[MASTER] 21:42:23.707 [logback-1] WARN  TestChromosome - Functional mock problem: org.evosuite.ga.ConstructionFailedException: Have no generator for class com.google.javascript.jscomp.Scope canUseFunctionalMocks=false, canBeMocked: true
[MASTER] 21:42:24.815 [logback-1] WARN  TestChromosome - Functional mock problem: org.evosuite.ga.ConstructionFailedException: Have no generator for class com.google.javascript.rhino.jstype.BooleanType canUseFunctionalMocks=true, canBeMocked: false
[MASTER] 21:43:35.749 [logback-1] WARN  TestChromosome - Functional mock problem: org.evosuite.ga.ConstructionFailedException: Failed to add constructor for com.google.javascript.rhino.jstype.FunctionPrototypeType due to org.evosuite.ga.ConstructionFailedException: Have no generator for class com.google.javascript.jscomp.Scope canUseFunctionalMocks=false, canBeMocked: true
* Search finished after 101s and 1066 generations, 439716 statements, best individual has fitness: 3.0
* Minimizing test suite
* Going to analyze the coverage criteria
* Coverage analysis for criterion BRANCH
* Coverage of criterion BRANCH: 98%
* Total number of goals: 230
* Number of covered goals: 225
* Generated 82 tests with total length 424
* Resulting test suite's coverage: 98%
* Generating assertions
* Resulting test suite's mutation score: 57%
* Writing JUnit test case 'JSType_ESTest' to evosuite-branch
* Done!

* Computation finished
