* EvoSuite 1.0.6
* Going to generate test cases for class: com.google.javascript.jscomp.type.ChainableReverseAbstractInterpreter
* Starting client
* Connecting to master process on port 18557
* Analyzing classpath: 
  - /tmp/run_evosuite.pl_256685_1546751333/build/classes
  - /tmp/run_evosuite.pl_256685_1546751333/lib/args4j.jar
  - /tmp/run_evosuite.pl_256685_1546751333/lib/guava.jar
  - /tmp/run_evosuite.pl_256685_1546751333/lib/json.jar
  - /tmp/run_evosuite.pl_256685_1546751333/lib/jsr305.jar
  - /tmp/run_evosuite.pl_256685_1546751333/lib/protobuf-java.jar
  - /tmp/run_evosuite.pl_256685_1546751333/build/lib/rhino.jar
  - /tmp/run_evosuite.pl_256685_1546751333/lib/ant.jar
* Finished analyzing classpath
* Generating tests for class com.google.javascript.jscomp.type.ChainableReverseAbstractInterpreter
* Test criterion:
  - Branch Coverage
* Setting up search algorithm for whole suite generation
* Total number of test goals: 162
* Using seed 5000
* Starting evolution
[MASTER] 21:09:09.927 [logback-1] WARN  TestChromosome - Functional mock problem: org.evosuite.ga.ConstructionFailedException: Have no generator for class com.google.javascript.rhino.jstype.UnionType canUseFunctionalMocks=false, canBeMocked: true
[MASTER] 21:09:10.208 [logback-2] ERROR FunctionalMockStatement - Cannot use Mockito on class com.google.javascript.rhino.jstype.NoType due to IAE: tried to access class com.google.javascript.rhino.jstype.PrototypeObjectType from class com.google.javascript.rhino.jstype.NoType$MockitoMock$1785250575
[MASTER] 21:09:10.329 [logback-1] WARN  TestChromosome - Functional mock problem: org.evosuite.ga.ConstructionFailedException: Max recursion depth reached
[MASTER] 21:09:41.156 [logback-2] ERROR FunctionalMockStatement - Cannot use Mockito on class com.google.javascript.rhino.jstype.NullType due to IAE: tried to access class com.google.javascript.rhino.jstype.ValueType from class com.google.javascript.rhino.jstype.NullType$MockitoMock$326953893
[MASTER] 21:09:50.620 [logback-2] ERROR FunctionalMockStatement - Cannot use Mockito on class com.google.javascript.rhino.jstype.NumberType due to IAE: tried to access class com.google.javascript.rhino.jstype.ValueType from class com.google.javascript.rhino.jstype.NumberType$MockitoMock$1372198188
[MASTER] 21:10:05.672 [logback-2] ERROR FunctionalMockStatement - Cannot use Mockito on class com.google.javascript.rhino.jstype.BooleanType due to IAE: tried to access class com.google.javascript.rhino.jstype.ValueType from class com.google.javascript.rhino.jstype.BooleanType$MockitoMock$1530033160
[MASTER] 21:10:19.040 [logback-2] ERROR FunctionalMockStatement - Cannot use Mockito on class com.google.javascript.rhino.jstype.NoType due to failed class initialization: Could not initialize class com.google.javascript.rhino.jstype.NoType$MockitoMock$1785250575
[MASTER] 21:10:37.015 [logback-2] ERROR FunctionalMockStatement - Cannot use Mockito on class com.google.javascript.rhino.jstype.NumberType due to failed class initialization: Could not initialize class com.google.javascript.rhino.jstype.NumberType$MockitoMock$1372198188
* Search finished after 102s and 962 generations, 427806 statements, best individual has fitness: 51.99999995520989
* Minimizing test suite
* Going to analyze the coverage criteria
* Coverage analysis for criterion BRANCH
* Coverage of criterion BRANCH: 66%
* Total number of goals: 162
* Number of covered goals: 107
* Generated 57 tests with total length 413
* Resulting test suite's coverage: 66%
* Generating assertions
* Resulting test suite's mutation score: 14%
* Writing JUnit test case 'ChainableReverseAbstractInterpreter_ESTest' to evosuite-branch
* Done!

* Computation finished
