* EvoSuite 1.0.6
* Going to generate test cases for class: com.google.javascript.jscomp.InlineVariables
* Starting client
* Connecting to master process on port 19758
* Analyzing classpath: 
  - /tmp/run_evosuite.pl_229260_1546677183/build/classes
  - /tmp/run_evosuite.pl_229260_1546677183/lib/args4j.jar
  - /tmp/run_evosuite.pl_229260_1546677183/lib/guava.jar
  - /tmp/run_evosuite.pl_229260_1546677183/lib/json.jar
  - /tmp/run_evosuite.pl_229260_1546677183/lib/jsr305.jar
  - /tmp/run_evosuite.pl_229260_1546677183/lib/protobuf-java.jar
  - /tmp/run_evosuite.pl_229260_1546677183/build/lib/rhino.jar
  - /tmp/run_evosuite.pl_229260_1546677183/lib/ant.jar
* Finished analyzing classpath
* Generating tests for class com.google.javascript.jscomp.InlineVariables
* Test criterion:
  - Branch Coverage
* Setting up search algorithm for whole suite generation
* Total number of test goals: 254
* Using seed 4000
* Starting evolution
[MASTER] 00:33:17.499 [logback-2] ERROR TestCluster - Failed to check cache for java.util.Comparator<T> : Type points to itself
[MASTER] 00:33:38.462 [logback-1] WARN  TestChromosome - Functional mock problem: org.evosuite.ga.ConstructionFailedException: Max recursion depth reached
[MASTER] 00:34:27.847 [logback-2] ERROR FunctionalMockStatement - Cannot use Mockito on class com.google.javascript.rhino.jstype.BooleanType due to IAE: tried to access class com.google.javascript.rhino.jstype.ValueType from class com.google.javascript.rhino.jstype.BooleanType$MockitoMock$858823678
[MASTER] 00:34:37.678 [logback-1] WARN  TestChromosome - Functional mock problem: org.evosuite.ga.ConstructionFailedException: Have no generator for class com.google.javascript.jscomp.Scope$Var canUseFunctionalMocks=false, canBeMocked: true
[MASTER] 00:34:46.781 [logback-1] WARN  TestChromosome - Functional mock problem: org.evosuite.ga.ConstructionFailedException: Failed to add constructor for com.google.javascript.jscomp.ClosureReverseAbstractInterpreter due to org.evosuite.ga.ConstructionFailedException: Failed to add constructor for com.google.javascript.jscomp.JqueryCodingConvention due to org.evosuite.ga.ConstructionFailedException: Failed to add constructor for com.google.javascript.jscomp.ClosureCodingConvention due to org.evosuite.ga.ConstructionFailedException: Failed to add constructor for com.google.javascript.jscomp.GoogleCodingConvention due to org.evosuite.ga.ConstructionFailedException: Max recursion depth reached
* Search finished after 101s and 1878 generations, 331663 statements, best individual has fitness: 265.5
* Minimizing test suite
* Going to analyze the coverage criteria
* Coverage analysis for criterion BRANCH
* Coverage of criterion BRANCH: 4%
* Total number of goals: 254
* Number of covered goals: 9
* Generated 3 tests with total length 12
* Resulting test suite's coverage: 4%
* Generating assertions
* Resulting test suite's mutation score: 0%
* Permissions denied during test execution: 
  - java.lang.RuntimePermission: 
         writeFileDescriptor: 7
* Writing JUnit test case 'InlineVariables_ESTest' to evosuite-branch
* Done!

* Computation finished
