* EvoSuite 1.0.6
* Going to generate test cases for class: com.google.javascript.jscomp.Compiler
* Starting client
* Connecting to master process on port 2830
* Analyzing classpath: 
  - /tmp/run_evosuite.pl_45608_1546610624/build/classes
  - /tmp/run_evosuite.pl_45608_1546610624/lib/args4j.jar
  - /tmp/run_evosuite.pl_45608_1546610624/lib/guava.jar
  - /tmp/run_evosuite.pl_45608_1546610624/lib/json.jar
  - /tmp/run_evosuite.pl_45608_1546610624/lib/jsr305.jar
  - /tmp/run_evosuite.pl_45608_1546610624/lib/libtrunk_rhino_parser_jarjared.jar
  - /tmp/run_evosuite.pl_45608_1546610624/lib/protobuf-java.jar
  - /tmp/run_evosuite.pl_45608_1546610624/lib/ant.jar
* Finished analyzing classpath
* Generating tests for class com.google.javascript.jscomp.Compiler
* Test criterion:
  - Branch Coverage
* Setting up search algorithm for whole suite generation
* Total number of test goals: 457
* Using seed 3000
* Starting evolution
[MASTER] 06:03:57.352 [logback-2] ERROR TestCluster - Failed to check cache for com.google.javascript.jscomp.DisambiguateProperties<T> : Type points to itself
[MASTER] 06:03:59.710 [logback-2] ERROR TestCluster - Failed to check cache for java.util.Comparator<T> : Type points to itself
[MASTER] 06:04:01.534 [logback-1] WARN  TestChromosome - Functional mock problem: org.evosuite.ga.ConstructionFailedException: Failed to add constructor for com.google.javascript.jscomp.DeadAssignmentsElimination due to org.evosuite.ga.ConstructionFailedException: Failed to add constructor for com.google.javascript.jscomp.NodeTraversal due to org.evosuite.ga.ConstructionFailedException: Failed to add constructor for com.google.javascript.jscomp.Compiler due to org.evosuite.ga.ConstructionFailedException: Failed to add constructor for com.google.javascript.jscomp.PrintStreamErrorManager due to org.evosuite.ga.ConstructionFailedException: Failed to add constructor for org.evosuite.runtime.mock.java.io.MockPrintStream due to org.evosuite.ga.ConstructionFailedException: Max recursion depth reached
[MASTER] 06:04:02.423 [logback-1] WARN  TestChromosome - Functional mock problem: org.evosuite.ga.ConstructionFailedException: Failed to add constructor for com.google.javascript.jscomp.DeadAssignmentsElimination due to org.evosuite.ga.ConstructionFailedException: Failed to add constructor for com.google.javascript.jscomp.NodeTraversal due to org.evosuite.ga.ConstructionFailedException: Failed to add constructor for com.google.javascript.jscomp.SyntacticScopeCreator due to org.evosuite.ga.ConstructionFailedException: Have no generator for interface com.google.javascript.jscomp.SyntacticScopeCreator$RedeclarationHandler canUseFunctionalMocks=true, canBeMocked: false
[MASTER] 06:04:18.604 [logback-1] WARN  TestChromosome - Functional mock problem: org.evosuite.ga.ConstructionFailedException: Failed to add constructor for com.google.javascript.jscomp.AliasStrings due to org.evosuite.ga.ConstructionFailedException: Failed to add constructor for com.google.javascript.jscomp.NodeTraversal due to org.evosuite.ga.ConstructionFailedException: Failed to add constructor for com.google.javascript.jscomp.SyntacticScopeCreator due to org.evosuite.ga.ConstructionFailedException: Have no generator for interface com.google.javascript.jscomp.SyntacticScopeCreator$RedeclarationHandler canUseFunctionalMocks=true, canBeMocked: false
* Search finished after 102s and 151 generations, 73522 statements, best individual has fitness: 164.91666666666669
* Minimizing test suite
* Going to analyze the coverage criteria
* Coverage analysis for criterion BRANCH
* Coverage of criterion BRANCH: 59%
* Total number of goals: 457
* Number of covered goals: 270
* Generated 91 tests with total length 384
* Resulting test suite's coverage: 59%
* Generating assertions
* Resulting test suite's mutation score: 18%
* Permissions denied during test execution: 
  - java.lang.RuntimePermission: 
         writeFileDescriptor: 6
* Writing JUnit test case 'Compiler_ESTest' to evosuite-branch
* Done!

* Computation finished
