* EvoSuite 1.0.6
* Going to generate test cases for class: com.google.javascript.jscomp.type.ClosureReverseAbstractInterpreter
* Starting client
* Connecting to master process on port 19758
* Analyzing classpath: 
  - /tmp/run_evosuite.pl_258928_1546687380/build/classes
  - /tmp/run_evosuite.pl_258928_1546687380/lib/args4j.jar
  - /tmp/run_evosuite.pl_258928_1546687380/lib/guava.jar
  - /tmp/run_evosuite.pl_258928_1546687380/lib/json.jar
  - /tmp/run_evosuite.pl_258928_1546687380/lib/jsr305.jar
  - /tmp/run_evosuite.pl_258928_1546687380/lib/protobuf-java.jar
  - /tmp/run_evosuite.pl_258928_1546687380/build/lib/rhino.jar
  - /tmp/run_evosuite.pl_258928_1546687380/lib/ant.jar
* Finished analyzing classpath
* Generating tests for class com.google.javascript.jscomp.type.ClosureReverseAbstractInterpreter
* Test criterion:
  - Branch Coverage
* Setting up search algorithm for whole suite generation
* Total number of test goals: 72
* Using seed 4000
* Starting evolution
[MASTER] 03:23:15.657 [logback-2] ERROR FunctionalMockStatement - Cannot use Mockito on class com.google.javascript.rhino.jstype.BooleanType due to IAE: tried to access class com.google.javascript.rhino.jstype.ValueType from class com.google.javascript.rhino.jstype.BooleanType$MockitoMock$1010894910
[MASTER] 03:23:15.707 [logback-2] ERROR TestCluster - Failed to check cache for java.util.Iterator<E> : Type points to itself
[MASTER] 03:23:16.132 [logback-2] ERROR FunctionalMockStatement - Cannot use Mockito on class com.google.javascript.rhino.jstype.VoidType due to IAE: tried to access class com.google.javascript.rhino.jstype.ValueType from class com.google.javascript.rhino.jstype.VoidType$MockitoMock$1045769993
[MASTER] 03:23:39.856 [logback-2] ERROR FunctionalMockStatement - Cannot use Mockito on class com.google.javascript.rhino.jstype.NoType due to IAE: tried to access class com.google.javascript.rhino.jstype.PrototypeObjectType from class com.google.javascript.rhino.jstype.NoType$MockitoMock$473887302
[MASTER] 03:23:47.543 [logback-2] ERROR FunctionalMockStatement - Cannot use Mockito on class com.google.javascript.rhino.jstype.NullType due to IAE: tried to access class com.google.javascript.rhino.jstype.ValueType from class com.google.javascript.rhino.jstype.NullType$MockitoMock$359489506
[MASTER] 03:23:50.520 [logback-2] ERROR FunctionalMockStatement - Cannot use Mockito on class com.google.javascript.rhino.jstype.NullType due to failed class initialization: Could not initialize class com.google.javascript.rhino.jstype.NullType$MockitoMock$359489506
[MASTER] 03:23:52.006 [logback-2] ERROR FunctionalMockStatement - Cannot use Mockito on class com.google.javascript.rhino.jstype.NoObjectType due to IAE: tried to access class com.google.javascript.rhino.jstype.PrototypeObjectType from class com.google.javascript.rhino.jstype.NoObjectType$MockitoMock$1189773911
[MASTER] 03:23:53.947 [logback-2] ERROR FunctionalMockStatement - Cannot use Mockito on class com.google.javascript.rhino.jstype.NoType due to failed class initialization: Could not initialize class com.google.javascript.rhino.jstype.NoType$MockitoMock$473887302
[MASTER] 03:24:00.170 [logback-2] ERROR FunctionalMockStatement - Cannot use Mockito on class com.google.javascript.rhino.jstype.NoObjectType due to failed class initialization: Could not initialize class com.google.javascript.rhino.jstype.NoObjectType$MockitoMock$1189773911
[MASTER] 03:24:04.727 [logback-1] WARN  TestChromosome - Functional mock problem: org.evosuite.ga.ConstructionFailedException: Max recursion depth reached
[MASTER] 03:24:26.135 [logback-2] ERROR FunctionalMockStatement - Cannot use Mockito on class com.google.javascript.rhino.jstype.BooleanType due to failed class initialization: Could not initialize class com.google.javascript.rhino.jstype.BooleanType$MockitoMock$1010894910
[MASTER] 03:24:32.483 [logback-1] WARN  TestChromosome - Functional mock problem: org.evosuite.ga.ConstructionFailedException: Have no generator for class com.google.javascript.rhino.jstype.UnionType canUseFunctionalMocks=false, canBeMocked: true
[MASTER] 03:24:47.009 [logback-2] ERROR FunctionalMockStatement - Cannot use Mockito on class com.google.javascript.rhino.jstype.NumberType due to IAE: tried to access class com.google.javascript.rhino.jstype.ValueType from class com.google.javascript.rhino.jstype.NumberType$MockitoMock$2053364439
* Search finished after 101s and 1222 generations, 439264 statements, best individual has fitness: 61.5
* Minimizing test suite
* Going to analyze the coverage criteria
* Coverage analysis for criterion BRANCH
* Coverage of criterion BRANCH: 26%
* Total number of goals: 72
* Number of covered goals: 19
* Generated 3 tests with total length 26
* Resulting test suite's coverage: 26%
* Generating assertions
* Resulting test suite's mutation score: 0%
* Writing JUnit test case 'ClosureReverseAbstractInterpreter_ESTest' to evosuite-branch
* Done!

* Computation finished
