* EvoSuite 1.0.6
* Going to generate test cases for class: com.google.javascript.jscomp.TypeValidator
* Starting client
* Connecting to master process on port 18557
* Analyzing classpath: 
  - /tmp/run_evosuite.pl_245968_1546751202/build/classes
  - /tmp/run_evosuite.pl_245968_1546751202/lib/args4j.jar
  - /tmp/run_evosuite.pl_245968_1546751202/lib/guava.jar
  - /tmp/run_evosuite.pl_245968_1546751202/lib/json.jar
  - /tmp/run_evosuite.pl_245968_1546751202/lib/jsr305.jar
  - /tmp/run_evosuite.pl_245968_1546751202/lib/protobuf-java.jar
  - /tmp/run_evosuite.pl_245968_1546751202/build/lib/rhino.jar
  - /tmp/run_evosuite.pl_245968_1546751202/lib/ant.jar
* Finished analyzing classpath
* Generating tests for class com.google.javascript.jscomp.TypeValidator
* Test criterion:
  - Branch Coverage
* Setting up search algorithm for whole suite generation
* Total number of test goals: 218
* Using seed 5000
* Starting evolution
[MASTER] 21:07:13.114 [logback-1] WARN  TestChromosome - Functional mock problem: org.evosuite.ga.ConstructionFailedException: Failed to add constructor for com.google.javascript.rhino.Node due to org.evosuite.ga.ConstructionFailedException: Max recursion depth reached
[MASTER] 21:08:23.491 [logback-2] ERROR FunctionalMockStatement - Cannot use Mockito on class com.google.javascript.rhino.jstype.NoObjectType due to IAE: tried to access class com.google.javascript.rhino.jstype.PrototypeObjectType from class com.google.javascript.rhino.jstype.NoObjectType$MockitoMock$478357827
* Search finished after 104s and 215 generations, 149303 statements, best individual has fitness: 135.0
* Minimizing test suite
* Going to analyze the coverage criteria
* Coverage analysis for criterion BRANCH
* Coverage of criterion BRANCH: 31%
* Total number of goals: 218
* Number of covered goals: 67
* Generated 29 tests with total length 407
* Resulting test suite's coverage: 31%
* Generating assertions
* Resulting test suite's mutation score: 16%
* Permissions denied during test execution: 
  - java.lang.RuntimePermission: 
         writeFileDescriptor: 11
* Writing JUnit test case 'TypeValidator_ESTest' to evosuite-branch
* Done!

* Computation finished
