* EvoSuite 1.0.6
* Going to generate test cases for class: com.google.javascript.jscomp.FunctionRewriter
* Starting client
* Connecting to master process on port 14953
* Analyzing classpath: 
  - /tmp/run_evosuite.pl_85265_1546836152/build/classes
  - /tmp/run_evosuite.pl_85265_1546836152/lib/args4j.jar
  - /tmp/run_evosuite.pl_85265_1546836152/lib/guava.jar
  - /tmp/run_evosuite.pl_85265_1546836152/lib/json.jar
  - /tmp/run_evosuite.pl_85265_1546836152/lib/jsr305.jar
  - /tmp/run_evosuite.pl_85265_1546836152/lib/protobuf-java.jar
  - /tmp/run_evosuite.pl_85265_1546836152/build/lib/rhino.jar
  - /tmp/run_evosuite.pl_85265_1546836152/lib/ant.jar
* Finished analyzing classpath
* Generating tests for class com.google.javascript.jscomp.FunctionRewriter
* Test criterion:
  - Branch Coverage
* Setting up search algorithm for whole suite generation
* Total number of test goals: 97
* Using seed 1000
* Starting evolution
[MASTER] 20:44:01.431 [logback-1] WARN  TestChromosome - Functional mock problem: org.evosuite.ga.ConstructionFailedException: Failed to add constructor for com.google.javascript.jscomp.GlobalNamespace$Ref due to org.evosuite.ga.ConstructionFailedException: Failed to add constructor for com.google.javascript.jscomp.GlobalNamespace$Name due to org.evosuite.ga.ConstructionFailedException: Have no generator for class com.google.javascript.jscomp.GlobalNamespace$Name canUseFunctionalMocks=true, canBeMocked: false
* Search finished after 101s and 723 generations, 138277 statements, best individual has fitness: 23.454545454545453
* Minimizing test suite
* Going to analyze the coverage criteria
* Coverage analysis for criterion BRANCH
* Coverage of criterion BRANCH: 71%
* Total number of goals: 97
* Number of covered goals: 69
* Generated 7 tests with total length 33
* Resulting test suite's coverage: 71%
* Generating assertions
* Resulting test suite's mutation score: 8%
* Permissions denied during test execution: 
  - java.lang.RuntimePermission: 
         writeFileDescriptor: 21
  - java.net.SocketPermission: 
         resolve c~pZ93x$Q;spN(: 1
* Writing JUnit test case 'FunctionRewriter_ESTest' to evosuite-branch
* Done!

* Computation finished
