* EvoSuite 1.0.6
* Going to generate test cases for class: com.google.javascript.jscomp.Compiler
* Starting client
* Connecting to master process on port 19758
* Analyzing classpath: 
  - /tmp/run_evosuite.pl_220693_1546674885/build/classes
  - /tmp/run_evosuite.pl_220693_1546674885/lib/args4j.jar
  - /tmp/run_evosuite.pl_220693_1546674885/lib/guava.jar
  - /tmp/run_evosuite.pl_220693_1546674885/lib/json.jar
  - /tmp/run_evosuite.pl_220693_1546674885/lib/jsr305.jar
  - /tmp/run_evosuite.pl_220693_1546674885/lib/protobuf-java.jar
  - /tmp/run_evosuite.pl_220693_1546674885/build/lib/rhino.jar
  - /tmp/run_evosuite.pl_220693_1546674885/lib/ant.jar
* Finished analyzing classpath
* Generating tests for class com.google.javascript.jscomp.Compiler
* Test criterion:
  - Branch Coverage
* Setting up search algorithm for whole suite generation
* Total number of test goals: 565
* Using seed 4000
* Starting evolution
[MASTER] 23:54:58.905 [logback-2] ERROR TestCluster - Failed to check cache for com.google.javascript.jscomp.DisambiguateProperties<T> : Type points to itself
[MASTER] 23:55:03.002 [logback-2] ERROR TestCluster - Failed to check cache for java.util.Comparator<T> : Type points to itself
[MASTER] 23:55:03.079 [logback-2] ERROR TestCluster - Failed to check cache for java.util.Enumeration<E> : Type points to itself
[MASTER] 23:55:03.997 [logback-1] WARN  TestChromosome - Functional mock problem: org.evosuite.ga.ConstructionFailedException: Failed to add constructor for com.google.javascript.jscomp.CheckSideEffects due to org.evosuite.ga.ConstructionFailedException: Failed to add constructor for com.google.javascript.jscomp.NodeTraversal due to org.evosuite.ga.ConstructionFailedException: Failed to add constructor for com.google.javascript.jscomp.Compiler due to org.evosuite.ga.ConstructionFailedException: Failed to add constructor for org.evosuite.runtime.mock.java.io.MockPrintStream due to org.evosuite.ga.ConstructionFailedException: Max recursion depth reached
[MASTER] 23:55:04.817 [logback-1] WARN  TestChromosome - Functional mock problem: org.evosuite.ga.ConstructionFailedException: Failed to add constructor for com.google.javascript.jscomp.NameAnonymousFunctionsMapped due to org.evosuite.ga.ConstructionFailedException: Failed to add constructor for com.google.javascript.jscomp.Compiler due to org.evosuite.ga.ConstructionFailedException: Failed to add constructor for com.google.javascript.jscomp.PrintStreamErrorManager due to org.evosuite.ga.ConstructionFailedException: Failed to add constructor for org.evosuite.runtime.mock.java.io.MockPrintStream due to org.evosuite.ga.ConstructionFailedException: Failed to add constructor for java.io.FilterOutputStream due to org.evosuite.ga.ConstructionFailedException: Max recursion depth reached
[MASTER] 23:55:06.691 [logback-1] WARN  TestChromosome - Functional mock problem: org.evosuite.ga.ConstructionFailedException: Failed to add constructor for com.google.javascript.jscomp.PhaseOptimizer due to org.evosuite.ga.ConstructionFailedException: Failed to add constructor for com.google.javascript.jscomp.NodeTraversal due to org.evosuite.ga.ConstructionFailedException: Failed to add constructor for com.google.javascript.jscomp.ProcessClosurePrimitives due to org.evosuite.ga.ConstructionFailedException: Failed to add constructor for com.google.javascript.jscomp.PreprocessorSymbolTable due to org.evosuite.ga.ConstructionFailedException: Max recursion depth reached
* Search finished after 101s and 180 generations, 74119 statements, best individual has fitness: 208.83243887848485
* Minimizing test suite
* Going to analyze the coverage criteria
* Coverage analysis for criterion BRANCH
* Coverage of criterion BRANCH: 58%
* Total number of goals: 565
* Number of covered goals: 326
* Generated 96 tests with total length 397
* Resulting test suite's coverage: 58%
* Generating assertions
* Resulting test suite's mutation score: 19%
* Permissions denied during test execution: 
  - java.lang.RuntimePermission: 
         writeFileDescriptor: 11
* Writing JUnit test case 'Compiler_ESTest' to evosuite-branch
* Done!

* Computation finished
