* EvoSuite 1.0.6
* Going to generate test cases for class: org.jfree.chart.plot.XYPlot
* Starting client
* Connecting to master process on port 18557
* Analyzing classpath: 
  - /tmp/run_evosuite.pl_214598_1546747901/build
  - /tmp/run_evosuite.pl_214598_1546747901/lib/servlet.jar
* Finished analyzing classpath
* Generating tests for class org.jfree.chart.plot.XYPlot
* Test criterion:
  - Branch Coverage
* Setting up search algorithm for whole suite generation
* Total number of test goals: 1079
* Using seed 5000
* Starting evolution
[MASTER] 20:11:54.826 [logback-2] ERROR TestCluster - Failed to check cache for java.util.LinkedList<E> : Type points to itself
[MASTER] 20:11:54.838 [logback-2] ERROR TestCluster - Failed to check cache for java.util.HashMap<K, V> : Type points to itself
[MASTER] 20:12:31.297 [logback-1] WARN  TestChromosome - Functional mock problem: org.evosuite.ga.ConstructionFailedException: Failed to add constructor for java.io.SequenceInputStream due to org.evosuite.ga.ConstructionFailedException: Failed to add constructor for java.io.BufferedInputStream due to org.evosuite.ga.ConstructionFailedException: Failed to add constructor for java.io.DataInputStream due to org.evosuite.ga.ConstructionFailedException: Failed to add constructor for java.io.PushbackInputStream due to org.evosuite.ga.ConstructionFailedException: Failed to add constructor for java.io.PipedInputStream due to org.evosuite.ga.ConstructionFailedException: Max recursion depth reached
* Search finished after 104s and 109 generations, 73121 statements, best individual has fitness: 424.8333333333333
* Minimizing test suite
[MASTER] 20:13:45.696 [logback-2] ERROR TestCluster - Failed to check cache for java.util.Enumeration<E> : Type points to itself
* Going to analyze the coverage criteria
* Coverage analysis for criterion BRANCH
* Coverage of criterion BRANCH: 55%
* Total number of goals: 1079
* Number of covered goals: 597
* Generated 207 tests with total length 875
* Resulting test suite's coverage: 55%
* Generating assertions
* Resulting test suite's mutation score: 15%
* Permissions denied during test execution: 
  - java.lang.RuntimePermission: 
         queuePrintJob: 1
* Writing JUnit test case 'XYPlot_ESTest' to evosuite-branch
* Done!

* Computation finished
