* EvoSuite 1.0.6
* Going to generate test cases for class: org.apache.commons.math3.geometry.euclidean.twod.PolygonsSet
* Starting client
* Connecting to master process on port 14953
* Analyzing classpath: 
  - /tmp/run_evosuite.pl_216462_1545201050/target/classes
* Finished analyzing classpath
* Generating tests for class org.apache.commons.math3.geometry.euclidean.twod.PolygonsSet
* Test criterion:
  - Branch Coverage
* Setting up search algorithm for whole suite generation
* Total number of test goals: 95
* Using seed 1000
* Starting evolution
[MASTER] 22:31:01.078 [logback-2] ERROR TestCluster - Failed to check cache for java.util.LinkedList<E> : Type points to itself
[MASTER] 22:32:02.655 [logback-1] WARN  TestChromosome - Functional mock problem: org.evosuite.ga.ConstructionFailedException: Failed to add constructor for org.apache.commons.math3.geometry.partitioning.BSPTree due to org.evosuite.ga.ConstructionFailedException: Failed to add constructor for org.apache.commons.math3.geometry.euclidean.twod.SubLine due to org.evosuite.ga.ConstructionFailedException: Failed to add constructor for org.apache.commons.math3.geometry.euclidean.oned.SubOrientedPoint due to org.evosuite.ga.ConstructionFailedException: Failed to add constructor for org.apache.commons.math3.geometry.euclidean.oned.OrientedPoint due to org.evosuite.ga.ConstructionFailedException: Failed to add constructor for org.apache.commons.math3.geometry.euclidean.oned.Vector1D due to org.evosuite.ga.ConstructionFailedException: Max recursion depth reached
* Search finished after 102s and 2986 generations, 542150 statements, best individual has fitness: 9.666666666666666
* Minimizing test suite
* Going to analyze the coverage criteria
* Coverage analysis for criterion BRANCH
* Coverage of criterion BRANCH: 89%
* Total number of goals: 95
* Number of covered goals: 85
* Generated 9 tests with total length 41
* Resulting test suite's coverage: 89%
* Generating assertions
* Resulting test suite's mutation score: 45%
* Writing JUnit test case 'PolygonsSet_ESTest' to evosuite-branch
* Done!

* Computation finished
