* EvoSuite 1.0.6
* Going to generate test cases for class: org.apache.commons.math3.geometry.euclidean.threed.SubLine
* Starting client
* Connecting to master process on port 18557
* Analyzing classpath: 
  - /tmp/run_evosuite.pl_261130_1546783800/target/classes
* Finished analyzing classpath
* Generating tests for class org.apache.commons.math3.geometry.euclidean.threed.SubLine
* Test criterion:
  - Branch Coverage
* Setting up search algorithm for whole suite generation
* Total number of test goals: 18
* Using seed 5000
* Starting evolution
[MASTER] 06:10:11.098 [logback-2] ERROR TestCluster - Failed to check cache for org.apache.commons.math3.geometry.partitioning.Transform<S, T> : Type points to itself
[MASTER] 06:10:11.448 [logback-1] WARN  TestChromosome - Functional mock problem: org.evosuite.ga.ConstructionFailedException: Failed to add constructor for org.apache.commons.math3.geometry.euclidean.oned.SubOrientedPoint due to org.evosuite.ga.ConstructionFailedException: Have no generator for class org.apache.commons.math3.geometry.euclidean.oned.OrientedPoint canUseFunctionalMocks=false, canBeMocked: true
* Search finished after 4s and 39 generations, 20285 statements, best individual has fitness: 0.0
* Minimizing test suite
* Going to analyze the coverage criteria
* Coverage analysis for criterion BRANCH
* Coverage of criterion BRANCH: 100%
* Total number of goals: 18
* Number of covered goals: 18
* Generated 8 tests with total length 48
* Resulting test suite's coverage: 100%
* Generating assertions
* Resulting test suite's mutation score: 58%
* Writing JUnit test case 'SubLine_ESTest' to evosuite-branch
* Done!

* Computation finished
* EvoSuite 1.0.6
* Going to generate test cases for class: org.apache.commons.math3.geometry.euclidean.twod.SubLine
* Starting client
* Connecting to master process on port 18557
* Analyzing classpath: 
  - /tmp/run_evosuite.pl_261130_1546783800/target/classes
* Finished analyzing classpath
* Generating tests for class org.apache.commons.math3.geometry.euclidean.twod.SubLine
* Test criterion:
  - Branch Coverage
* Setting up search algorithm for whole suite generation
* Total number of test goals: 39
* Using seed 5000
* Starting evolution
[MASTER] 06:10:19.129 [logback-2] ERROR TestCluster - Failed to check cache for org.apache.commons.math3.geometry.partitioning.Transform<S, T> : Type points to itself
* Search finished after 3s and 10 generations, 8557 statements, best individual has fitness: 0.0
* Minimizing test suite
* Going to analyze the coverage criteria
* Coverage analysis for criterion BRANCH
* Coverage of criterion BRANCH: 100%
* Total number of goals: 39
* Number of covered goals: 39
* Generated 18 tests with total length 99
* Resulting test suite's coverage: 100%
* Generating assertions
* Resulting test suite's mutation score: 36%
* Writing JUnit test case 'SubLine_ESTest' to evosuite-branch
* Done!

* Computation finished
