* EvoSuite 1.0.6
* Going to generate test cases for class: org.apache.commons.math3.optimization.linear.SimplexSolver
* Starting client
* Connecting to master process on port 18557
* Analyzing classpath: 
  - /tmp/run_evosuite.pl_8280_1546786727/target/classes
* Finished analyzing classpath
* Generating tests for class org.apache.commons.math3.optimization.linear.SimplexSolver
* Test criterion:
  - Branch Coverage
* Setting up search algorithm for whole suite generation
* Total number of test goals: 54
* Using seed 5000
* Starting evolution
[MASTER] 06:58:57.998 [logback-2] ERROR TestCluster - Failed to check cache for java.util.function.Function<T, R> : Type points to itself
[MASTER] 06:59:12.745 [logback-1] WARN  TestChromosome - Functional mock problem: org.evosuite.ga.ConstructionFailedException: Failed to add constructor for org.apache.commons.math3.linear.ArrayRealVector due to org.evosuite.ga.ConstructionFailedException: Failed to add constructor for org.apache.commons.math3.linear.ArrayRealVector due to org.evosuite.ga.ConstructionFailedException: Failed to add constructor for org.apache.commons.math3.linear.OpenMapRealVector due to org.evosuite.ga.ConstructionFailedException: Failed to add constructor for org.apache.commons.math3.linear.ArrayRealVector due to org.evosuite.ga.ConstructionFailedException: Max recursion depth reached
* Search finished after 87s and 1350 generations, 860873 statements, best individual has fitness: 0.0
* Minimizing test suite
* Going to analyze the coverage criteria
* Coverage analysis for criterion BRANCH
* Coverage of criterion BRANCH: 100%
* Total number of goals: 54
* Number of covered goals: 54
* Generated 6 tests with total length 89
* Resulting test suite's coverage: 100%
* Generating assertions
* Resulting test suite's mutation score: 46%
* Writing JUnit test case 'SimplexSolver_ESTest' to evosuite-branch
* Done!

* Computation finished
