* EvoSuite 1.0.6
* Going to generate test cases for class: org.apache.commons.math3.optimization.linear.SimplexSolver
* Starting client
* Connecting to master process on port 19758
* Analyzing classpath: 
  - /tmp/run_evosuite.pl_83550_1546701646/target/classes
* Finished analyzing classpath
* Generating tests for class org.apache.commons.math3.optimization.linear.SimplexSolver
* Test criterion:
  - Branch Coverage
* Setting up search algorithm for whole suite generation
* Total number of test goals: 54
* Using seed 4000
* Starting evolution
[MASTER] 07:20:57.468 [logback-2] ERROR TestCluster - Failed to check cache for java.util.function.Function<T, R> : Type points to itself
[MASTER] 07:21:34.976 [logback-1] WARN  TestChromosome - Functional mock problem: org.evosuite.ga.ConstructionFailedException: Failed to add constructor for org.apache.commons.math3.linear.ArrayRealVector due to org.evosuite.ga.ConstructionFailedException: Failed to add constructor for org.apache.commons.math3.linear.ArrayRealVector due to org.evosuite.ga.ConstructionFailedException: Failed to add constructor for org.apache.commons.math3.linear.ArrayRealVector due to org.evosuite.ga.ConstructionFailedException: Failed to add constructor for org.apache.commons.math3.linear.ArrayRealVector due to org.evosuite.ga.ConstructionFailedException: Max recursion depth reached
* Search finished after 101s and 1280 generations, 1235130 statements, best individual has fitness: 3.6666666666666665
* Minimizing test suite
* Going to analyze the coverage criteria
* Coverage analysis for criterion BRANCH
* Coverage of criterion BRANCH: 91%
* Total number of goals: 54
* Number of covered goals: 49
* Generated 5 tests with total length 101
* Resulting test suite's coverage: 91%
* Generating assertions
* Resulting test suite's mutation score: 35%
* Writing JUnit test case 'SimplexSolver_ESTest' to evosuite-branch
* Done!

* Computation finished
