* EvoSuite 1.0.6
* Going to generate test cases for class: org.mockito.internal.util.reflection.GenericMetadataSupport
* Starting client
* Connecting to master process on port 18557
* Analyzing classpath: 
  - /tmp/run_evosuite.pl_38442_1546795514/build/classes/main
  - /d4j/defects4j/framework/projects/Mockito/lib/asm-all-5.0.4.jar
  - /d4j/defects4j/framework/projects/Mockito/lib/assertj-core-2.1.0.jar
  - /d4j/defects4j/framework/projects/Mockito/lib/cglib-and-asm-1.0.jar
  - /d4j/defects4j/framework/projects/Mockito/lib/cobertura-2.0.3.jar
  - /d4j/defects4j/framework/projects/Mockito/lib/fest-assert-1.3.jar
  - /d4j/defects4j/framework/projects/Mockito/lib/fest-util-1.1.4.jar
  - /d4j/defects4j/framework/projects/Mockito/lib/hamcrest-all-1.3.jar
  - /d4j/defects4j/framework/projects/Mockito/lib/hamcrest-core-1.1.jar
  - /d4j/defects4j/framework/projects/Mockito/lib/objenesis-2.1.jar
  - /d4j/defects4j/framework/projects/Mockito/lib/objenesis-2.2.jar
  - /d4j/defects4j/framework/projects/Mockito/lib/powermock-reflect-1.2.5.jar
* Finished analyzing classpath
* Generating tests for class org.mockito.internal.util.reflection.GenericMetadataSupport
* Test criterion:
  - Branch Coverage
* Setting up search algorithm for whole suite generation
* Total number of test goals: 110
* Using seed 5000
* Starting evolution
[MASTER] 09:25:51.470 [logback-2] ERROR TestCluster - Failed to check cache for java.lang.reflect.TypeVariable<D> : Type points to itself
[MASTER] 09:25:51.897 [logback-1] WARN  TestChromosome - Functional mock problem: org.evosuite.ga.ConstructionFailedException: Failed to add constructor for org.mockito.internal.util.reflection.GenericMetadataSupport$TypeVarBoundedType due to org.evosuite.ga.ConstructionFailedException: Invalid generic instance
[MASTER] 09:25:51.904 [logback-1] WARN  TestChromosome - Functional mock problem: org.evosuite.ga.ConstructionFailedException: Have no generator for class java.lang.reflect.Method canUseFunctionalMocks=true, canBeMocked: false
[MASTER] 09:25:51.923 [logback-1] WARN  TestChromosome - Functional mock problem: org.evosuite.ga.ConstructionFailedException: Have no generator for class org.mockito.internal.util.reflection.GenericMetadataSupport canUseFunctionalMocks=false, canBeMocked: false
[MASTER] 09:25:51.933 [logback-2] ERROR AbstractStatement - Error assigning value of type TypeVariable[] defined at statement TypeVariable<Method>[] typeVariableArray0 = (TypeVariable<Method>[]) Array.newInstance(TypeVariable.class, 3), assignment statement: typeVariableArray0[0] = (TypeVariable<Method>) typeVariableArray0; SUT=org.mockito.internal.util.reflection.GenericMetadataSupport
[MASTER] 09:25:51.935 [logback-1] WARN  TestChromosome - Functional mock problem: org.evosuite.ga.ConstructionFailedException: Invalid generic instance
[MASTER] 09:25:51.949 [logback-1] WARN  TestChromosome - Functional mock problem: org.evosuite.ga.ConstructionFailedException: Have no generator for class org.mockito.internal.util.reflection.GenericMetadataSupport$TypeVarBoundedType canUseFunctionalMocks=false, canBeMocked: true
[MASTER] 09:25:51.955 [logback-2] ERROR AbstractStatement - Error assigning value of type TypeVariable[] defined at statement TypeVariable<Method>[] typeVariableArray0 = (TypeVariable<Method>[]) Array.newInstance(TypeVariable.class, 8), assignment statement: typeVariableArray0[0] = (TypeVariable<Method>) typeVariableArray0; SUT=org.mockito.internal.util.reflection.GenericMetadataSupport
[MASTER] 09:25:51.986 [logback-2] ERROR AbstractStatement - Error assigning value of type TypeVariable[] defined at statement TypeVariable<Method>[] typeVariableArray0 = (TypeVariable<Method>[]) Array.newInstance(TypeVariable.class, 8), assignment statement: typeVariableArray0[0] = (TypeVariable<Method>) typeVariableArray0; SUT=org.mockito.internal.util.reflection.GenericMetadataSupport
[MASTER] 09:25:52.217 [logback-2] ERROR AbstractStatement - Error assigning value of type TypeVariable[] defined at statement TypeVariable<Class<String>>[] typeVariableArray0 = (TypeVariable<Class<String>>[]) Array.newInstance(TypeVariable.class, 2), assignment statement: typeVariableArray0[0] = (TypeVariable<Class<String>>) typeVariableArray0; SUT=org.mockito.internal.util.reflection.GenericMetadataSupport
[MASTER] 09:25:52.269 [logback-2] ERROR AbstractStatement - Error assigning value of type TypeVariable[] defined at statement TypeVariable<Method>[] typeVariableArray0 = (TypeVariable<Method>[]) Array.newInstance(TypeVariable.class, 9), assignment statement: typeVariableArray0[0] = (TypeVariable<Method>) typeVariableArray0; SUT=org.mockito.internal.util.reflection.GenericMetadataSupport
[MASTER] 09:25:52.343 [logback-2] ERROR AbstractStatement - Error assigning value of type TypeVariable[] defined at statement TypeVariable<Method>[] typeVariableArray0 = (TypeVariable<Method>[]) Array.newInstance(TypeVariable.class, 3), assignment statement: typeVariableArray0[0] = (TypeVariable<Method>) typeVariableArray0; SUT=org.mockito.internal.util.reflection.GenericMetadataSupport
[MASTER] 09:25:52.373 [logback-2] ERROR AbstractStatement - Error assigning value of type TypeVariable[] defined at statement TypeVariable<Method>[] typeVariableArray0 = (TypeVariable<Method>[]) Array.newInstance(TypeVariable.class, 8), assignment statement: typeVariableArray0[0] = (TypeVariable<Method>) typeVariableArray0; SUT=org.mockito.internal.util.reflection.GenericMetadataSupport
[MASTER] 09:25:52.454 [logback-2] ERROR AbstractStatement - Error assigning value of type TypeVariable[] defined at statement TypeVariable<Method>[] typeVariableArray0 = (TypeVariable<Method>[]) Array.newInstance(TypeVariable.class, 8), assignment statement: typeVariableArray0[0] = (TypeVariable<Method>) typeVariableArray0; SUT=org.mockito.internal.util.reflection.GenericMetadataSupport
[MASTER] 09:25:52.480 [logback-2] ERROR AbstractStatement - Error assigning value of type TypeVariable[] defined at statement TypeVariable<Method>[] typeVariableArray0 = (TypeVariable<Method>[]) Array.newInstance(TypeVariable.class, 8), assignment statement: typeVariableArray0[0] = (TypeVariable<Method>) typeVariableArray0; SUT=org.mockito.internal.util.reflection.GenericMetadataSupport
[MASTER] 09:25:52.600 [logback-2] ERROR AbstractStatement - Error assigning value of type TypeVariable[] defined at statement TypeVariable<Class<Object>>[] typeVariableArray0 = (TypeVariable<Class<Object>>[]) Array.newInstance(TypeVariable.class, 1), assignment statement: typeVariableArray0[0] = (TypeVariable<Class<Object>>) typeVariableArray0; SUT=org.mockito.internal.util.reflection.GenericMetadataSupport
[MASTER] 09:25:52.640 [logback-2] ERROR AbstractStatement - Error assigning value of type TypeVariable[] defined at statement TypeVariable<Method>[] typeVariableArray0 = (TypeVariable<Method>[]) Array.newInstance(TypeVariable.class, 8), assignment statement: typeVariableArray0[0] = (TypeVariable<Method>) typeVariableArray0; SUT=org.mockito.internal.util.reflection.GenericMetadataSupport
[MASTER] 09:25:52.701 [logback-2] ERROR AbstractStatement - Error assigning value of type TypeVariable[] defined at statement TypeVariable<Method>[] typeVariableArray0 = (TypeVariable<Method>[]) Array.newInstance(TypeVariable.class, 8), assignment statement: typeVariableArray0[0] = (TypeVariable<Method>) typeVariableArray0; SUT=org.mockito.internal.util.reflection.GenericMetadataSupport
[MASTER] 09:25:52.722 [logback-2] ERROR AbstractStatement - Error assigning value of type TypeVariable[] defined at statement TypeVariable<Method>[] typeVariableArray0 = (TypeVariable<Method>[]) Array.newInstance(TypeVariable.class, 7), assignment statement: typeVariableArray0[0] = (TypeVariable<Method>) typeVariableArray0; SUT=org.mockito.internal.util.reflection.GenericMetadataSupport
[MASTER] 09:25:52.777 [logback-2] ERROR AbstractStatement - Error assigning value of type TypeVariable[] defined at statement TypeVariable<Method>[] typeVariableArray0 = (TypeVariable<Method>[]) Array.newInstance(TypeVariable.class, 8), assignment statement: typeVariableArray0[0] = (TypeVariable<Method>) typeVariableArray0; SUT=org.mockito.internal.util.reflection.GenericMetadataSupport
[MASTER] 09:25:52.787 [logback-2] ERROR AbstractStatement - Error assigning value of type TypeVariable[] defined at statement TypeVariable<Method>[] typeVariableArray0 = (TypeVariable<Method>[]) Array.newInstance(TypeVariable.class, 23), assignment statement: typeVariableArray0[0] = (TypeVariable<Method>) typeVariableArray0; SUT=org.mockito.internal.util.reflection.GenericMetadataSupport
[MASTER] 09:25:52.809 [logback-2] ERROR AbstractStatement - Error assigning value of type TypeVariable[] defined at statement TypeVariable<Method>[] typeVariableArray0 = (TypeVariable<Method>[]) Array.newInstance(TypeVariable.class, 8), assignment statement: typeVariableArray0[0] = (TypeVariable<Method>) typeVariableArray0; SUT=org.mockito.internal.util.reflection.GenericMetadataSupport
[MASTER] 09:25:52.839 [logback-2] ERROR AbstractStatement - Error assigning value of type TypeVariable[] defined at statement TypeVariable<Method>[] typeVariableArray0 = (TypeVariable<Method>[]) Array.newInstance(TypeVariable.class, 8), assignment statement: typeVariableArray0[0] = (TypeVariable<Method>) typeVariableArray0; SUT=org.mockito.internal.util.reflection.GenericMetadataSupport
[MASTER] 09:25:52.885 [logback-2] ERROR AbstractStatement - Error assigning value of type TypeVariable[] defined at statement TypeVariable<Class<Object>>[] typeVariableArray0 = (TypeVariable<Class<Object>>[]) Array.newInstance(TypeVariable.class, 1), assignment statement: typeVariableArray0[0] = (TypeVariable<Class<Object>>) typeVariableArray0; SUT=org.mockito.internal.util.reflection.GenericMetadataSupport
[MASTER] 09:25:52.920 [logback-2] ERROR AbstractStatement - Error assigning value of type TypeVariable[] defined at statement TypeVariable<Method>[] typeVariableArray0 = (TypeVariable<Method>[]) Array.newInstance(TypeVariable.class, 8), assignment statement: typeVariableArray0[0] = (TypeVariable<Method>) typeVariableArray0; SUT=org.mockito.internal.util.reflection.GenericMetadataSupport
[MASTER] 09:25:52.980 [logback-2] ERROR AbstractStatement - Error assigning value of type TypeVariable[] defined at statement TypeVariable<Method>[] typeVariableArray0 = (TypeVariable<Method>[]) Array.newInstance(TypeVariable.class, 8), assignment statement: typeVariableArray0[0] = (TypeVariable<Method>) typeVariableArray0; SUT=org.mockito.internal.util.reflection.GenericMetadataSupport
[MASTER] 09:25:52.995 [logback-2] ERROR AbstractStatement - Error assigning value of type TypeVariable[] defined at statement TypeVariable<Method>[] typeVariableArray0 = (TypeVariable<Method>[]) Array.newInstance(TypeVariable.class, 12), assignment statement: typeVariableArray0[0] = (TypeVariable<Method>) typeVariableArray0; SUT=org.mockito.internal.util.reflection.GenericMetadataSupport
[MASTER] 09:25:53.019 [logback-2] ERROR AbstractStatement - Error assigning value of type TypeVariable[] defined at statement TypeVariable<Method>[] typeVariableArray0 = (TypeVariable<Method>[]) Array.newInstance(TypeVariable.class, 8), assignment statement: typeVariableArray0[0] = (TypeVariable<Method>) typeVariableArray0; SUT=org.mockito.internal.util.reflection.GenericMetadataSupport
[MASTER] 09:25:53.060 [logback-2] ERROR AbstractStatement - Error assigning value of type TypeVariable[] defined at statement TypeVariable<Method>[] typeVariableArray0 = (TypeVariable<Method>[]) Array.newInstance(TypeVariable.class, 8), assignment statement: typeVariableArray0[0] = (TypeVariable<Method>) typeVariableArray0; SUT=org.mockito.internal.util.reflection.GenericMetadataSupport
[MASTER] 09:25:53.087 [logback-2] ERROR AbstractStatement - Error assigning value of type TypeVariable[] defined at statement TypeVariable<Method>[] typeVariableArray0 = (TypeVariable<Method>[]) Array.newInstance(TypeVariable.class, 8), assignment statement: typeVariableArray0[0] = (TypeVariable<Method>) typeVariableArray0; SUT=org.mockito.internal.util.reflection.GenericMetadataSupport
[MASTER] 09:25:53.161 [logback-2] ERROR AbstractStatement - Error assigning value of type TypeVariable[] defined at statement TypeVariable<Method>[] typeVariableArray0 = (TypeVariable<Method>[]) Array.newInstance(TypeVariable.class, 8), assignment statement: typeVariableArray0[0] = (TypeVariable<Method>) typeVariableArray0; SUT=org.mockito.internal.util.reflection.GenericMetadataSupport
[MASTER] 09:25:53.219 [logback-2] ERROR AbstractStatement - Error assigning value of type TypeVariable[] defined at statement TypeVariable<Method>[] typeVariableArray0 = (TypeVariable<Method>[]) Array.newInstance(TypeVariable.class, 3), assignment statement: typeVariableArray0[0] = (TypeVariable<Method>) typeVariableArray0; SUT=org.mockito.internal.util.reflection.GenericMetadataSupport
[MASTER] 09:26:01.429 [logback-2] ERROR AbstractStatement - Error assigning value of type TypeVariable[] defined at statement TypeVariable<Class<String>>[] typeVariableArray0 = (TypeVariable<Class<String>>[]) Array.newInstance(TypeVariable.class, 3), assignment statement: typeVariableArray0[0] = (TypeVariable<Class<String>>) typeVariableArray0; SUT=org.mockito.internal.util.reflection.GenericMetadataSupport
[MASTER] 09:26:03.017 [logback-2] ERROR AbstractStatement - Error assigning value of type TypeVariable[] defined at statement TypeVariable<Method>[] typeVariableArray0 = (TypeVariable<Method>[]) Array.newInstance(TypeVariable.class, 2), assignment statement: typeVariableArray0[0] = (TypeVariable<Method>) typeVariableArray0; SUT=org.mockito.internal.util.reflection.GenericMetadataSupport
[MASTER] 09:26:04.211 [logback-2] ERROR AbstractStatement - Error assigning value of type TypeVariable[] defined at statement TypeVariable<Method>[] typeVariableArray0 = (TypeVariable<Method>[]) Array.newInstance(TypeVariable.class, 1), assignment statement: typeVariableArray0[0] = (TypeVariable<Method>) typeVariableArray0; SUT=org.mockito.internal.util.reflection.GenericMetadataSupport
[MASTER] 09:26:05.938 [logback-2] ERROR AbstractStatement - Error assigning value of type TypeVariable[] defined at statement TypeVariable<Method>[] typeVariableArray0 = (TypeVariable<Method>[]) Array.newInstance(TypeVariable.class, 2), assignment statement: typeVariableArray0[0] = (TypeVariable<Method>) typeVariableArray0; SUT=org.mockito.internal.util.reflection.GenericMetadataSupport
[MASTER] 09:26:11.665 [logback-2] ERROR AbstractStatement - Error assigning value of type TypeVariable[] defined at statement TypeVariable<Method>[] typeVariableArray0 = (TypeVariable<Method>[]) Array.newInstance(TypeVariable.class, 4), assignment statement: typeVariableArray0[0] = (TypeVariable<Method>) typeVariableArray0; SUT=org.mockito.internal.util.reflection.GenericMetadataSupport
[MASTER] 09:26:12.228 [logback-2] ERROR AbstractStatement - Error assigning value of type TypeVariable[] defined at statement TypeVariable<Method>[] typeVariableArray0 = (TypeVariable<Method>[]) Array.newInstance(TypeVariable.class, 1), assignment statement: typeVariableArray0[0] = (TypeVariable<Method>) typeVariableArray0; SUT=org.mockito.internal.util.reflection.GenericMetadataSupport
[MASTER] 09:26:12.478 [logback-2] ERROR AbstractStatement - Error assigning value of type TypeVariable[] defined at statement TypeVariable<Method>[] typeVariableArray0 = (TypeVariable<Method>[]) Array.newInstance(TypeVariable.class, 4), assignment statement: typeVariableArray0[0] = (TypeVariable<Method>) typeVariableArray0; SUT=org.mockito.internal.util.reflection.GenericMetadataSupport
[MASTER] 09:26:14.145 [logback-1] WARN  TestChromosome - Functional mock problem: org.evosuite.ga.ConstructionFailedException: Have no generator for class org.mockito.internal.util.reflection.GenericMetadataSupport$WildCardBoundedType canUseFunctionalMocks=false, canBeMocked: true
[MASTER] 09:26:15.519 [logback-2] ERROR AbstractStatement - Error assigning value of type TypeVariable[] defined at statement TypeVariable<Class<GenericMetadataSupport.TypeVarBoundedType>>[] typeVariableArray0 = (TypeVariable<Class<GenericMetadataSupport.TypeVarBoundedType>>[]) Array.newInstance(TypeVariable.class, 1), assignment statement: typeVariableArray0[0] = (TypeVariable<Class<GenericMetadataSupport.TypeVarBoundedType>>) typeVariableArray0; SUT=org.mockito.internal.util.reflection.GenericMetadataSupport
[MASTER] 09:26:15.536 [logback-2] ERROR AbstractStatement - Error assigning value of type TypeVariable[] defined at statement TypeVariable<Method>[] typeVariableArray0 = (TypeVariable<Method>[]) Array.newInstance(TypeVariable.class, 7), assignment statement: typeVariableArray0[0] = (TypeVariable<Method>) typeVariableArray0; SUT=org.mockito.internal.util.reflection.GenericMetadataSupport
[MASTER] 09:26:15.603 [logback-2] ERROR AbstractStatement - Error assigning value of type TypeVariable[] defined at statement TypeVariable<Method>[] typeVariableArray0 = (TypeVariable<Method>[]) Array.newInstance(TypeVariable.class, 6), assignment statement: typeVariableArray0[0] = (TypeVariable<Method>) typeVariableArray0; SUT=org.mockito.internal.util.reflection.GenericMetadataSupport
[MASTER] 09:26:23.940 [logback-2] ERROR AbstractStatement - Error assigning value of type TypeVariable[] defined at statement TypeVariable<Method>[] typeVariableArray0 = (TypeVariable<Method>[]) Array.newInstance(TypeVariable.class, 1), assignment statement: typeVariableArray0[0] = (TypeVariable<Method>) typeVariableArray0; SUT=org.mockito.internal.util.reflection.GenericMetadataSupport
[MASTER] 09:26:29.841 [logback-2] ERROR AbstractStatement - Error assigning value of type TypeVariable[] defined at statement TypeVariable<Method>[] typeVariableArray0 = (TypeVariable<Method>[]) Array.newInstance(TypeVariable.class, 7), assignment statement: typeVariableArray0[0] = (TypeVariable<Method>) typeVariableArray0; SUT=org.mockito.internal.util.reflection.GenericMetadataSupport
[MASTER] 09:26:31.892 [logback-2] ERROR AbstractStatement - Error assigning value of type TypeVariable[] defined at statement TypeVariable<Method>[] typeVariableArray0 = (TypeVariable<Method>[]) Array.newInstance(TypeVariable.class, 2), assignment statement: typeVariableArray0[0] = (TypeVariable<Method>) typeVariableArray0; SUT=org.mockito.internal.util.reflection.GenericMetadataSupport
[MASTER] 09:26:33.602 [logback-2] ERROR AbstractStatement - Error assigning value of type TypeVariable[] defined at statement TypeVariable<Method>[] typeVariableArray0 = (TypeVariable<Method>[]) Array.newInstance(TypeVariable.class, 4), assignment statement: typeVariableArray0[0] = (TypeVariable<Method>) typeVariableArray0; SUT=org.mockito.internal.util.reflection.GenericMetadataSupport
[MASTER] 09:26:34.013 [logback-2] ERROR AbstractStatement - Error assigning value of type TypeVariable[] defined at statement TypeVariable<Method>[] typeVariableArray0 = (TypeVariable<Method>[]) Array.newInstance(TypeVariable.class, 7), assignment statement: typeVariableArray0[0] = (TypeVariable<Method>) typeVariableArray0; SUT=org.mockito.internal.util.reflection.GenericMetadataSupport
[MASTER] 09:26:37.535 [logback-2] ERROR AbstractStatement - Error assigning value of type TypeVariable[] defined at statement TypeVariable<Method>[] typeVariableArray0 = (TypeVariable<Method>[]) Array.newInstance(TypeVariable.class, 2), assignment statement: typeVariableArray0[0] = (TypeVariable<Method>) typeVariableArray0; SUT=org.mockito.internal.util.reflection.GenericMetadataSupport
[MASTER] 09:26:37.649 [logback-2] ERROR AbstractStatement - Error assigning value of type TypeVariable[] defined at statement TypeVariable<Class<GenericMetadataSupport.TypeVarBoundedType>>[] typeVariableArray0 = (TypeVariable<Class<GenericMetadataSupport.TypeVarBoundedType>>[]) Array.newInstance(TypeVariable.class, 6), assignment statement: typeVariableArray0[0] = (TypeVariable<Class<GenericMetadataSupport.TypeVarBoundedType>>) typeVariableArray0; SUT=org.mockito.internal.util.reflection.GenericMetadataSupport
[MASTER] 09:26:48.151 [logback-2] ERROR AbstractStatement - Error assigning value of type TypeVariable[] defined at statement TypeVariable<Class<GenericMetadataSupport.TypeVarBoundedType>>[] typeVariableArray0 = (TypeVariable<Class<GenericMetadataSupport.TypeVarBoundedType>>[]) Array.newInstance(TypeVariable.class, 2), assignment statement: typeVariableArray0[0] = (TypeVariable<Class<GenericMetadataSupport.TypeVarBoundedType>>) typeVariableArray0; SUT=org.mockito.internal.util.reflection.GenericMetadataSupport
[MASTER] 09:26:48.938 [logback-2] ERROR AbstractStatement - Error assigning value of type TypeVariable[] defined at statement TypeVariable<Method>[] typeVariableArray0 = (TypeVariable<Method>[]) Array.newInstance(TypeVariable.class, 14), assignment statement: typeVariableArray0[0] = (TypeVariable<Method>) typeVariableArray0; SUT=org.mockito.internal.util.reflection.GenericMetadataSupport
[MASTER] 09:26:51.611 [logback-2] ERROR AbstractStatement - Error assigning value of type TypeVariable[] defined at statement TypeVariable<Method>[] typeVariableArray0 = (TypeVariable<Method>[]) Array.newInstance(TypeVariable.class, 2), assignment statement: typeVariableArray0[0] = (TypeVariable<Method>) typeVariableArray0; SUT=org.mockito.internal.util.reflection.GenericMetadataSupport
[MASTER] 09:26:53.133 [logback-2] ERROR AbstractStatement - Error assigning value of type TypeVariable[] defined at statement TypeVariable<Method>[] typeVariableArray0 = (TypeVariable<Method>[]) Array.newInstance(TypeVariable.class, 2), assignment statement: typeVariableArray0[0] = (TypeVariable<Method>) typeVariableArray0; SUT=org.mockito.internal.util.reflection.GenericMetadataSupport
[MASTER] 09:26:53.170 [logback-2] ERROR AbstractStatement - Error assigning value of type TypeVariable[] defined at statement TypeVariable<Method>[] typeVariableArray0 = (TypeVariable<Method>[]) Array.newInstance(TypeVariable.class, 2), assignment statement: typeVariableArray0[0] = (TypeVariable<Method>) typeVariableArray0; SUT=org.mockito.internal.util.reflection.GenericMetadataSupport
[MASTER] 09:26:53.203 [logback-2] ERROR AbstractStatement - Error assigning value of type TypeVariable[] defined at statement TypeVariable<Method>[] typeVariableArray0 = (TypeVariable<Method>[]) Array.newInstance(TypeVariable.class, 2), assignment statement: typeVariableArray0[0] = (TypeVariable<Method>) typeVariableArray0; SUT=org.mockito.internal.util.reflection.GenericMetadataSupport
[MASTER] 09:26:53.239 [logback-2] ERROR AbstractStatement - Error assigning value of type TypeVariable[] defined at statement TypeVariable<Class<String>>[] typeVariableArray0 = (TypeVariable<Class<String>>[]) Array.newInstance(TypeVariable.class, 6), assignment statement: typeVariableArray0[0] = (TypeVariable<Class<String>>) typeVariableArray0; SUT=org.mockito.internal.util.reflection.GenericMetadataSupport
[MASTER] 09:26:53.974 [logback-2] ERROR AbstractStatement - Error assigning value of type TypeVariable[] defined at statement TypeVariable<Method>[] typeVariableArray0 = (TypeVariable<Method>[]) Array.newInstance(TypeVariable.class, 4), assignment statement: typeVariableArray0[0] = (TypeVariable<Method>) typeVariableArray0; SUT=org.mockito.internal.util.reflection.GenericMetadataSupport
[MASTER] 09:26:55.409 [logback-2] ERROR AbstractStatement - Error assigning value of type TypeVariable[] defined at statement TypeVariable<Method>[] typeVariableArray0 = (TypeVariable<Method>[]) Array.newInstance(TypeVariable.class, 6), assignment statement: typeVariableArray0[0] = (TypeVariable<Method>) typeVariableArray0; SUT=org.mockito.internal.util.reflection.GenericMetadataSupport
[MASTER] 09:26:59.817 [logback-2] ERROR AbstractStatement - Error assigning value of type TypeVariable[] defined at statement TypeVariable<Class<Integer>>[] typeVariableArray0 = (TypeVariable<Class<Integer>>[]) Array.newInstance(TypeVariable.class, 1), assignment statement: typeVariableArray0[0] = (TypeVariable<Class<Integer>>) typeVariableArray0; SUT=org.mockito.internal.util.reflection.GenericMetadataSupport
[MASTER] 09:27:03.407 [logback-2] ERROR AbstractStatement - Error assigning value of type TypeVariable[] defined at statement TypeVariable<Class<String>>[] typeVariableArray0 = (TypeVariable<Class<String>>[]) Array.newInstance(TypeVariable.class, 5), assignment statement: typeVariableArray0[0] = (TypeVariable<Class<String>>) typeVariableArray0; SUT=org.mockito.internal.util.reflection.GenericMetadataSupport
[MASTER] 09:27:03.656 [logback-2] ERROR AbstractStatement - Error assigning value of type TypeVariable[] defined at statement TypeVariable<Class<Object>>[] typeVariableArray0 = (TypeVariable<Class<Object>>[]) Array.newInstance(TypeVariable.class, 8), assignment statement: typeVariableArray0[0] = (TypeVariable<Class<Object>>) typeVariableArray0; SUT=org.mockito.internal.util.reflection.GenericMetadataSupport
[MASTER] 09:27:03.851 [logback-2] ERROR AbstractStatement - Error assigning value of type TypeVariable[] defined at statement TypeVariable<Method>[] typeVariableArray0 = (TypeVariable<Method>[]) Array.newInstance(TypeVariable.class, 3), assignment statement: typeVariableArray0[0] = (TypeVariable<Method>) typeVariableArray0; SUT=org.mockito.internal.util.reflection.GenericMetadataSupport
[MASTER] 09:27:06.390 [logback-2] ERROR AbstractStatement - Error assigning value of type TypeVariable[] defined at statement TypeVariable<Method>[] typeVariableArray0 = (TypeVariable<Method>[]) Array.newInstance(TypeVariable.class, 5), assignment statement: typeVariableArray0[0] = (TypeVariable<Method>) typeVariableArray0; SUT=org.mockito.internal.util.reflection.GenericMetadataSupport
[MASTER] 09:27:08.601 [logback-2] ERROR AbstractStatement - Error assigning value of type TypeVariable[] defined at statement TypeVariable<Class<Object>>[] typeVariableArray0 = (TypeVariable<Class<Object>>[]) Array.newInstance(TypeVariable.class, 4), assignment statement: typeVariableArray0[0] = (TypeVariable<Class<Object>>) typeVariableArray0; SUT=org.mockito.internal.util.reflection.GenericMetadataSupport
[MASTER] 09:27:16.465 [logback-2] ERROR AbstractStatement - Error assigning value of type TypeVariable[] defined at statement TypeVariable<Method>[] typeVariableArray0 = (TypeVariable<Method>[]) Array.newInstance(TypeVariable.class, 3), assignment statement: typeVariableArray0[0] = (TypeVariable<Method>) typeVariableArray0; SUT=org.mockito.internal.util.reflection.GenericMetadataSupport
[MASTER] 09:27:21.302 [logback-2] ERROR AbstractStatement - Error assigning value of type TypeVariable[] defined at statement TypeVariable<Method>[] typeVariableArray0 = (TypeVariable<Method>[]) Array.newInstance(TypeVariable.class, 4), assignment statement: typeVariableArray0[0] = (TypeVariable<Method>) typeVariableArray0; SUT=org.mockito.internal.util.reflection.GenericMetadataSupport
[MASTER] 09:27:24.254 [logback-2] ERROR AbstractStatement - Error assigning value of type TypeVariable[] defined at statement TypeVariable<Method>[] typeVariableArray0 = (TypeVariable<Method>[]) Array.newInstance(TypeVariable.class, 1), assignment statement: typeVariableArray0[0] = (TypeVariable<Method>) typeVariableArray0; SUT=org.mockito.internal.util.reflection.GenericMetadataSupport
[MASTER] 09:27:24.315 [logback-2] ERROR AbstractStatement - Error assigning value of type TypeVariable[] defined at statement TypeVariable<Method>[] typeVariableArray0 = (TypeVariable<Method>[]) Array.newInstance(TypeVariable.class, 1), assignment statement: typeVariableArray0[0] = (TypeVariable<Method>) typeVariableArray0; SUT=org.mockito.internal.util.reflection.GenericMetadataSupport
[MASTER] 09:27:24.508 [logback-2] ERROR AbstractStatement - Error assigning value of type TypeVariable[] defined at statement TypeVariable<Method>[] typeVariableArray0 = (TypeVariable<Method>[]) Array.newInstance(TypeVariable.class, 5), assignment statement: typeVariableArray0[0] = (TypeVariable<Method>) typeVariableArray0; SUT=org.mockito.internal.util.reflection.GenericMetadataSupport
[MASTER] 09:27:29.305 [logback-2] ERROR AbstractStatement - Error assigning value of type TypeVariable[] defined at statement TypeVariable<Method>[] typeVariableArray0 = (TypeVariable<Method>[]) Array.newInstance(TypeVariable.class, 1), assignment statement: typeVariableArray0[0] = (TypeVariable<Method>) typeVariableArray0; SUT=org.mockito.internal.util.reflection.GenericMetadataSupport
[MASTER] 09:27:31.114 [logback-2] ERROR AbstractStatement - Error assigning value of type TypeVariable[] defined at statement TypeVariable<Method>[] typeVariableArray0 = (TypeVariable<Method>[]) Array.newInstance(TypeVariable.class, 9), assignment statement: typeVariableArray0[0] = (TypeVariable<Method>) typeVariableArray0; SUT=org.mockito.internal.util.reflection.GenericMetadataSupport
* Search finished after 101s and 2831 generations, 401325 statements, best individual has fitness: 102.0
* Minimizing test suite
* Going to analyze the coverage criteria
* Coverage analysis for criterion BRANCH
* Coverage of criterion BRANCH: 23%
* Total number of goals: 110
* Number of covered goals: 25
* Generated 13 tests with total length 43
* Resulting test suite's coverage: 23%
* Generating assertions
* Resulting test suite's mutation score: 7%
* Writing JUnit test case 'GenericMetadataSupport_ESTest' to evosuite-branch
* Done!

* Computation finished
