* EvoSuite 1.0.6
* Going to generate test cases for class: org.mockito.internal.invocation.InvocationMatcher
* Starting client
* Connecting to master process on port 14953
* Analyzing classpath: 
  - /tmp/run_evosuite.pl_137990_1545158839/build/classes/main
  - /defects4j/framework/projects/Mockito/lib/asm-all-5.0.4.jar
  - /defects4j/framework/projects/Mockito/lib/assertj-core-2.1.0.jar
  - /defects4j/framework/projects/Mockito/lib/cglib-and-asm-1.0.jar
  - /defects4j/framework/projects/Mockito/lib/cobertura-2.0.3.jar
  - /defects4j/framework/projects/Mockito/lib/fest-assert-1.3.jar
  - /defects4j/framework/projects/Mockito/lib/fest-util-1.1.4.jar
  - /defects4j/framework/projects/Mockito/lib/hamcrest-all-1.3.jar
  - /defects4j/framework/projects/Mockito/lib/hamcrest-core-1.1.jar
  - /defects4j/framework/projects/Mockito/lib/objenesis-2.1.jar
  - /defects4j/framework/projects/Mockito/lib/objenesis-2.2.jar
  - /defects4j/framework/projects/Mockito/lib/powermock-reflect-1.2.5.jar
  - /tmp/run_evosuite.pl_137990_1545158839/compileLib/byte-buddy-0.6.8.jar
* Finished analyzing classpath
* Generating tests for class org.mockito.internal.invocation.InvocationMatcher
* Test criterion:
  - Branch Coverage
* Setting up search algorithm for whole suite generation
* Total number of test goals: 69
* Using seed 1000
* Starting evolution
[MASTER] 10:48:00.270 [logback-2] ERROR TestCluster - Failed to check cache for org.hamcrest.beans.HasProperty<T> : Type points to itself
[MASTER] 10:48:00.270 [logback-2] ERROR TestCluster - Failed to check cache for org.hamcrest.beans.HasPropertyWithValue<T> : Type points to itself
[MASTER] 10:48:00.270 [logback-2] ERROR TestCluster - Failed to check cache for org.hamcrest.beans.SamePropertyValuesAs<T> : Type points to itself
[MASTER] 10:48:00.270 [logback-2] ERROR TestCluster - Failed to check cache for org.hamcrest.beans.SamePropertyValuesAs<T>.PropertyMatcher : Type points to itself
[MASTER] 10:48:00.270 [logback-2] ERROR TestCluster - Failed to check cache for org.hamcrest.collection.IsArray<T> : Type points to itself
[MASTER] 10:48:00.270 [logback-2] ERROR TestCluster - Failed to check cache for org.hamcrest.collection.IsArrayContaining<T> : Type points to itself
[MASTER] 10:48:00.270 [logback-2] ERROR TestCluster - Failed to check cache for org.hamcrest.collection.IsArrayContainingInAnyOrder<E> : Type points to itself
[MASTER] 10:48:00.270 [logback-2] ERROR TestCluster - Failed to check cache for org.hamcrest.collection.IsArrayContainingInOrder<E> : Type points to itself
[MASTER] 10:48:00.270 [logback-2] ERROR TestCluster - Failed to check cache for org.hamcrest.collection.IsArrayWithSize<E> : Type points to itself
[MASTER] 10:48:00.270 [logback-2] ERROR TestCluster - Failed to check cache for org.hamcrest.collection.IsCollectionWithSize<E> : Type points to itself
[MASTER] 10:48:00.270 [logback-2] ERROR TestCluster - Failed to check cache for org.hamcrest.collection.IsEmptyCollection<E> : Type points to itself
[MASTER] 10:48:00.270 [logback-2] ERROR TestCluster - Failed to check cache for org.hamcrest.collection.IsEmptyIterable<E> : Type points to itself
[MASTER] 10:48:00.270 [logback-2] ERROR TestCluster - Failed to check cache for org.hamcrest.collection.IsIn<T> : Type points to itself
[MASTER] 10:48:00.270 [logback-2] ERROR TestCluster - Failed to check cache for org.hamcrest.collection.IsIterableContainingInAnyOrder<T> : Type points to itself
[MASTER] 10:48:00.271 [logback-2] ERROR TestCluster - Failed to check cache for org.hamcrest.collection.IsIterableContainingInOrder<E> : Type points to itself
[MASTER] 10:48:00.271 [logback-2] ERROR TestCluster - Failed to check cache for org.hamcrest.collection.IsIterableWithSize<E> : Type points to itself
[MASTER] 10:48:00.271 [logback-2] ERROR TestCluster - Failed to check cache for org.hamcrest.collection.IsMapContaining<K, V> : Type points to itself
[MASTER] 10:48:00.271 [logback-2] ERROR TestCluster - Failed to check cache for org.hamcrest.core.AllOf<T> : Type points to itself
[MASTER] 10:48:00.271 [logback-2] ERROR TestCluster - Failed to check cache for org.hamcrest.core.AnyOf<T> : Type points to itself
[MASTER] 10:48:00.271 [logback-2] ERROR TestCluster - Failed to check cache for org.hamcrest.core.CombinableMatcher<T> : Type points to itself
[MASTER] 10:48:00.271 [logback-2] ERROR TestCluster - Failed to check cache for org.hamcrest.core.DescribedAs<T> : Type points to itself
[MASTER] 10:48:00.271 [logback-2] ERROR TestCluster - Failed to check cache for org.hamcrest.core.Every<T> : Type points to itself
[MASTER] 10:48:00.271 [logback-2] ERROR TestCluster - Failed to check cache for org.hamcrest.core.Is<T> : Type points to itself
[MASTER] 10:48:00.272 [logback-2] ERROR TestCluster - Failed to check cache for org.hamcrest.core.IsAnything<T> : Type points to itself
[MASTER] 10:48:00.272 [logback-2] ERROR TestCluster - Failed to check cache for org.hamcrest.core.IsCollectionContaining<T> : Type points to itself
[MASTER] 10:48:00.272 [logback-2] ERROR TestCluster - Failed to check cache for org.hamcrest.core.IsEqual<T> : Type points to itself
[MASTER] 10:48:00.272 [logback-2] ERROR TestCluster - Failed to check cache for org.hamcrest.core.IsNot<T> : Type points to itself
[MASTER] 10:48:00.272 [logback-2] ERROR TestCluster - Failed to check cache for org.hamcrest.core.IsNull<T> : Type points to itself
[MASTER] 10:48:00.272 [logback-2] ERROR TestCluster - Failed to check cache for org.hamcrest.core.IsSame<T> : Type points to itself
[MASTER] 10:48:00.273 [logback-2] ERROR TestCluster - Failed to check cache for org.hamcrest.object.HasToString<T> : Type points to itself
[MASTER] 10:48:00.273 [logback-2] ERROR TestCluster - Failed to check cache for org.hamcrest.object.IsCompatibleType<T> : Type points to itself
[MASTER] 10:48:00.274 [logback-2] ERROR TestCluster - Failed to check cache for org.mockito.internal.matchers.CapturingMatcher<T> : Type points to itself
[MASTER] 10:48:00.274 [logback-2] ERROR TestCluster - Failed to check cache for org.mockito.internal.matchers.VarargCapturingMatcher<T> : Type points to itself
[MASTER] 10:48:31.361 [logback-2] ERROR TestCluster - Failed to check cache for java.util.Comparator<T> : Type points to itself
[MASTER] 10:48:31.735 [logback-1] WARN  TestChromosome - Functional mock problem: org.evosuite.ga.ConstructionFailedException: Failed to add constructor for org.mockito.internal.invocation.InvocationImpl due to org.evosuite.ga.ConstructionFailedException: Failed to add constructor for org.mockito.internal.invocation.SerializableMethod due to org.evosuite.ga.ConstructionFailedException: Have no generator for class org.mockito.internal.invocation.InvocationImpl canUseFunctionalMocks=false, canBeMocked: true
[MASTER] 10:48:32.132 [logback-1] WARN  TestChromosome - Functional mock problem: org.evosuite.ga.ConstructionFailedException: Failed to add constructor for org.mockito.internal.invocation.StubInfoImpl due to org.evosuite.ga.ConstructionFailedException: Failed to add constructor for org.mockito.internal.invocation.InvocationMatcher due to org.evosuite.ga.ConstructionFailedException: Failed to add constructor for org.mockito.internal.invocation.InvocationImpl due to org.evosuite.ga.ConstructionFailedException: Failed to add constructor for org.mockito.internal.invocation.SerializableMethod due to org.evosuite.ga.ConstructionFailedException: Have no generator for class org.mockito.internal.invocation.InvocationImpl canUseFunctionalMocks=false, canBeMocked: true
[MASTER] 10:48:32.236 [logback-1] WARN  TestChromosome - Functional mock problem: org.evosuite.ga.ConstructionFailedException: Failed to add constructor for org.mockito.internal.invocation.InvocationMatcher due to org.evosuite.ga.ConstructionFailedException: Failed to add constructor for org.mockito.internal.invocation.InvocationImpl due to org.evosuite.ga.ConstructionFailedException: Failed to add constructor for org.mockito.internal.invocation.SerializableMethod due to org.evosuite.ga.ConstructionFailedException: Have no generator for class org.mockito.internal.invocation.InvocationImpl canUseFunctionalMocks=false, canBeMocked: true
[MASTER] 10:48:34.682 [logback-1] WARN  TestChromosome - Functional mock problem: org.evosuite.ga.ConstructionFailedException: Failed to add constructor for org.mockito.internal.stubbing.StubbedInvocationMatcher due to org.evosuite.ga.ConstructionFailedException: Failed to add constructor for org.mockito.internal.invocation.InvocationMatcher due to org.evosuite.ga.ConstructionFailedException: Failed to add constructor for org.mockito.internal.invocation.InvocationImpl due to org.evosuite.ga.ConstructionFailedException: Failed to add constructor for org.mockito.internal.invocation.SerializableMethod due to org.evosuite.ga.ConstructionFailedException: Have no generator for class org.mockito.internal.invocation.InvocationImpl canUseFunctionalMocks=false, canBeMocked: true
[MASTER] 10:48:35.311 [logback-1] WARN  TestChromosome - Functional mock problem: org.evosuite.ga.ConstructionFailedException: Failed to add constructor for org.mockito.internal.stubbing.StubbedInvocationMatcher due to org.evosuite.ga.ConstructionFailedException: Failed to add constructor for org.mockito.internal.invocation.InvocationMatcher due to org.evosuite.ga.ConstructionFailedException: Failed to add constructor for org.mockito.internal.invocation.InvocationImpl due to org.evosuite.ga.ConstructionFailedException: Failed to add constructor for org.mockito.internal.invocation.SerializableMethod due to org.evosuite.ga.ConstructionFailedException: Max recursion depth reached
[MASTER] 10:48:35.743 [logback-1] WARN  TestChromosome - Functional mock problem: org.evosuite.ga.ConstructionFailedException: Failed to add constructor for org.mockito.internal.invocation.InvocationMatcher due to org.evosuite.ga.ConstructionFailedException: Failed to add constructor for org.mockito.internal.invocation.InvocationImpl due to org.evosuite.ga.ConstructionFailedException: Failed to add constructor for org.mockito.internal.invocation.SerializableMethod due to org.evosuite.ga.ConstructionFailedException: Failed to add constructor for org.mockito.internal.invocation.InvocationMatcher due to org.evosuite.ga.ConstructionFailedException: Max recursion depth reached
[MASTER] 10:48:48.359 [logback-1] WARN  TestChromosome - Functional mock problem: org.evosuite.ga.ConstructionFailedException: Have no generator for class org.mockito.internal.invocation.InvocationImpl canUseFunctionalMocks=false, canBeMocked: true
[MASTER] 10:48:58.540 [logback-1] WARN  TestChromosome - Functional mock problem: org.evosuite.ga.ConstructionFailedException: Failed to add constructor for org.mockito.internal.invocation.InvocationImpl due to org.evosuite.ga.ConstructionFailedException: Failed to add constructor for org.mockito.internal.invocation.SerializableMethod due to org.evosuite.ga.ConstructionFailedException: Failed to add constructor for org.mockito.internal.invocation.InvocationMatcher due to org.evosuite.ga.ConstructionFailedException: Failed to add constructor for org.mockito.internal.stubbing.StubbedInvocationMatcher due to org.evosuite.ga.ConstructionFailedException: Max recursion depth reached
[MASTER] 10:49:00.765 [logback-1] WARN  TestChromosome - Functional mock problem: org.evosuite.ga.ConstructionFailedException: Failed to add constructor for org.mockito.internal.stubbing.StubbedInvocationMatcher due to org.evosuite.ga.ConstructionFailedException: Failed to add constructor for org.mockito.internal.invocation.InvocationMatcher due to org.evosuite.ga.ConstructionFailedException: Failed to add constructor for org.mockito.internal.invocation.InvocationImpl due to org.evosuite.ga.ConstructionFailedException: Failed to add constructor for org.hamcrest.text.StringContainsInOrder due to org.evosuite.ga.ConstructionFailedException: Failed to add constructor for java.util.PriorityQueue due to org.evosuite.ga.ConstructionFailedException: Max recursion depth reached
[MASTER] 10:49:01.123 [logback-1] WARN  TestChromosome - Functional mock problem: org.evosuite.ga.ConstructionFailedException: Failed to add constructor for org.mockito.internal.invocation.InvocationImpl due to org.evosuite.ga.ConstructionFailedException: Failed to add constructor for org.mockito.internal.invocation.SerializableMethod due to org.evosuite.ga.ConstructionFailedException: Failed to add constructor for org.mockito.internal.stubbing.StubbedInvocationMatcher due to org.evosuite.ga.ConstructionFailedException: Failed to add constructor for org.mockito.internal.invocation.InvocationMatcher due to org.evosuite.ga.ConstructionFailedException: Max recursion depth reached
[MASTER] 10:49:02.888 [logback-1] WARN  TestChromosome - Functional mock problem: org.evosuite.ga.ConstructionFailedException: Failed to add constructor for org.mockito.internal.invocation.StubInfoImpl due to org.evosuite.ga.ConstructionFailedException: Failed to add constructor for org.mockito.internal.invocation.InvocationImpl due to org.evosuite.ga.ConstructionFailedException: Failed to add constructor for org.mockito.internal.invocation.SerializableMethod due to org.evosuite.ga.ConstructionFailedException: Have no generator for class org.mockito.internal.invocation.InvocationImpl canUseFunctionalMocks=false, canBeMocked: true
[MASTER] 10:49:05.966 [logback-1] WARN  TestChromosome - Functional mock problem: org.evosuite.ga.ConstructionFailedException: Failed to add constructor for org.mockito.internal.invocation.InvocationMatcher due to org.evosuite.ga.ConstructionFailedException: Failed to add constructor for org.mockito.internal.invocation.InvocationMatcher due to org.evosuite.ga.ConstructionFailedException: Failed to add constructor for org.mockito.internal.invocation.InvocationImpl due to org.evosuite.ga.ConstructionFailedException: Failed to add constructor for org.mockito.internal.invocation.SerializableMethod due to org.evosuite.ga.ConstructionFailedException: Max recursion depth reached
[MASTER] 10:49:10.467 [logback-1] WARN  TestChromosome - Functional mock problem: org.evosuite.ga.ConstructionFailedException: Failed to add constructor for org.mockito.internal.invocation.InvocationImpl due to org.evosuite.ga.ConstructionFailedException: Failed to add constructor for org.mockito.internal.invocation.InvocationImpl due to org.evosuite.ga.ConstructionFailedException: Failed to add constructor for org.mockito.internal.invocation.SerializableMethod due to org.evosuite.ga.ConstructionFailedException: Failed to add constructor for org.mockito.internal.invocation.InvocationMatcher due to org.evosuite.ga.ConstructionFailedException: Max recursion depth reached
[MASTER] 10:49:19.372 [logback-1] WARN  TestChromosome - Functional mock problem: org.evosuite.ga.ConstructionFailedException: Have no generator for class org.mockito.internal.invocation.InvocationMatcher canUseFunctionalMocks=false, canBeMocked: false
[MASTER] 10:49:19.877 [logback-1] WARN  TestChromosome - Functional mock problem: org.evosuite.ga.ConstructionFailedException: Failed to add constructor for org.mockito.internal.invocation.InvocationImpl due to org.evosuite.ga.ConstructionFailedException: Failed to add constructor for org.mockito.internal.invocation.SerializableMethod due to org.evosuite.ga.ConstructionFailedException: Failed to add constructor for org.mockito.internal.stubbing.StubbedInvocationMatcher due to org.evosuite.ga.ConstructionFailedException: Have no generator for class org.mockito.internal.invocation.InvocationMatcher canUseFunctionalMocks=true, canBeMocked: false
[MASTER] 10:49:20.037 [logback-1] WARN  TestChromosome - Functional mock problem: org.evosuite.ga.ConstructionFailedException: Have no generator for class java.lang.reflect.Method canUseFunctionalMocks=true, canBeMocked: false
[MASTER] 10:49:20.377 [logback-1] WARN  TestChromosome - Functional mock problem: org.evosuite.ga.ConstructionFailedException: Failed to add constructor for org.mockito.internal.invocation.InvocationMatcher due to org.evosuite.ga.ConstructionFailedException: Failed to add constructor for org.mockito.internal.stubbing.StubbedInvocationMatcher due to org.evosuite.ga.ConstructionFailedException: Have no generator for class org.mockito.internal.invocation.InvocationMatcher canUseFunctionalMocks=true, canBeMocked: false
[MASTER] 10:49:20.494 [logback-1] WARN  TestChromosome - Functional mock problem: org.evosuite.ga.ConstructionFailedException: Failed to add constructor for org.mockito.internal.invocation.InvocationMatcher due to org.evosuite.ga.ConstructionFailedException: Failed to add constructor for org.mockito.internal.invocation.InvocationImpl due to org.evosuite.ga.ConstructionFailedException: Have no generator for class org.mockito.internal.invocation.InvocationImpl canUseFunctionalMocks=false, canBeMocked: true
[MASTER] 10:49:23.517 [logback-1] WARN  TestChromosome - Functional mock problem: org.evosuite.ga.ConstructionFailedException: Failed to add constructor for org.mockito.internal.invocation.InvocationImpl due to org.evosuite.ga.ConstructionFailedException: Failed to add constructor for org.mockito.internal.invocation.SerializableMethod due to org.evosuite.ga.ConstructionFailedException: Failed to add constructor for org.mockito.internal.invocation.InvocationMatcher due to org.evosuite.ga.ConstructionFailedException: Failed to add constructor for org.mockito.internal.invocation.InvocationMatcher due to org.evosuite.ga.ConstructionFailedException: Max recursion depth reached
[MASTER] 10:49:24.063 [logback-1] WARN  TestChromosome - Functional mock problem: org.evosuite.ga.ConstructionFailedException: Failed to add constructor for org.mockito.internal.stubbing.StubbedInvocationMatcher due to org.evosuite.ga.ConstructionFailedException: Failed to add constructor for org.mockito.internal.invocation.InvocationMatcher due to org.evosuite.ga.ConstructionFailedException: Failed to add constructor for org.mockito.internal.invocation.InvocationImpl due to org.evosuite.ga.ConstructionFailedException: Failed to add constructor for org.hamcrest.xml.HasXPath due to org.evosuite.ga.ConstructionFailedException: Max recursion depth reached
[MASTER] 10:49:27.791 [logback-1] WARN  TestChromosome - Functional mock problem: org.evosuite.ga.ConstructionFailedException: Failed to add constructor for org.mockito.internal.invocation.InvocationImpl due to org.evosuite.ga.ConstructionFailedException: Failed to add constructor for org.mockito.internal.stubbing.StubbedInvocationMatcher due to org.evosuite.ga.ConstructionFailedException: Failed to add constructor for org.mockito.internal.invocation.InvocationMatcher due to org.evosuite.ga.ConstructionFailedException: Max recursion depth reached
[MASTER] 10:49:30.346 [logback-1] WARN  TestChromosome - Functional mock problem: org.evosuite.ga.ConstructionFailedException: Failed to add constructor for org.mockito.internal.stubbing.StubbedInvocationMatcher due to org.evosuite.ga.ConstructionFailedException: Failed to add constructor for org.mockito.internal.invocation.InvocationMatcher due to org.evosuite.ga.ConstructionFailedException: Have no generator for class org.mockito.internal.invocation.InvocationMatcher canUseFunctionalMocks=false, canBeMocked: false
[MASTER] 10:49:31.940 [logback-1] WARN  TestChromosome - Functional mock problem: org.evosuite.ga.ConstructionFailedException: Failed to add constructor for org.mockito.internal.invocation.StubInfoImpl due to org.evosuite.ga.ConstructionFailedException: Failed to add constructor for org.mockito.internal.stubbing.StubbedInvocationMatcher due to org.evosuite.ga.ConstructionFailedException: Failed to add constructor for org.mockito.internal.invocation.InvocationMatcher due to org.evosuite.ga.ConstructionFailedException: Failed to add constructor for org.mockito.internal.invocation.InvocationImpl due to org.evosuite.ga.ConstructionFailedException: Failed to add constructor for org.mockito.internal.invocation.SerializableMethod due to org.evosuite.ga.ConstructionFailedException: Max recursion depth reached
[MASTER] 10:49:37.320 [logback-1] WARN  TestChromosome - Functional mock problem: org.evosuite.ga.ConstructionFailedException: Failed to add constructor for org.hamcrest.xml.HasXPath due to org.evosuite.ga.ConstructionFailedException: Failed to add constructor for org.hamcrest.core.AnyOf due to org.evosuite.ga.ConstructionFailedException: Error: VariableReference: Statement 9, type java.util.HashSet<org.hamcrest.Matcher<java.lang.Object>> is not assignable to java.lang.Iterable<org.hamcrest.Matcher<? super java.lang.String>>
[MASTER] 10:49:40.596 [logback-1] WARN  TestChromosome - Functional mock problem: org.evosuite.ga.ConstructionFailedException: Failed to add constructor for org.mockito.internal.invocation.StubInfoImpl due to org.evosuite.ga.ConstructionFailedException: Failed to add constructor for org.mockito.internal.stubbing.StubbedInvocationMatcher due to org.evosuite.ga.ConstructionFailedException: Failed to add constructor for org.mockito.internal.invocation.InvocationMatcher due to org.evosuite.ga.ConstructionFailedException: Failed to add constructor for org.mockito.internal.invocation.InvocationImpl due to org.evosuite.ga.ConstructionFailedException: Failed to add constructor for org.mockito.internal.invocation.realmethod.CleanTraceRealMethod due to org.evosuite.ga.ConstructionFailedException: Max recursion depth reached
* Search finished after 101s and 468 generations, 111441 statements, best individual has fitness: 57.0
* Minimizing test suite
* Going to analyze the coverage criteria
* Coverage analysis for criterion BRANCH
* Coverage of criterion BRANCH: 20%
* Total number of goals: 69
* Number of covered goals: 14
* Generated 8 tests with total length 37
* Resulting test suite's coverage: 20%
* Generating assertions
* Resulting test suite's mutation score: 2%
* Writing JUnit test case 'InvocationMatcher_ESTest' to evosuite-branch
* Done!

* Computation finished
