* EvoSuite 1.0.6
* Going to generate test cases for class: org.mockito.internal.util.MockUtil
* Starting client
* Connecting to master process on port 2830
* Analyzing classpath: 
  - /tmp/run_evosuite.pl_143943_1546642991/target/classes
  - /d4j/defects4j/framework/projects/Mockito/lib/asm-all-5.0.4.jar
  - /d4j/defects4j/framework/projects/Mockito/lib/assertj-core-2.1.0.jar
  - /d4j/defects4j/framework/projects/Mockito/lib/cglib-and-asm-1.0.jar
  - /d4j/defects4j/framework/projects/Mockito/lib/cobertura-2.0.3.jar
  - /d4j/defects4j/framework/projects/Mockito/lib/fest-assert-1.3.jar
  - /d4j/defects4j/framework/projects/Mockito/lib/fest-util-1.1.4.jar
  - /d4j/defects4j/framework/projects/Mockito/lib/hamcrest-all-1.3.jar
  - /d4j/defects4j/framework/projects/Mockito/lib/hamcrest-core-1.1.jar
  - /d4j/defects4j/framework/projects/Mockito/lib/objenesis-2.1.jar
  - /d4j/defects4j/framework/projects/Mockito/lib/objenesis-2.2.jar
  - /d4j/defects4j/framework/projects/Mockito/lib/powermock-reflect-1.2.5.jar
* Finished analyzing classpath
* Generating tests for class org.mockito.internal.util.MockUtil
* Test criterion:
  - Branch Coverage
* Setting up search algorithm for whole suite generation
* Total number of test goals: 27
* Using seed 3000
* Starting evolution
[MASTER] 15:03:19.559 [logback-2] ERROR TestCluster - Failed to check cache for org.mockito.internal.InvocationNotifierHandler<T> : Type points to itself
[MASTER] 15:03:19.559 [logback-2] ERROR TestCluster - Failed to check cache for org.mockito.internal.MockHandler<T> : Type points to itself
[MASTER] 15:04:36.969 [logback-2] ERROR TestCluster - Failed to check cache for java.util.List<E> : Type points to itself
[MASTER] 15:04:38.744 [logback-1] WARN  TestChromosome - Functional mock problem: org.evosuite.ga.ConstructionFailedException: Failed to add constructor for org.mockito.internal.InvocationNotifierHandler due to org.evosuite.ga.ConstructionFailedException: Failed to add constructor for org.mockito.internal.MockHandler due to org.evosuite.ga.ConstructionFailedException: Failed to add constructor for org.mockito.internal.MockHandler due to org.evosuite.ga.ConstructionFailedException: Max recursion depth reached
* Search finished after 101s and 3326 generations, 490475 statements, best individual has fitness: 6.0
* Minimizing test suite
* Going to analyze the coverage criteria
* Coverage analysis for criterion BRANCH
* Coverage of criterion BRANCH: 70%
* Total number of goals: 27
* Number of covered goals: 19
* Generated 8 tests with total length 42
* Resulting test suite's coverage: 70%
* Generating assertions
* Resulting test suite's mutation score: 19%
* Permissions denied during test execution: 
  - java.lang.RuntimePermission: 
         writeFileDescriptor: 11
* Writing JUnit test case 'MockUtil_ESTest' to evosuite-branch
* Done!

* Computation finished
