* EvoSuite 1.0.6
* Going to generate test cases for class: org.mockito.internal.MockHandler
* Starting client
* Connecting to master process on port 14953
* Analyzing classpath: 
  - /tmp/run_evosuite.pl_10166_1545127454/target/classes
  - /defects4j/framework/projects/Mockito/lib/asm-all-5.0.4.jar
  - /defects4j/framework/projects/Mockito/lib/assertj-core-2.1.0.jar
  - /defects4j/framework/projects/Mockito/lib/cglib-and-asm-1.0.jar
  - /defects4j/framework/projects/Mockito/lib/cobertura-2.0.3.jar
  - /defects4j/framework/projects/Mockito/lib/fest-assert-1.3.jar
  - /defects4j/framework/projects/Mockito/lib/fest-util-1.1.4.jar
  - /defects4j/framework/projects/Mockito/lib/hamcrest-all-1.3.jar
  - /defects4j/framework/projects/Mockito/lib/hamcrest-core-1.1.jar
  - /defects4j/framework/projects/Mockito/lib/objenesis-2.1.jar
  - /defects4j/framework/projects/Mockito/lib/objenesis-2.2.jar
  - /defects4j/framework/projects/Mockito/lib/powermock-reflect-1.2.5.jar
* Finished analyzing classpath
* Generating tests for class org.mockito.internal.MockHandler
* Test criterion:
  - Branch Coverage
* Setting up search algorithm for whole suite generation
* Total number of test goals: 17
* Using seed 1000
* Starting evolution
[MASTER] 02:04:26.086 [logback-2] ERROR TestCluster - Failed to check cache for java.util.Comparator<T> : Type points to itself
[MASTER] 02:04:26.570 [logback-1] WARN  TestChromosome - Functional mock problem: org.evosuite.ga.ConstructionFailedException: Failed to add constructor for org.mockito.internal.invocation.Invocation due to org.evosuite.ga.ConstructionFailedException: Failed to add constructor for org.mockito.internal.invocation.SerializableMethod due to org.evosuite.ga.ConstructionFailedException: Have no generator for class org.mockito.internal.invocation.Invocation canUseFunctionalMocks=false, canBeMocked: true
[MASTER] 02:04:26.602 [logback-1] WARN  TestChromosome - Functional mock problem: org.evosuite.ga.ConstructionFailedException: Have no generator for class org.mockito.internal.invocation.Invocation canUseFunctionalMocks=false, canBeMocked: true
[MASTER] 02:04:26.681 [logback-1] WARN  TestChromosome - Functional mock problem: org.evosuite.ga.ConstructionFailedException: Failed to add constructor for org.mockito.internal.invocation.InvocationMatcher due to org.evosuite.ga.ConstructionFailedException: Failed to add constructor for org.mockito.internal.invocation.Invocation due to org.evosuite.ga.ConstructionFailedException: Failed to add constructor for org.mockito.internal.invocation.realmethod.FilteredCGLIBProxyRealMethod due to org.evosuite.ga.ConstructionFailedException: Failed to add constructor for org.mockito.internal.invocation.realmethod.FilteredCGLIBProxyRealMethod due to org.evosuite.ga.ConstructionFailedException: Failed to add constructor for org.mockito.internal.creation.SerializableMockitoMethodProxy due to org.evosuite.ga.ConstructionFailedException: Max recursion depth reached
[MASTER] 02:04:26.813 [logback-1] WARN  TestChromosome - Functional mock problem: org.evosuite.ga.ConstructionFailedException: Failed to add constructor for org.mockito.internal.invocation.Invocation due to org.evosuite.ga.ConstructionFailedException: Failed to add constructor for org.mockito.internal.invocation.realmethod.FilteredCGLIBProxyRealMethod due to org.evosuite.ga.ConstructionFailedException: Failed to add constructor for org.mockito.internal.invocation.realmethod.CGLIBProxyRealMethod due to org.evosuite.ga.ConstructionFailedException: Failed to add constructor for org.mockito.internal.creation.SerializableMockitoMethodProxy due to org.evosuite.ga.ConstructionFailedException: Max recursion depth reached
[MASTER] 02:04:26.982 [logback-1] WARN  TestChromosome - Functional mock problem: org.evosuite.ga.ConstructionFailedException: Failed to add constructor for org.mockito.internal.invocation.Invocation due to org.evosuite.ga.ConstructionFailedException: Failed to add constructor for org.mockito.internal.invocation.SerializableMethod due to org.evosuite.ga.ConstructionFailedException: Failed to add constructor for org.mockito.internal.stubbing.StubbedInvocationMatcher due to org.evosuite.ga.ConstructionFailedException: Failed to add constructor for org.mockito.internal.invocation.InvocationMatcher due to org.evosuite.ga.ConstructionFailedException: Max recursion depth reached
[MASTER] 02:04:27.049 [logback-1] WARN  TestChromosome - Functional mock problem: org.evosuite.ga.ConstructionFailedException: Have no generator for class java.lang.reflect.Method canUseFunctionalMocks=true, canBeMocked: false
[MASTER] 02:04:27.373 [logback-1] WARN  TestChromosome - Functional mock problem: org.evosuite.ga.ConstructionFailedException: Failed to add constructor for org.mockito.internal.stubbing.StubbedInvocationMatcher due to org.evosuite.ga.ConstructionFailedException: Failed to add constructor for org.mockito.internal.invocation.Invocation due to org.evosuite.ga.ConstructionFailedException: Failed to add constructor for org.mockito.internal.invocation.SerializableMethod due to org.evosuite.ga.ConstructionFailedException: Have no generator for class org.mockito.internal.invocation.Invocation canUseFunctionalMocks=false, canBeMocked: true
[MASTER] 02:04:27.410 [logback-1] WARN  TestChromosome - Functional mock problem: org.evosuite.ga.ConstructionFailedException: Failed to add constructor for org.mockito.internal.invocation.Invocation due to org.evosuite.ga.ConstructionFailedException: Have no generator for class org.mockito.internal.invocation.Invocation canUseFunctionalMocks=false, canBeMocked: true
* Search finished after 101s and 1578 generations, 201463 statements, best individual has fitness: 5.0
* Minimizing test suite
* Going to analyze the coverage criteria
* Coverage analysis for criterion BRANCH
* Coverage of criterion BRANCH: 65%
* Total number of goals: 17
* Number of covered goals: 11
* Generated 6 tests with total length 18
* Resulting test suite's coverage: 65%
* Generating assertions
* Resulting test suite's mutation score: 0%
* Writing JUnit test case 'MockHandler_ESTest' to evosuite-branch
* Done!

* Computation finished
* EvoSuite 1.0.6
* Going to generate test cases for class: org.mockito.internal.MockitoCore
* Starting client
* Connecting to master process on port 14953
* Analyzing classpath: 
  - /tmp/run_evosuite.pl_10166_1545127454/target/classes
  - /defects4j/framework/projects/Mockito/lib/asm-all-5.0.4.jar
  - /defects4j/framework/projects/Mockito/lib/assertj-core-2.1.0.jar
  - /defects4j/framework/projects/Mockito/lib/cglib-and-asm-1.0.jar
  - /defects4j/framework/projects/Mockito/lib/cobertura-2.0.3.jar
  - /defects4j/framework/projects/Mockito/lib/fest-assert-1.3.jar
  - /defects4j/framework/projects/Mockito/lib/fest-util-1.1.4.jar
  - /defects4j/framework/projects/Mockito/lib/hamcrest-all-1.3.jar
  - /defects4j/framework/projects/Mockito/lib/hamcrest-core-1.1.jar
  - /defects4j/framework/projects/Mockito/lib/objenesis-2.1.jar
  - /defects4j/framework/projects/Mockito/lib/objenesis-2.2.jar
  - /defects4j/framework/projects/Mockito/lib/powermock-reflect-1.2.5.jar
* Finished analyzing classpath
* Generating tests for class org.mockito.internal.MockitoCore
* Test criterion:
  - Branch Coverage
* Setting up search algorithm for whole suite generation
* Total number of test goals: 35
* Using seed 1000
* Starting evolution
[MASTER] 02:06:10.929 [logback-2] ERROR TestCluster - Failed to check cache for org.mockito.internal.stubbing.ConsecutiveStubbing<T> : Type points to itself
[MASTER] 02:06:10.929 [logback-2] ERROR TestCluster - Failed to check cache for org.mockito.internal.stubbing.OngoingStubbingImpl<T> : Type points to itself
[MASTER] 02:06:21.467 [logback-2] ERROR TestCluster - Failed to check cache for java.util.List<E> : Type points to itself
* Search finished after 101s and 2733 generations, 329162 statements, best individual has fitness: 2.333333333333333
* Minimizing test suite
* Going to analyze the coverage criteria
* Coverage analysis for criterion BRANCH
* Coverage of criterion BRANCH: 86%
* Total number of goals: 35
* Number of covered goals: 30
* Generated 21 tests with total length 62
* Resulting test suite's coverage: 89%
* Generating assertions
* Resulting test suite's mutation score: 0%
* Writing JUnit test case 'MockitoCore_ESTest' to evosuite-branch
* Done!

* Computation finished
