* EvoSuite 1.0.6
* Going to generate test cases for class: org.mockito.internal.invocation.InvocationMatcher
* Starting client
* Connecting to master process on port 19758
* Analyzing classpath: 
  - /tmp/run_evosuite.pl_18376_1546709577/build/classes/main
  - /d4j/defects4j/framework/projects/Mockito/lib/asm-all-5.0.4.jar
  - /d4j/defects4j/framework/projects/Mockito/lib/assertj-core-2.1.0.jar
  - /d4j/defects4j/framework/projects/Mockito/lib/cglib-and-asm-1.0.jar
  - /d4j/defects4j/framework/projects/Mockito/lib/cobertura-2.0.3.jar
  - /d4j/defects4j/framework/projects/Mockito/lib/fest-assert-1.3.jar
  - /d4j/defects4j/framework/projects/Mockito/lib/fest-util-1.1.4.jar
  - /d4j/defects4j/framework/projects/Mockito/lib/hamcrest-all-1.3.jar
  - /d4j/defects4j/framework/projects/Mockito/lib/hamcrest-core-1.1.jar
  - /d4j/defects4j/framework/projects/Mockito/lib/objenesis-2.1.jar
  - /d4j/defects4j/framework/projects/Mockito/lib/objenesis-2.2.jar
  - /d4j/defects4j/framework/projects/Mockito/lib/powermock-reflect-1.2.5.jar
  - /tmp/run_evosuite.pl_18376_1546709577/compileLib/byte-buddy-0.6.8.jar
* Finished analyzing classpath
* Generating tests for class org.mockito.internal.invocation.InvocationMatcher
* Test criterion:
  - Branch Coverage
* Setting up search algorithm for whole suite generation
* Total number of test goals: 69
* Using seed 4000
* Starting evolution
[MASTER] 09:33:36.801 [logback-2] ERROR TestCluster - Failed to check cache for org.hamcrest.beans.HasProperty<T> : Type points to itself
[MASTER] 09:33:36.801 [logback-2] ERROR TestCluster - Failed to check cache for org.hamcrest.beans.HasPropertyWithValue<T> : Type points to itself
[MASTER] 09:33:36.801 [logback-2] ERROR TestCluster - Failed to check cache for org.hamcrest.beans.SamePropertyValuesAs<T> : Type points to itself
[MASTER] 09:33:36.801 [logback-2] ERROR TestCluster - Failed to check cache for org.hamcrest.beans.SamePropertyValuesAs<T>.PropertyMatcher : Type points to itself
[MASTER] 09:33:36.801 [logback-2] ERROR TestCluster - Failed to check cache for org.hamcrest.collection.IsArray<T> : Type points to itself
[MASTER] 09:33:36.801 [logback-2] ERROR TestCluster - Failed to check cache for org.hamcrest.collection.IsArrayContaining<T> : Type points to itself
[MASTER] 09:33:36.801 [logback-2] ERROR TestCluster - Failed to check cache for org.hamcrest.collection.IsArrayContainingInAnyOrder<E> : Type points to itself
[MASTER] 09:33:36.802 [logback-2] ERROR TestCluster - Failed to check cache for org.hamcrest.collection.IsArrayContainingInOrder<E> : Type points to itself
[MASTER] 09:33:36.802 [logback-2] ERROR TestCluster - Failed to check cache for org.hamcrest.collection.IsArrayWithSize<E> : Type points to itself
[MASTER] 09:33:36.802 [logback-2] ERROR TestCluster - Failed to check cache for org.hamcrest.collection.IsCollectionWithSize<E> : Type points to itself
[MASTER] 09:33:36.802 [logback-2] ERROR TestCluster - Failed to check cache for org.hamcrest.collection.IsEmptyCollection<E> : Type points to itself
[MASTER] 09:33:36.802 [logback-2] ERROR TestCluster - Failed to check cache for org.hamcrest.collection.IsEmptyIterable<E> : Type points to itself
[MASTER] 09:33:36.802 [logback-2] ERROR TestCluster - Failed to check cache for org.hamcrest.collection.IsIn<T> : Type points to itself
[MASTER] 09:33:36.802 [logback-2] ERROR TestCluster - Failed to check cache for org.hamcrest.collection.IsIterableContainingInAnyOrder<T> : Type points to itself
[MASTER] 09:33:36.802 [logback-2] ERROR TestCluster - Failed to check cache for org.hamcrest.collection.IsIterableContainingInOrder<E> : Type points to itself
[MASTER] 09:33:36.802 [logback-2] ERROR TestCluster - Failed to check cache for org.hamcrest.collection.IsIterableWithSize<E> : Type points to itself
[MASTER] 09:33:36.802 [logback-2] ERROR TestCluster - Failed to check cache for org.hamcrest.collection.IsMapContaining<K, V> : Type points to itself
[MASTER] 09:33:36.802 [logback-2] ERROR TestCluster - Failed to check cache for org.hamcrest.core.AllOf<T> : Type points to itself
[MASTER] 09:33:36.802 [logback-2] ERROR TestCluster - Failed to check cache for org.hamcrest.core.AnyOf<T> : Type points to itself
[MASTER] 09:33:36.802 [logback-2] ERROR TestCluster - Failed to check cache for org.hamcrest.core.CombinableMatcher<T> : Type points to itself
[MASTER] 09:33:36.802 [logback-2] ERROR TestCluster - Failed to check cache for org.hamcrest.core.DescribedAs<T> : Type points to itself
[MASTER] 09:33:36.802 [logback-2] ERROR TestCluster - Failed to check cache for org.hamcrest.core.Every<T> : Type points to itself
[MASTER] 09:33:36.802 [logback-2] ERROR TestCluster - Failed to check cache for org.hamcrest.core.Is<T> : Type points to itself
[MASTER] 09:33:36.802 [logback-2] ERROR TestCluster - Failed to check cache for org.hamcrest.core.IsAnything<T> : Type points to itself
[MASTER] 09:33:36.802 [logback-2] ERROR TestCluster - Failed to check cache for org.hamcrest.core.IsCollectionContaining<T> : Type points to itself
[MASTER] 09:33:36.802 [logback-2] ERROR TestCluster - Failed to check cache for org.hamcrest.core.IsEqual<T> : Type points to itself
[MASTER] 09:33:36.803 [logback-2] ERROR TestCluster - Failed to check cache for org.hamcrest.core.IsNot<T> : Type points to itself
[MASTER] 09:33:36.803 [logback-2] ERROR TestCluster - Failed to check cache for org.hamcrest.core.IsNull<T> : Type points to itself
[MASTER] 09:33:36.803 [logback-2] ERROR TestCluster - Failed to check cache for org.hamcrest.core.IsSame<T> : Type points to itself
[MASTER] 09:33:36.804 [logback-2] ERROR TestCluster - Failed to check cache for org.hamcrest.object.HasToString<T> : Type points to itself
[MASTER] 09:33:36.804 [logback-2] ERROR TestCluster - Failed to check cache for org.hamcrest.object.IsCompatibleType<T> : Type points to itself
[MASTER] 09:33:36.804 [logback-2] ERROR TestCluster - Failed to check cache for org.mockito.internal.matchers.CapturingMatcher<T> : Type points to itself
[MASTER] 09:33:36.805 [logback-2] ERROR TestCluster - Failed to check cache for org.mockito.internal.matchers.VarargCapturingMatcher<T> : Type points to itself
[MASTER] 09:34:06.401 [logback-1] WARN  TestChromosome - Functional mock problem: org.evosuite.ga.ConstructionFailedException: Failed to add constructor for org.mockito.internal.invocation.InvocationMatcher due to org.evosuite.ga.ConstructionFailedException: Failed to add constructor for org.mockito.internal.invocation.InvocationImpl due to org.evosuite.ga.ConstructionFailedException: Failed to add constructor for org.mockito.internal.invocation.SerializableMethod due to org.evosuite.ga.ConstructionFailedException: Have no generator for class org.mockito.internal.invocation.InvocationImpl canUseFunctionalMocks=false, canBeMocked: true
[MASTER] 09:34:06.669 [logback-1] WARN  TestChromosome - Functional mock problem: org.evosuite.ga.ConstructionFailedException: Have no generator for class org.mockito.internal.invocation.InvocationImpl canUseFunctionalMocks=false, canBeMocked: true
[MASTER] 09:34:06.850 [logback-1] WARN  TestChromosome - Functional mock problem: org.evosuite.ga.ConstructionFailedException: Failed to add constructor for org.mockito.internal.invocation.InvocationMatcher due to org.evosuite.ga.ConstructionFailedException: Failed to add constructor for org.mockito.internal.stubbing.StubbedInvocationMatcher due to org.evosuite.ga.ConstructionFailedException: Have no generator for class org.mockito.internal.invocation.InvocationMatcher canUseFunctionalMocks=true, canBeMocked: false
[MASTER] 09:34:12.619 [logback-1] WARN  TestChromosome - Functional mock problem: org.evosuite.ga.ConstructionFailedException: Failed to add constructor for org.mockito.internal.stubbing.StubbedInvocationMatcher due to org.evosuite.ga.ConstructionFailedException: Failed to add constructor for org.mockito.internal.invocation.InvocationMatcher due to org.evosuite.ga.ConstructionFailedException: Failed to add constructor for org.mockito.internal.invocation.InvocationImpl due to org.evosuite.ga.ConstructionFailedException: Failed to add constructor for org.mockito.internal.invocation.SerializableMethod due to org.evosuite.ga.ConstructionFailedException: Have no generator for class org.mockito.internal.invocation.InvocationImpl canUseFunctionalMocks=false, canBeMocked: true
[MASTER] 09:34:36.725 [logback-1] WARN  TestChromosome - Functional mock problem: org.evosuite.ga.ConstructionFailedException: Failed to add constructor for org.mockito.internal.stubbing.StubbedInvocationMatcher due to org.evosuite.ga.ConstructionFailedException: Failed to add constructor for org.mockito.internal.invocation.InvocationMatcher due to org.evosuite.ga.ConstructionFailedException: Failed to add constructor for org.mockito.internal.invocation.InvocationImpl due to org.evosuite.ga.ConstructionFailedException: Failed to add constructor for org.hamcrest.text.StringContainsInOrder due to org.evosuite.ga.ConstructionFailedException: Failed to add constructor for java.util.PriorityQueue due to org.evosuite.ga.ConstructionFailedException: Max recursion depth reached
[MASTER] 09:34:37.513 [logback-1] WARN  TestChromosome - Functional mock problem: org.evosuite.ga.ConstructionFailedException: Failed to add constructor for org.mockito.internal.invocation.InvocationImpl due to org.evosuite.ga.ConstructionFailedException: Failed to add constructor for org.mockito.internal.invocation.SerializableMethod due to org.evosuite.ga.ConstructionFailedException: Failed to add constructor for org.mockito.internal.stubbing.StubbedInvocationMatcher due to org.evosuite.ga.ConstructionFailedException: Failed to add constructor for org.mockito.internal.invocation.InvocationMatcher due to org.evosuite.ga.ConstructionFailedException: Max recursion depth reached
[MASTER] 09:34:40.011 [logback-2] ERROR AbstractStatement - Error assigning value of type Is[] defined at statement Is<SamePropertyValuesAs.PropertyMatcher>[] isArray0 = (Is<SamePropertyValuesAs.PropertyMatcher>[]) Array.newInstance(Is.class, 1), assignment statement: isArray0[0] = (Is<SamePropertyValuesAs.PropertyMatcher>) isArray0; SUT=org.mockito.internal.invocation.InvocationMatcher
[MASTER] 09:34:48.104 [logback-1] WARN  TestChromosome - Functional mock problem: org.evosuite.ga.ConstructionFailedException: Failed to add constructor for org.mockito.internal.invocation.InvocationMatcher due to org.evosuite.ga.ConstructionFailedException: Failed to add constructor for org.mockito.internal.invocation.InvocationImpl due to org.evosuite.ga.ConstructionFailedException: Failed to add constructor for org.mockito.internal.invocation.realmethod.CleanTraceRealMethod due to org.evosuite.ga.ConstructionFailedException: Failed to add constructor for org.mockito.internal.invocation.realmethod.DefaultRealMethod due to org.evosuite.ga.ConstructionFailedException: Max recursion depth reached
[MASTER] 09:35:00.651 [logback-1] WARN  TestChromosome - Functional mock problem: org.evosuite.ga.ConstructionFailedException: Failed to add constructor for org.mockito.internal.invocation.InvocationImpl due to org.evosuite.ga.ConstructionFailedException: Failed to add constructor for org.mockito.internal.invocation.SerializableMethod due to org.evosuite.ga.ConstructionFailedException: Failed to add constructor for org.mockito.internal.invocation.InvocationMatcher due to org.evosuite.ga.ConstructionFailedException: Failed to add constructor for org.mockito.internal.stubbing.StubbedInvocationMatcher due to org.evosuite.ga.ConstructionFailedException: Max recursion depth reached
[MASTER] 09:35:00.752 [logback-1] WARN  TestChromosome - Functional mock problem: org.evosuite.ga.ConstructionFailedException: Failed to add constructor for org.mockito.internal.stubbing.StubbedInvocationMatcher due to org.evosuite.ga.ConstructionFailedException: Failed to add constructor for org.mockito.internal.invocation.InvocationMatcher due to org.evosuite.ga.ConstructionFailedException: Failed to add constructor for org.mockito.internal.invocation.InvocationImpl due to org.evosuite.ga.ConstructionFailedException: Failed to add constructor for org.mockito.internal.invocation.SerializableMethod due to org.evosuite.ga.ConstructionFailedException: Max recursion depth reached
[MASTER] 09:35:01.237 [logback-1] WARN  TestChromosome - Functional mock problem: org.evosuite.ga.ConstructionFailedException: Failed to add constructor for org.mockito.internal.invocation.InvocationMatcher due to org.evosuite.ga.ConstructionFailedException: Have no generator for class org.mockito.internal.invocation.InvocationMatcher canUseFunctionalMocks=false, canBeMocked: false
[MASTER] 09:35:01.361 [logback-1] WARN  TestChromosome - Functional mock problem: org.evosuite.ga.ConstructionFailedException: Have no generator for class java.lang.reflect.Method canUseFunctionalMocks=true, canBeMocked: false
[MASTER] 09:35:01.366 [logback-1] WARN  TestChromosome - Functional mock problem: org.evosuite.ga.ConstructionFailedException: Failed to add constructor for org.mockito.internal.invocation.InvocationImpl due to org.evosuite.ga.ConstructionFailedException: Failed to add constructor for org.mockito.internal.invocation.SerializableMethod due to org.evosuite.ga.ConstructionFailedException: Have no generator for class java.lang.reflect.Method canUseFunctionalMocks=true, canBeMocked: false
[MASTER] 09:35:01.417 [logback-1] WARN  TestChromosome - Functional mock problem: org.evosuite.ga.ConstructionFailedException: Failed to add constructor for org.mockito.internal.invocation.InvocationImpl due to org.evosuite.ga.ConstructionFailedException: Failed to add constructor for org.mockito.internal.invocation.InvocationImpl due to org.evosuite.ga.ConstructionFailedException: Failed to add constructor for org.mockito.internal.invocation.SerializableMethod due to org.evosuite.ga.ConstructionFailedException: Failed to add constructor for org.mockito.internal.invocation.InvocationMatcher due to org.evosuite.ga.ConstructionFailedException: Max recursion depth reached
[MASTER] 09:35:01.551 [logback-1] WARN  TestChromosome - Functional mock problem: org.evosuite.ga.ConstructionFailedException: Failed to add constructor for org.mockito.internal.stubbing.StubbedInvocationMatcher due to org.evosuite.ga.ConstructionFailedException: Failed to add constructor for org.mockito.internal.invocation.InvocationMatcher due to org.evosuite.ga.ConstructionFailedException: Have no generator for class org.mockito.internal.invocation.InvocationMatcher canUseFunctionalMocks=false, canBeMocked: false
[MASTER] 09:35:01.672 [logback-1] WARN  TestChromosome - Functional mock problem: org.evosuite.ga.ConstructionFailedException: Failed to add constructor for org.mockito.internal.invocation.InvocationMatcher due to org.evosuite.ga.ConstructionFailedException: Failed to add constructor for org.mockito.internal.invocation.InvocationImpl due to org.evosuite.ga.ConstructionFailedException: Failed to add constructor for org.hamcrest.object.IsEventFrom due to org.evosuite.ga.ConstructionFailedException: Failed to add constructor for org.hamcrest.number.BigDecimalCloseTo due to org.evosuite.ga.ConstructionFailedException: Failed to add constructor for java.math.BigDecimal due to org.evosuite.ga.ConstructionFailedException: Max recursion depth reached
[MASTER] 09:35:01.878 [logback-1] WARN  TestChromosome - Functional mock problem: org.evosuite.ga.ConstructionFailedException: Failed to add constructor for org.mockito.internal.invocation.InvocationMatcher due to org.evosuite.ga.ConstructionFailedException: Failed to add constructor for org.mockito.internal.invocation.InvocationImpl due to org.evosuite.ga.ConstructionFailedException: Failed to add constructor for org.mockito.internal.invocation.InvocationImpl due to org.evosuite.ga.ConstructionFailedException: Failed to add constructor for org.mockito.internal.invocation.SerializableMethod due to org.evosuite.ga.ConstructionFailedException: Have no generator for class org.mockito.internal.invocation.InvocationImpl canUseFunctionalMocks=false, canBeMocked: true
[MASTER] 09:35:02.294 [logback-1] WARN  TestChromosome - Functional mock problem: org.evosuite.ga.ConstructionFailedException: Failed to add constructor for org.mockito.internal.invocation.StubInfoImpl due to org.evosuite.ga.ConstructionFailedException: Failed to add constructor for org.mockito.internal.stubbing.StubbedInvocationMatcher due to org.evosuite.ga.ConstructionFailedException: Failed to add constructor for org.mockito.internal.invocation.InvocationMatcher due to org.evosuite.ga.ConstructionFailedException: Failed to add constructor for org.mockito.internal.invocation.InvocationImpl due to org.evosuite.ga.ConstructionFailedException: Failed to add constructor for org.mockito.internal.invocation.SerializableMethod due to org.evosuite.ga.ConstructionFailedException: Max recursion depth reached
[MASTER] 09:35:02.312 [logback-1] WARN  TestChromosome - Functional mock problem: org.evosuite.ga.ConstructionFailedException: Failed to add constructor for org.mockito.internal.invocation.StubInfoImpl due to org.evosuite.ga.ConstructionFailedException: Failed to add constructor for org.mockito.internal.invocation.InvocationMatcher due to org.evosuite.ga.ConstructionFailedException: Failed to add constructor for org.mockito.internal.invocation.InvocationImpl due to org.evosuite.ga.ConstructionFailedException: Failed to add constructor for org.mockito.internal.invocation.SerializableMethod due to org.evosuite.ga.ConstructionFailedException: Max recursion depth reached
[MASTER] 09:35:02.334 [logback-1] WARN  TestChromosome - Functional mock problem: org.evosuite.ga.ConstructionFailedException: Failed to add constructor for org.mockito.internal.invocation.InvocationMatcher due to org.evosuite.ga.ConstructionFailedException: Failed to add constructor for org.mockito.internal.invocation.InvocationImpl due to org.evosuite.ga.ConstructionFailedException: Failed to add constructor for org.mockito.internal.invocation.SerializableMethod due to org.evosuite.ga.ConstructionFailedException: Failed to add constructor for org.mockito.internal.stubbing.StubbedInvocationMatcher due to org.evosuite.ga.ConstructionFailedException: Max recursion depth reached
[MASTER] 09:35:02.483 [logback-1] WARN  TestChromosome - Functional mock problem: org.evosuite.ga.ConstructionFailedException: Failed to add constructor for org.mockito.internal.invocation.StubInfoImpl due to org.evosuite.ga.ConstructionFailedException: Failed to add constructor for org.mockito.internal.stubbing.StubbedInvocationMatcher due to org.evosuite.ga.ConstructionFailedException: Failed to add constructor for org.mockito.internal.invocation.InvocationMatcher due to org.evosuite.ga.ConstructionFailedException: Have no generator for class org.mockito.internal.invocation.InvocationMatcher canUseFunctionalMocks=false, canBeMocked: false
[MASTER] 09:35:04.366 [logback-1] WARN  TestChromosome - Functional mock problem: org.evosuite.ga.ConstructionFailedException: Failed to add constructor for org.mockito.internal.stubbing.StubbedInvocationMatcher due to org.evosuite.ga.ConstructionFailedException: Failed to add constructor for org.mockito.internal.invocation.InvocationMatcher due to org.evosuite.ga.ConstructionFailedException: Failed to add constructor for org.mockito.internal.invocation.InvocationImpl due to org.evosuite.ga.ConstructionFailedException: Failed to add constructor for org.mockito.internal.invocation.realmethod.CleanTraceRealMethod due to org.evosuite.ga.ConstructionFailedException: Failed to add constructor for org.mockito.internal.invocation.realmethod.DefaultRealMethod due to org.evosuite.ga.ConstructionFailedException: Max recursion depth reached
[MASTER] 09:35:12.930 [logback-2] ERROR AbstractStatement - Error assigning value of type SamePropertyValuesAs.PropertyMatcher[] defined at statement SamePropertyValuesAs.PropertyMatcher[] samePropertyValuesAs_PropertyMatcherArray0 = (SamePropertyValuesAs.PropertyMatcher[]) Array.newInstance(SamePropertyValuesAs.PropertyMatcher.class, 9), assignment statement: samePropertyValuesAs_PropertyMatcherArray0[0] = (SamePropertyValuesAs.PropertyMatcher) samePropertyValuesAs_PropertyMatcherArray0; SUT=org.mockito.internal.invocation.InvocationMatcher
[MASTER] 09:35:14.816 [logback-1] WARN  TestChromosome - Functional mock problem: org.evosuite.ga.ConstructionFailedException: Failed to add constructor for org.mockito.internal.invocation.InvocationMatcher due to org.evosuite.ga.ConstructionFailedException: Failed to add constructor for org.mockito.internal.invocation.InvocationImpl due to org.evosuite.ga.ConstructionFailedException: Have no generator for class org.mockito.internal.invocation.InvocationImpl canUseFunctionalMocks=false, canBeMocked: true
[MASTER] 09:35:17.031 [logback-1] WARN  TestChromosome - Functional mock problem: org.evosuite.ga.ConstructionFailedException: Failed to add constructor for org.mockito.internal.invocation.StubInfoImpl due to org.evosuite.ga.ConstructionFailedException: Failed to add constructor for org.mockito.internal.invocation.InvocationImpl due to org.evosuite.ga.ConstructionFailedException: Failed to add constructor for org.mockito.internal.invocation.SerializableMethod due to org.evosuite.ga.ConstructionFailedException: Failed to add constructor for org.mockito.internal.invocation.InvocationMatcher due to org.evosuite.ga.ConstructionFailedException: Max recursion depth reached
[MASTER] 09:35:17.104 [logback-2] ERROR AbstractStatement - Error assigning value of type IsIterableWithSize[] defined at statement IsIterableWithSize<SamePropertyValuesAs.PropertyMatcher>[] isIterableWithSizeArray0 = (IsIterableWithSize<SamePropertyValuesAs.PropertyMatcher>[]) Array.newInstance(IsIterableWithSize.class, 1), assignment statement: isIterableWithSizeArray0[0] = (IsIterableWithSize<SamePropertyValuesAs.PropertyMatcher>) isIterableWithSizeArray0; SUT=org.mockito.internal.invocation.InvocationMatcher
* Search finished after 101s and 477 generations, 63677 statements, best individual has fitness: 58.0
* Minimizing test suite
* Going to analyze the coverage criteria
* Coverage analysis for criterion BRANCH
* Coverage of criterion BRANCH: 20%
* Total number of goals: 69
* Number of covered goals: 14
* Generated 6 tests with total length 38
* Resulting test suite's coverage: 20%
* Generating assertions
* Resulting test suite's mutation score: 3%
* Writing JUnit test case 'InvocationMatcher_ESTest' to evosuite-branch
* Done!

* Computation finished
