* EvoSuite 1.0.6
* Going to generate test cases for class: org.mockito.internal.util.reflection.GenericMetadataSupport
* Starting client
* Connecting to master process on port 18557
* Analyzing classpath: 
  - /tmp/run_evosuite.pl_37577_1546795375/build/classes/main
  - /d4j/defects4j/framework/projects/Mockito/lib/asm-all-5.0.4.jar
  - /d4j/defects4j/framework/projects/Mockito/lib/assertj-core-2.1.0.jar
  - /d4j/defects4j/framework/projects/Mockito/lib/cglib-and-asm-1.0.jar
  - /d4j/defects4j/framework/projects/Mockito/lib/cobertura-2.0.3.jar
  - /d4j/defects4j/framework/projects/Mockito/lib/fest-assert-1.3.jar
  - /d4j/defects4j/framework/projects/Mockito/lib/fest-util-1.1.4.jar
  - /d4j/defects4j/framework/projects/Mockito/lib/hamcrest-all-1.3.jar
  - /d4j/defects4j/framework/projects/Mockito/lib/hamcrest-core-1.1.jar
  - /d4j/defects4j/framework/projects/Mockito/lib/objenesis-2.1.jar
  - /d4j/defects4j/framework/projects/Mockito/lib/objenesis-2.2.jar
  - /d4j/defects4j/framework/projects/Mockito/lib/powermock-reflect-1.2.5.jar
* Finished analyzing classpath
* Generating tests for class org.mockito.internal.util.reflection.GenericMetadataSupport
* Test criterion:
  - Branch Coverage
* Setting up search algorithm for whole suite generation
* Total number of test goals: 110
* Using seed 5000
* Starting evolution
[MASTER] 09:23:32.771 [logback-2] ERROR TestCluster - Failed to check cache for java.lang.reflect.TypeVariable<D> : Type points to itself
[MASTER] 09:23:33.216 [logback-1] WARN  TestChromosome - Functional mock problem: org.evosuite.ga.ConstructionFailedException: Failed to add constructor for org.mockito.internal.util.reflection.GenericMetadataSupport$TypeVarBoundedType due to org.evosuite.ga.ConstructionFailedException: Invalid generic instance
[MASTER] 09:23:33.224 [logback-1] WARN  TestChromosome - Functional mock problem: org.evosuite.ga.ConstructionFailedException: Have no generator for class java.lang.reflect.Method canUseFunctionalMocks=true, canBeMocked: false
[MASTER] 09:23:33.240 [logback-1] WARN  TestChromosome - Functional mock problem: org.evosuite.ga.ConstructionFailedException: Have no generator for class org.mockito.internal.util.reflection.GenericMetadataSupport canUseFunctionalMocks=false, canBeMocked: false
[MASTER] 09:23:33.247 [logback-2] ERROR AbstractStatement - Error assigning value of type TypeVariable[] defined at statement TypeVariable<Method>[] typeVariableArray0 = (TypeVariable<Method>[]) Array.newInstance(TypeVariable.class, 3), assignment statement: typeVariableArray0[0] = (TypeVariable<Method>) typeVariableArray0; SUT=org.mockito.internal.util.reflection.GenericMetadataSupport
[MASTER] 09:23:33.248 [logback-1] WARN  TestChromosome - Functional mock problem: org.evosuite.ga.ConstructionFailedException: Invalid generic instance
[MASTER] 09:23:33.257 [logback-1] WARN  TestChromosome - Functional mock problem: org.evosuite.ga.ConstructionFailedException: Have no generator for class org.mockito.internal.util.reflection.GenericMetadataSupport$TypeVarBoundedType canUseFunctionalMocks=false, canBeMocked: true
[MASTER] 09:23:33.261 [logback-2] ERROR AbstractStatement - Error assigning value of type TypeVariable[] defined at statement TypeVariable<Method>[] typeVariableArray0 = (TypeVariable<Method>[]) Array.newInstance(TypeVariable.class, 8), assignment statement: typeVariableArray0[0] = (TypeVariable<Method>) typeVariableArray0; SUT=org.mockito.internal.util.reflection.GenericMetadataSupport
[MASTER] 09:23:33.284 [logback-2] ERROR AbstractStatement - Error assigning value of type TypeVariable[] defined at statement TypeVariable<Method>[] typeVariableArray0 = (TypeVariable<Method>[]) Array.newInstance(TypeVariable.class, 8), assignment statement: typeVariableArray0[0] = (TypeVariable<Method>) typeVariableArray0; SUT=org.mockito.internal.util.reflection.GenericMetadataSupport
[MASTER] 09:23:33.557 [logback-2] ERROR AbstractStatement - Error assigning value of type TypeVariable[] defined at statement TypeVariable<Class<String>>[] typeVariableArray0 = (TypeVariable<Class<String>>[]) Array.newInstance(TypeVariable.class, 2), assignment statement: typeVariableArray0[0] = (TypeVariable<Class<String>>) typeVariableArray0; SUT=org.mockito.internal.util.reflection.GenericMetadataSupport
[MASTER] 09:23:33.605 [logback-2] ERROR AbstractStatement - Error assigning value of type TypeVariable[] defined at statement TypeVariable<Method>[] typeVariableArray0 = (TypeVariable<Method>[]) Array.newInstance(TypeVariable.class, 9), assignment statement: typeVariableArray0[0] = (TypeVariable<Method>) typeVariableArray0; SUT=org.mockito.internal.util.reflection.GenericMetadataSupport
[MASTER] 09:23:33.661 [logback-2] ERROR AbstractStatement - Error assigning value of type TypeVariable[] defined at statement TypeVariable<Method>[] typeVariableArray0 = (TypeVariable<Method>[]) Array.newInstance(TypeVariable.class, 3), assignment statement: typeVariableArray0[0] = (TypeVariable<Method>) typeVariableArray0; SUT=org.mockito.internal.util.reflection.GenericMetadataSupport
[MASTER] 09:23:33.697 [logback-2] ERROR AbstractStatement - Error assigning value of type TypeVariable[] defined at statement TypeVariable<Method>[] typeVariableArray0 = (TypeVariable<Method>[]) Array.newInstance(TypeVariable.class, 8), assignment statement: typeVariableArray0[0] = (TypeVariable<Method>) typeVariableArray0; SUT=org.mockito.internal.util.reflection.GenericMetadataSupport
[MASTER] 09:23:33.769 [logback-2] ERROR AbstractStatement - Error assigning value of type TypeVariable[] defined at statement TypeVariable<Method>[] typeVariableArray0 = (TypeVariable<Method>[]) Array.newInstance(TypeVariable.class, 8), assignment statement: typeVariableArray0[0] = (TypeVariable<Method>) typeVariableArray0; SUT=org.mockito.internal.util.reflection.GenericMetadataSupport
[MASTER] 09:23:33.790 [logback-2] ERROR AbstractStatement - Error assigning value of type TypeVariable[] defined at statement TypeVariable<Method>[] typeVariableArray0 = (TypeVariable<Method>[]) Array.newInstance(TypeVariable.class, 8), assignment statement: typeVariableArray0[0] = (TypeVariable<Method>) typeVariableArray0; SUT=org.mockito.internal.util.reflection.GenericMetadataSupport
[MASTER] 09:23:33.903 [logback-2] ERROR AbstractStatement - Error assigning value of type TypeVariable[] defined at statement TypeVariable<Class<Object>>[] typeVariableArray0 = (TypeVariable<Class<Object>>[]) Array.newInstance(TypeVariable.class, 1), assignment statement: typeVariableArray0[0] = (TypeVariable<Class<Object>>) typeVariableArray0; SUT=org.mockito.internal.util.reflection.GenericMetadataSupport
[MASTER] 09:23:33.952 [logback-2] ERROR AbstractStatement - Error assigning value of type TypeVariable[] defined at statement TypeVariable<Method>[] typeVariableArray0 = (TypeVariable<Method>[]) Array.newInstance(TypeVariable.class, 8), assignment statement: typeVariableArray0[0] = (TypeVariable<Method>) typeVariableArray0; SUT=org.mockito.internal.util.reflection.GenericMetadataSupport
[MASTER] 09:23:34.001 [logback-2] ERROR AbstractStatement - Error assigning value of type TypeVariable[] defined at statement TypeVariable<Method>[] typeVariableArray0 = (TypeVariable<Method>[]) Array.newInstance(TypeVariable.class, 8), assignment statement: typeVariableArray0[0] = (TypeVariable<Method>) typeVariableArray0; SUT=org.mockito.internal.util.reflection.GenericMetadataSupport
[MASTER] 09:23:34.015 [logback-2] ERROR AbstractStatement - Error assigning value of type TypeVariable[] defined at statement TypeVariable<Method>[] typeVariableArray0 = (TypeVariable<Method>[]) Array.newInstance(TypeVariable.class, 7), assignment statement: typeVariableArray0[0] = (TypeVariable<Method>) typeVariableArray0; SUT=org.mockito.internal.util.reflection.GenericMetadataSupport
[MASTER] 09:23:34.057 [logback-2] ERROR AbstractStatement - Error assigning value of type TypeVariable[] defined at statement TypeVariable<Method>[] typeVariableArray0 = (TypeVariable<Method>[]) Array.newInstance(TypeVariable.class, 8), assignment statement: typeVariableArray0[0] = (TypeVariable<Method>) typeVariableArray0; SUT=org.mockito.internal.util.reflection.GenericMetadataSupport
[MASTER] 09:23:34.068 [logback-2] ERROR AbstractStatement - Error assigning value of type TypeVariable[] defined at statement TypeVariable<Method>[] typeVariableArray0 = (TypeVariable<Method>[]) Array.newInstance(TypeVariable.class, 23), assignment statement: typeVariableArray0[0] = (TypeVariable<Method>) typeVariableArray0; SUT=org.mockito.internal.util.reflection.GenericMetadataSupport
[MASTER] 09:23:34.092 [logback-2] ERROR AbstractStatement - Error assigning value of type TypeVariable[] defined at statement TypeVariable<Method>[] typeVariableArray0 = (TypeVariable<Method>[]) Array.newInstance(TypeVariable.class, 8), assignment statement: typeVariableArray0[0] = (TypeVariable<Method>) typeVariableArray0; SUT=org.mockito.internal.util.reflection.GenericMetadataSupport
[MASTER] 09:23:34.115 [logback-2] ERROR AbstractStatement - Error assigning value of type TypeVariable[] defined at statement TypeVariable<Method>[] typeVariableArray0 = (TypeVariable<Method>[]) Array.newInstance(TypeVariable.class, 8), assignment statement: typeVariableArray0[0] = (TypeVariable<Method>) typeVariableArray0; SUT=org.mockito.internal.util.reflection.GenericMetadataSupport
[MASTER] 09:23:34.143 [logback-2] ERROR AbstractStatement - Error assigning value of type TypeVariable[] defined at statement TypeVariable<Class<Object>>[] typeVariableArray0 = (TypeVariable<Class<Object>>[]) Array.newInstance(TypeVariable.class, 1), assignment statement: typeVariableArray0[0] = (TypeVariable<Class<Object>>) typeVariableArray0; SUT=org.mockito.internal.util.reflection.GenericMetadataSupport
[MASTER] 09:23:34.167 [logback-2] ERROR AbstractStatement - Error assigning value of type TypeVariable[] defined at statement TypeVariable<Method>[] typeVariableArray0 = (TypeVariable<Method>[]) Array.newInstance(TypeVariable.class, 8), assignment statement: typeVariableArray0[0] = (TypeVariable<Method>) typeVariableArray0; SUT=org.mockito.internal.util.reflection.GenericMetadataSupport
[MASTER] 09:23:34.211 [logback-2] ERROR AbstractStatement - Error assigning value of type TypeVariable[] defined at statement TypeVariable<Method>[] typeVariableArray0 = (TypeVariable<Method>[]) Array.newInstance(TypeVariable.class, 8), assignment statement: typeVariableArray0[0] = (TypeVariable<Method>) typeVariableArray0; SUT=org.mockito.internal.util.reflection.GenericMetadataSupport
[MASTER] 09:23:34.224 [logback-2] ERROR AbstractStatement - Error assigning value of type TypeVariable[] defined at statement TypeVariable<Method>[] typeVariableArray0 = (TypeVariable<Method>[]) Array.newInstance(TypeVariable.class, 12), assignment statement: typeVariableArray0[0] = (TypeVariable<Method>) typeVariableArray0; SUT=org.mockito.internal.util.reflection.GenericMetadataSupport
[MASTER] 09:23:34.246 [logback-2] ERROR AbstractStatement - Error assigning value of type TypeVariable[] defined at statement TypeVariable<Method>[] typeVariableArray0 = (TypeVariable<Method>[]) Array.newInstance(TypeVariable.class, 8), assignment statement: typeVariableArray0[0] = (TypeVariable<Method>) typeVariableArray0; SUT=org.mockito.internal.util.reflection.GenericMetadataSupport
[MASTER] 09:23:34.294 [logback-2] ERROR AbstractStatement - Error assigning value of type TypeVariable[] defined at statement TypeVariable<Method>[] typeVariableArray0 = (TypeVariable<Method>[]) Array.newInstance(TypeVariable.class, 8), assignment statement: typeVariableArray0[0] = (TypeVariable<Method>) typeVariableArray0; SUT=org.mockito.internal.util.reflection.GenericMetadataSupport
[MASTER] 09:23:34.313 [logback-2] ERROR AbstractStatement - Error assigning value of type TypeVariable[] defined at statement TypeVariable<Method>[] typeVariableArray0 = (TypeVariable<Method>[]) Array.newInstance(TypeVariable.class, 8), assignment statement: typeVariableArray0[0] = (TypeVariable<Method>) typeVariableArray0; SUT=org.mockito.internal.util.reflection.GenericMetadataSupport
[MASTER] 09:23:34.367 [logback-2] ERROR AbstractStatement - Error assigning value of type TypeVariable[] defined at statement TypeVariable<Method>[] typeVariableArray0 = (TypeVariable<Method>[]) Array.newInstance(TypeVariable.class, 8), assignment statement: typeVariableArray0[0] = (TypeVariable<Method>) typeVariableArray0; SUT=org.mockito.internal.util.reflection.GenericMetadataSupport
[MASTER] 09:23:34.403 [logback-2] ERROR AbstractStatement - Error assigning value of type TypeVariable[] defined at statement TypeVariable<Method>[] typeVariableArray0 = (TypeVariable<Method>[]) Array.newInstance(TypeVariable.class, 3), assignment statement: typeVariableArray0[0] = (TypeVariable<Method>) typeVariableArray0; SUT=org.mockito.internal.util.reflection.GenericMetadataSupport
[MASTER] 09:23:42.999 [logback-2] ERROR AbstractStatement - Error assigning value of type TypeVariable[] defined at statement TypeVariable<Class<String>>[] typeVariableArray0 = (TypeVariable<Class<String>>[]) Array.newInstance(TypeVariable.class, 3), assignment statement: typeVariableArray0[0] = (TypeVariable<Class<String>>) typeVariableArray0; SUT=org.mockito.internal.util.reflection.GenericMetadataSupport
[MASTER] 09:23:44.647 [logback-2] ERROR AbstractStatement - Error assigning value of type TypeVariable[] defined at statement TypeVariable<Method>[] typeVariableArray0 = (TypeVariable<Method>[]) Array.newInstance(TypeVariable.class, 2), assignment statement: typeVariableArray0[0] = (TypeVariable<Method>) typeVariableArray0; SUT=org.mockito.internal.util.reflection.GenericMetadataSupport
[MASTER] 09:23:45.847 [logback-2] ERROR AbstractStatement - Error assigning value of type TypeVariable[] defined at statement TypeVariable<Method>[] typeVariableArray0 = (TypeVariable<Method>[]) Array.newInstance(TypeVariable.class, 1), assignment statement: typeVariableArray0[0] = (TypeVariable<Method>) typeVariableArray0; SUT=org.mockito.internal.util.reflection.GenericMetadataSupport
[MASTER] 09:23:47.508 [logback-2] ERROR AbstractStatement - Error assigning value of type TypeVariable[] defined at statement TypeVariable<Method>[] typeVariableArray0 = (TypeVariable<Method>[]) Array.newInstance(TypeVariable.class, 2), assignment statement: typeVariableArray0[0] = (TypeVariable<Method>) typeVariableArray0; SUT=org.mockito.internal.util.reflection.GenericMetadataSupport
[MASTER] 09:23:53.993 [logback-2] ERROR AbstractStatement - Error assigning value of type TypeVariable[] defined at statement TypeVariable<Method>[] typeVariableArray0 = (TypeVariable<Method>[]) Array.newInstance(TypeVariable.class, 4), assignment statement: typeVariableArray0[0] = (TypeVariable<Method>) typeVariableArray0; SUT=org.mockito.internal.util.reflection.GenericMetadataSupport
[MASTER] 09:23:54.792 [logback-2] ERROR AbstractStatement - Error assigning value of type TypeVariable[] defined at statement TypeVariable<Method>[] typeVariableArray0 = (TypeVariable<Method>[]) Array.newInstance(TypeVariable.class, 1), assignment statement: typeVariableArray0[0] = (TypeVariable<Method>) typeVariableArray0; SUT=org.mockito.internal.util.reflection.GenericMetadataSupport
[MASTER] 09:23:54.972 [logback-2] ERROR AbstractStatement - Error assigning value of type TypeVariable[] defined at statement TypeVariable<Method>[] typeVariableArray0 = (TypeVariable<Method>[]) Array.newInstance(TypeVariable.class, 4), assignment statement: typeVariableArray0[0] = (TypeVariable<Method>) typeVariableArray0; SUT=org.mockito.internal.util.reflection.GenericMetadataSupport
[MASTER] 09:23:56.717 [logback-1] WARN  TestChromosome - Functional mock problem: org.evosuite.ga.ConstructionFailedException: Have no generator for class org.mockito.internal.util.reflection.GenericMetadataSupport$WildCardBoundedType canUseFunctionalMocks=false, canBeMocked: true
[MASTER] 09:23:58.116 [logback-2] ERROR AbstractStatement - Error assigning value of type TypeVariable[] defined at statement TypeVariable<Class<GenericMetadataSupport.TypeVarBoundedType>>[] typeVariableArray0 = (TypeVariable<Class<GenericMetadataSupport.TypeVarBoundedType>>[]) Array.newInstance(TypeVariable.class, 1), assignment statement: typeVariableArray0[0] = (TypeVariable<Class<GenericMetadataSupport.TypeVarBoundedType>>) typeVariableArray0; SUT=org.mockito.internal.util.reflection.GenericMetadataSupport
[MASTER] 09:23:58.141 [logback-2] ERROR AbstractStatement - Error assigning value of type TypeVariable[] defined at statement TypeVariable<Method>[] typeVariableArray0 = (TypeVariable<Method>[]) Array.newInstance(TypeVariable.class, 7), assignment statement: typeVariableArray0[0] = (TypeVariable<Method>) typeVariableArray0; SUT=org.mockito.internal.util.reflection.GenericMetadataSupport
[MASTER] 09:23:58.229 [logback-2] ERROR AbstractStatement - Error assigning value of type TypeVariable[] defined at statement TypeVariable<Method>[] typeVariableArray0 = (TypeVariable<Method>[]) Array.newInstance(TypeVariable.class, 6), assignment statement: typeVariableArray0[0] = (TypeVariable<Method>) typeVariableArray0; SUT=org.mockito.internal.util.reflection.GenericMetadataSupport
[MASTER] 09:24:07.058 [logback-2] ERROR AbstractStatement - Error assigning value of type TypeVariable[] defined at statement TypeVariable<Method>[] typeVariableArray0 = (TypeVariable<Method>[]) Array.newInstance(TypeVariable.class, 1), assignment statement: typeVariableArray0[0] = (TypeVariable<Method>) typeVariableArray0; SUT=org.mockito.internal.util.reflection.GenericMetadataSupport
[MASTER] 09:24:13.482 [logback-2] ERROR AbstractStatement - Error assigning value of type TypeVariable[] defined at statement TypeVariable<Method>[] typeVariableArray0 = (TypeVariable<Method>[]) Array.newInstance(TypeVariable.class, 7), assignment statement: typeVariableArray0[0] = (TypeVariable<Method>) typeVariableArray0; SUT=org.mockito.internal.util.reflection.GenericMetadataSupport
[MASTER] 09:24:15.518 [logback-2] ERROR AbstractStatement - Error assigning value of type TypeVariable[] defined at statement TypeVariable<Method>[] typeVariableArray0 = (TypeVariable<Method>[]) Array.newInstance(TypeVariable.class, 2), assignment statement: typeVariableArray0[0] = (TypeVariable<Method>) typeVariableArray0; SUT=org.mockito.internal.util.reflection.GenericMetadataSupport
[MASTER] 09:24:17.315 [logback-2] ERROR AbstractStatement - Error assigning value of type TypeVariable[] defined at statement TypeVariable<Method>[] typeVariableArray0 = (TypeVariable<Method>[]) Array.newInstance(TypeVariable.class, 4), assignment statement: typeVariableArray0[0] = (TypeVariable<Method>) typeVariableArray0; SUT=org.mockito.internal.util.reflection.GenericMetadataSupport
[MASTER] 09:24:17.779 [logback-2] ERROR AbstractStatement - Error assigning value of type TypeVariable[] defined at statement TypeVariable<Method>[] typeVariableArray0 = (TypeVariable<Method>[]) Array.newInstance(TypeVariable.class, 7), assignment statement: typeVariableArray0[0] = (TypeVariable<Method>) typeVariableArray0; SUT=org.mockito.internal.util.reflection.GenericMetadataSupport
[MASTER] 09:24:21.400 [logback-2] ERROR AbstractStatement - Error assigning value of type TypeVariable[] defined at statement TypeVariable<Method>[] typeVariableArray0 = (TypeVariable<Method>[]) Array.newInstance(TypeVariable.class, 2), assignment statement: typeVariableArray0[0] = (TypeVariable<Method>) typeVariableArray0; SUT=org.mockito.internal.util.reflection.GenericMetadataSupport
[MASTER] 09:24:21.594 [logback-2] ERROR AbstractStatement - Error assigning value of type TypeVariable[] defined at statement TypeVariable<Class<GenericMetadataSupport.TypeVarBoundedType>>[] typeVariableArray0 = (TypeVariable<Class<GenericMetadataSupport.TypeVarBoundedType>>[]) Array.newInstance(TypeVariable.class, 6), assignment statement: typeVariableArray0[0] = (TypeVariable<Class<GenericMetadataSupport.TypeVarBoundedType>>) typeVariableArray0; SUT=org.mockito.internal.util.reflection.GenericMetadataSupport
[MASTER] 09:24:23.708 [logback-2] ERROR AbstractStatement - Error assigning value of type TypeVariable[] defined at statement TypeVariable<Method>[] typeVariableArray0 = (TypeVariable<Method>[]) Array.newInstance(TypeVariable.class, 5), assignment statement: typeVariableArray0[0] = (TypeVariable<Method>) typeVariableArray0; SUT=org.mockito.internal.util.reflection.GenericMetadataSupport
[MASTER] 09:24:23.740 [logback-2] ERROR AbstractStatement - Error assigning value of type TypeVariable[] defined at statement TypeVariable<Method>[] typeVariableArray0 = (TypeVariable<Method>[]) Array.newInstance(TypeVariable.class, 5), assignment statement: typeVariableArray0[0] = (TypeVariable<Method>) typeVariableArray0; SUT=org.mockito.internal.util.reflection.GenericMetadataSupport
[MASTER] 09:24:24.294 [logback-2] ERROR AbstractStatement - Error assigning value of type TypeVariable[] defined at statement TypeVariable<Method>[] typeVariableArray0 = (TypeVariable<Method>[]) Array.newInstance(TypeVariable.class, 2), assignment statement: typeVariableArray0[0] = (TypeVariable<Method>) typeVariableArray0; SUT=org.mockito.internal.util.reflection.GenericMetadataSupport
[MASTER] 09:24:31.542 [logback-2] ERROR AbstractStatement - Error assigning value of type TypeVariable[] defined at statement TypeVariable<Class<GenericMetadataSupport.TypeVarBoundedType>>[] typeVariableArray0 = (TypeVariable<Class<GenericMetadataSupport.TypeVarBoundedType>>[]) Array.newInstance(TypeVariable.class, 2), assignment statement: typeVariableArray0[0] = (TypeVariable<Class<GenericMetadataSupport.TypeVarBoundedType>>) typeVariableArray0; SUT=org.mockito.internal.util.reflection.GenericMetadataSupport
[MASTER] 09:24:31.880 [logback-2] ERROR AbstractStatement - Error assigning value of type TypeVariable[] defined at statement TypeVariable<Method>[] typeVariableArray0 = (TypeVariable<Method>[]) Array.newInstance(TypeVariable.class, 4), assignment statement: typeVariableArray0[0] = (TypeVariable<Method>) typeVariableArray0; SUT=org.mockito.internal.util.reflection.GenericMetadataSupport
[MASTER] 09:24:31.997 [logback-2] ERROR AbstractStatement - Error assigning value of type TypeVariable[] defined at statement TypeVariable<Method>[] typeVariableArray0 = (TypeVariable<Method>[]) Array.newInstance(TypeVariable.class, 2), assignment statement: typeVariableArray0[0] = (TypeVariable<Method>) typeVariableArray0; SUT=org.mockito.internal.util.reflection.GenericMetadataSupport
[MASTER] 09:24:32.660 [logback-2] ERROR AbstractStatement - Error assigning value of type TypeVariable[] defined at statement TypeVariable<Method>[] typeVariableArray0 = (TypeVariable<Method>[]) Array.newInstance(TypeVariable.class, 2), assignment statement: typeVariableArray0[0] = (TypeVariable<Method>) typeVariableArray0; SUT=org.mockito.internal.util.reflection.GenericMetadataSupport
[MASTER] 09:24:34.191 [logback-2] ERROR AbstractStatement - Error assigning value of type TypeVariable[] defined at statement TypeVariable<Method>[] typeVariableArray0 = (TypeVariable<Method>[]) Array.newInstance(TypeVariable.class, 8), assignment statement: typeVariableArray0[0] = (TypeVariable<Method>) typeVariableArray0; SUT=org.mockito.internal.util.reflection.GenericMetadataSupport
[MASTER] 09:24:38.720 [logback-2] ERROR AbstractStatement - Error assigning value of type TypeVariable[] defined at statement TypeVariable<Method>[] typeVariableArray0 = (TypeVariable<Method>[]) Array.newInstance(TypeVariable.class, 1), assignment statement: typeVariableArray0[0] = (TypeVariable<Method>) typeVariableArray0; SUT=org.mockito.internal.util.reflection.GenericMetadataSupport
[MASTER] 09:24:43.322 [logback-2] ERROR AbstractStatement - Error assigning value of type TypeVariable[] defined at statement TypeVariable<Class<String>>[] typeVariableArray0 = (TypeVariable<Class<String>>[]) Array.newInstance(TypeVariable.class, 1), assignment statement: typeVariableArray0[0] = (TypeVariable<Class<String>>) typeVariableArray0; SUT=org.mockito.internal.util.reflection.GenericMetadataSupport
[MASTER] 09:24:44.636 [logback-2] ERROR AbstractStatement - Error assigning value of type TypeVariable[] defined at statement TypeVariable<Method>[] typeVariableArray0 = (TypeVariable<Method>[]) Array.newInstance(TypeVariable.class, 3), assignment statement: typeVariableArray0[0] = (TypeVariable<Method>) typeVariableArray0; SUT=org.mockito.internal.util.reflection.GenericMetadataSupport
[MASTER] 09:24:44.996 [logback-2] ERROR AbstractStatement - Error assigning value of type TypeVariable[] defined at statement TypeVariable<Method>[] typeVariableArray0 = (TypeVariable<Method>[]) Array.newInstance(TypeVariable.class, 5), assignment statement: typeVariableArray0[0] = (TypeVariable<Method>) typeVariableArray0; SUT=org.mockito.internal.util.reflection.GenericMetadataSupport
[MASTER] 09:24:46.901 [logback-2] ERROR AbstractStatement - Error assigning value of type TypeVariable[] defined at statement TypeVariable<Method>[] typeVariableArray0 = (TypeVariable<Method>[]) Array.newInstance(TypeVariable.class, 7), assignment statement: typeVariableArray0[0] = (TypeVariable<Method>) typeVariableArray0; SUT=org.mockito.internal.util.reflection.GenericMetadataSupport
[MASTER] 09:24:48.066 [logback-2] ERROR AbstractStatement - Error assigning value of type TypeVariable[] defined at statement TypeVariable<Method>[] typeVariableArray0 = (TypeVariable<Method>[]) Array.newInstance(TypeVariable.class, 6), assignment statement: typeVariableArray0[0] = (TypeVariable<Method>) typeVariableArray0; SUT=org.mockito.internal.util.reflection.GenericMetadataSupport
[MASTER] 09:24:59.657 [logback-2] ERROR AbstractStatement - Error assigning value of type TypeVariable[] defined at statement TypeVariable<Method>[] typeVariableArray0 = (TypeVariable<Method>[]) Array.newInstance(TypeVariable.class, 8), assignment statement: typeVariableArray0[0] = (TypeVariable<Method>) typeVariableArray0; SUT=org.mockito.internal.util.reflection.GenericMetadataSupport
[MASTER] 09:25:00.340 [logback-2] ERROR AbstractStatement - Error assigning value of type TypeVariable[] defined at statement TypeVariable<Method>[] typeVariableArray0 = (TypeVariable<Method>[]) Array.newInstance(TypeVariable.class, 4), assignment statement: typeVariableArray0[0] = (TypeVariable<Method>) typeVariableArray0; SUT=org.mockito.internal.util.reflection.GenericMetadataSupport
[MASTER] 09:25:11.643 [logback-2] ERROR AbstractStatement - Error assigning value of type TypeVariable[] defined at statement TypeVariable<Method>[] typeVariableArray0 = (TypeVariable<Method>[]) Array.newInstance(TypeVariable.class, 4), assignment statement: typeVariableArray0[0] = (TypeVariable<Method>) typeVariableArray0; SUT=org.mockito.internal.util.reflection.GenericMetadataSupport
[MASTER] 09:25:12.100 [logback-2] ERROR AbstractStatement - Error assigning value of type TypeVariable[] defined at statement TypeVariable<Class<String>>[] typeVariableArray0 = (TypeVariable<Class<String>>[]) Array.newInstance(TypeVariable.class, 1), assignment statement: typeVariableArray0[0] = (TypeVariable<Class<String>>) typeVariableArray0; SUT=org.mockito.internal.util.reflection.GenericMetadataSupport
[MASTER] 09:25:12.198 [logback-2] ERROR AbstractStatement - Error assigning value of type TypeVariable[] defined at statement TypeVariable<Class<String>>[] typeVariableArray0 = (TypeVariable<Class<String>>[]) Array.newInstance(TypeVariable.class, 2), assignment statement: typeVariableArray0[0] = (TypeVariable<Class<String>>) typeVariableArray0; SUT=org.mockito.internal.util.reflection.GenericMetadataSupport
[MASTER] 09:25:12.230 [logback-2] ERROR AbstractStatement - Error assigning value of type TypeVariable[] defined at statement TypeVariable<Class<String>>[] typeVariableArray0 = (TypeVariable<Class<String>>[]) Array.newInstance(TypeVariable.class, 2), assignment statement: typeVariableArray0[0] = (TypeVariable<Class<String>>) typeVariableArray0; SUT=org.mockito.internal.util.reflection.GenericMetadataSupport
* Search finished after 101s and 2221 generations, 317014 statements, best individual has fitness: 102.0
* Minimizing test suite
* Going to analyze the coverage criteria
* Coverage analysis for criterion BRANCH
* Coverage of criterion BRANCH: 23%
* Total number of goals: 110
* Number of covered goals: 25
* Generated 13 tests with total length 43
* Resulting test suite's coverage: 23%
* Generating assertions
* Resulting test suite's mutation score: 7%
* Writing JUnit test case 'GenericMetadataSupport_ESTest' to evosuite-branch
* Done!

* Computation finished
