* EvoSuite 1.0.6
* Going to generate test cases for class: org.mockito.internal.invocation.InvocationMatcher
* Starting client
* Connecting to master process on port 18539
* Analyzing classpath: 
  - /tmp/run_evosuite.pl_69574_1545671183/build/classes/main
  - /d4j/defects4j/framework/projects/Mockito/lib/asm-all-5.0.4.jar
  - /d4j/defects4j/framework/projects/Mockito/lib/assertj-core-2.1.0.jar
  - /d4j/defects4j/framework/projects/Mockito/lib/cglib-and-asm-1.0.jar
  - /d4j/defects4j/framework/projects/Mockito/lib/cobertura-2.0.3.jar
  - /d4j/defects4j/framework/projects/Mockito/lib/fest-assert-1.3.jar
  - /d4j/defects4j/framework/projects/Mockito/lib/fest-util-1.1.4.jar
  - /d4j/defects4j/framework/projects/Mockito/lib/hamcrest-all-1.3.jar
  - /d4j/defects4j/framework/projects/Mockito/lib/hamcrest-core-1.1.jar
  - /d4j/defects4j/framework/projects/Mockito/lib/objenesis-2.1.jar
  - /d4j/defects4j/framework/projects/Mockito/lib/objenesis-2.2.jar
  - /d4j/defects4j/framework/projects/Mockito/lib/powermock-reflect-1.2.5.jar
  - /tmp/run_evosuite.pl_69574_1545671183/compileLib/byte-buddy-0.6.8.jar
* Finished analyzing classpath
* Generating tests for class org.mockito.internal.invocation.InvocationMatcher
* Test criterion:
  - Branch Coverage
* Setting up search algorithm for whole suite generation
* Total number of test goals: 65
* Using seed 2000
* Starting evolution
[MASTER] 09:06:57.955 [logback-2] ERROR TestCluster - Failed to check cache for org.hamcrest.beans.HasProperty<T> : Type points to itself
[MASTER] 09:06:57.955 [logback-2] ERROR TestCluster - Failed to check cache for org.hamcrest.beans.HasPropertyWithValue<T> : Type points to itself
[MASTER] 09:06:57.955 [logback-2] ERROR TestCluster - Failed to check cache for org.hamcrest.beans.SamePropertyValuesAs<T> : Type points to itself
[MASTER] 09:06:57.955 [logback-2] ERROR TestCluster - Failed to check cache for org.hamcrest.beans.SamePropertyValuesAs<T>.PropertyMatcher : Type points to itself
[MASTER] 09:06:57.955 [logback-2] ERROR TestCluster - Failed to check cache for org.hamcrest.collection.IsArray<T> : Type points to itself
[MASTER] 09:06:57.955 [logback-2] ERROR TestCluster - Failed to check cache for org.hamcrest.collection.IsArrayContaining<T> : Type points to itself
[MASTER] 09:06:57.955 [logback-2] ERROR TestCluster - Failed to check cache for org.hamcrest.collection.IsArrayContainingInAnyOrder<E> : Type points to itself
[MASTER] 09:06:57.955 [logback-2] ERROR TestCluster - Failed to check cache for org.hamcrest.collection.IsArrayContainingInOrder<E> : Type points to itself
[MASTER] 09:06:57.955 [logback-2] ERROR TestCluster - Failed to check cache for org.hamcrest.collection.IsArrayWithSize<E> : Type points to itself
[MASTER] 09:06:57.956 [logback-2] ERROR TestCluster - Failed to check cache for org.hamcrest.collection.IsCollectionWithSize<E> : Type points to itself
[MASTER] 09:06:57.956 [logback-2] ERROR TestCluster - Failed to check cache for org.hamcrest.collection.IsEmptyCollection<E> : Type points to itself
[MASTER] 09:06:57.956 [logback-2] ERROR TestCluster - Failed to check cache for org.hamcrest.collection.IsEmptyIterable<E> : Type points to itself
[MASTER] 09:06:57.956 [logback-2] ERROR TestCluster - Failed to check cache for org.hamcrest.collection.IsIn<T> : Type points to itself
[MASTER] 09:06:57.956 [logback-2] ERROR TestCluster - Failed to check cache for org.hamcrest.collection.IsIterableContainingInAnyOrder<T> : Type points to itself
[MASTER] 09:06:57.956 [logback-2] ERROR TestCluster - Failed to check cache for org.hamcrest.collection.IsIterableContainingInOrder<E> : Type points to itself
[MASTER] 09:06:57.956 [logback-2] ERROR TestCluster - Failed to check cache for org.hamcrest.collection.IsIterableWithSize<E> : Type points to itself
[MASTER] 09:06:57.956 [logback-2] ERROR TestCluster - Failed to check cache for org.hamcrest.collection.IsMapContaining<K, V> : Type points to itself
[MASTER] 09:06:57.956 [logback-2] ERROR TestCluster - Failed to check cache for org.hamcrest.core.AllOf<T> : Type points to itself
[MASTER] 09:06:57.956 [logback-2] ERROR TestCluster - Failed to check cache for org.hamcrest.core.AnyOf<T> : Type points to itself
[MASTER] 09:06:57.956 [logback-2] ERROR TestCluster - Failed to check cache for org.hamcrest.core.CombinableMatcher<T> : Type points to itself
[MASTER] 09:06:57.956 [logback-2] ERROR TestCluster - Failed to check cache for org.hamcrest.core.DescribedAs<T> : Type points to itself
[MASTER] 09:06:57.956 [logback-2] ERROR TestCluster - Failed to check cache for org.hamcrest.core.Every<T> : Type points to itself
[MASTER] 09:06:57.956 [logback-2] ERROR TestCluster - Failed to check cache for org.hamcrest.core.Is<T> : Type points to itself
[MASTER] 09:06:57.956 [logback-2] ERROR TestCluster - Failed to check cache for org.hamcrest.core.IsAnything<T> : Type points to itself
[MASTER] 09:06:57.956 [logback-2] ERROR TestCluster - Failed to check cache for org.hamcrest.core.IsCollectionContaining<T> : Type points to itself
[MASTER] 09:06:57.956 [logback-2] ERROR TestCluster - Failed to check cache for org.hamcrest.core.IsEqual<T> : Type points to itself
[MASTER] 09:06:57.957 [logback-2] ERROR TestCluster - Failed to check cache for org.hamcrest.core.IsNot<T> : Type points to itself
[MASTER] 09:06:57.957 [logback-2] ERROR TestCluster - Failed to check cache for org.hamcrest.core.IsNull<T> : Type points to itself
[MASTER] 09:06:57.957 [logback-2] ERROR TestCluster - Failed to check cache for org.hamcrest.core.IsSame<T> : Type points to itself
[MASTER] 09:06:57.957 [logback-2] ERROR TestCluster - Failed to check cache for org.hamcrest.object.HasToString<T> : Type points to itself
[MASTER] 09:06:57.958 [logback-2] ERROR TestCluster - Failed to check cache for org.hamcrest.object.IsCompatibleType<T> : Type points to itself
[MASTER] 09:06:57.959 [logback-2] ERROR TestCluster - Failed to check cache for org.mockito.internal.matchers.CapturingMatcher<T> : Type points to itself
[MASTER] 09:06:57.959 [logback-2] ERROR TestCluster - Failed to check cache for org.mockito.internal.matchers.VarargCapturingMatcher<T> : Type points to itself
[MASTER] 09:07:25.792 [logback-2] ERROR TestCluster - Failed to check cache for java.util.Comparator<T> : Type points to itself
[MASTER] 09:07:26.431 [logback-1] WARN  TestChromosome - Functional mock problem: org.evosuite.ga.ConstructionFailedException: Have no generator for class org.mockito.internal.invocation.InvocationImpl canUseFunctionalMocks=false, canBeMocked: true
[MASTER] 09:07:31.827 [logback-1] WARN  TestChromosome - Functional mock problem: org.evosuite.ga.ConstructionFailedException: Failed to add constructor for org.mockito.internal.stubbing.StubbedInvocationMatcher due to org.evosuite.ga.ConstructionFailedException: Failed to add constructor for org.mockito.internal.invocation.InvocationMatcher due to org.evosuite.ga.ConstructionFailedException: Failed to add constructor for org.mockito.internal.invocation.InvocationImpl due to org.evosuite.ga.ConstructionFailedException: Failed to add constructor for org.mockito.internal.invocation.SerializableMethod due to org.evosuite.ga.ConstructionFailedException: Have no generator for class org.mockito.internal.invocation.InvocationImpl canUseFunctionalMocks=false, canBeMocked: true
[MASTER] 09:07:31.911 [logback-1] WARN  TestChromosome - Functional mock problem: org.evosuite.ga.ConstructionFailedException: Have no generator for class java.lang.reflect.Method canUseFunctionalMocks=true, canBeMocked: false
[MASTER] 09:07:34.884 [logback-1] WARN  TestChromosome - Functional mock problem: org.evosuite.ga.ConstructionFailedException: Failed to add constructor for org.mockito.internal.invocation.InvocationMatcher due to org.evosuite.ga.ConstructionFailedException: Failed to add constructor for org.mockito.internal.invocation.InvocationImpl due to org.evosuite.ga.ConstructionFailedException: Failed to add constructor for org.mockito.internal.invocation.SerializableMethod due to org.evosuite.ga.ConstructionFailedException: Have no generator for class org.mockito.internal.invocation.InvocationImpl canUseFunctionalMocks=false, canBeMocked: true
[MASTER] 09:07:37.138 [logback-1] WARN  TestChromosome - Functional mock problem: org.evosuite.ga.ConstructionFailedException: Failed to add constructor for org.mockito.internal.invocation.InvocationImpl due to org.evosuite.ga.ConstructionFailedException: Failed to add constructor for org.mockito.internal.invocation.SerializableMethod due to org.evosuite.ga.ConstructionFailedException: Failed to add constructor for org.mockito.internal.stubbing.StubbedInvocationMatcher due to org.evosuite.ga.ConstructionFailedException: Failed to add constructor for org.mockito.internal.invocation.InvocationMatcher due to org.evosuite.ga.ConstructionFailedException: Max recursion depth reached
[MASTER] 09:07:45.518 [logback-1] WARN  TestChromosome - Functional mock problem: org.evosuite.ga.ConstructionFailedException: Failed to add constructor for org.mockito.internal.invocation.InvocationImpl due to org.evosuite.ga.ConstructionFailedException: Failed to add constructor for org.mockito.internal.invocation.SerializableMethod due to org.evosuite.ga.ConstructionFailedException: Failed to add constructor for org.mockito.internal.invocation.InvocationMatcher due to org.evosuite.ga.ConstructionFailedException: Failed to add constructor for org.mockito.internal.stubbing.StubbedInvocationMatcher due to org.evosuite.ga.ConstructionFailedException: Max recursion depth reached
[MASTER] 09:07:46.531 [logback-1] WARN  TestChromosome - Functional mock problem: org.evosuite.ga.ConstructionFailedException: Failed to add constructor for org.mockito.internal.invocation.InvocationMatcher due to org.evosuite.ga.ConstructionFailedException: Failed to add constructor for org.mockito.internal.stubbing.StubbedInvocationMatcher due to org.evosuite.ga.ConstructionFailedException: Have no generator for class org.mockito.internal.invocation.InvocationMatcher canUseFunctionalMocks=true, canBeMocked: false
[MASTER] 09:07:47.570 [logback-1] WARN  TestChromosome - Functional mock problem: org.evosuite.ga.ConstructionFailedException: Failed to add constructor for org.mockito.internal.invocation.InvocationImpl due to org.evosuite.ga.ConstructionFailedException: Failed to add constructor for org.mockito.internal.invocation.InvocationMatcher due to org.evosuite.ga.ConstructionFailedException: Failed to add constructor for org.mockito.internal.stubbing.StubbedInvocationMatcher due to org.evosuite.ga.ConstructionFailedException: Max recursion depth reached
* Search finished after 101s and 380 generations, 49751 statements, best individual has fitness: 61.0
* Minimizing test suite
* Going to analyze the coverage criteria
* Coverage analysis for criterion BRANCH
* Coverage of criterion BRANCH: 12%
* Total number of goals: 65
* Number of covered goals: 8
* Generated 3 tests with total length 10
* Resulting test suite's coverage: 14%
* Generating assertions
* Resulting test suite's mutation score: 2%
* Writing JUnit test case 'InvocationMatcher_ESTest' to evosuite-branch
* Done!

* Computation finished
